-----------------------------------------------------------------
NOTICE: Processing operation=gx protocol=refGene

NOTICE: Running with system command <annotate_variation.pl -geneanno -buildver hg19 -dbtype refGene -outfile amp.annovar.refGene -exonsort amp.avinput /opt/tools/annovar/humandb/>
NOTICE: Output files were written to amp.annovar.refGene.variant_function, amp.annovar.refGene.exonic_variant_function
NOTICE: Reading gene annotation from /opt/tools/annovar/humandb/hg19_refGene.txt ... Done with 63481 transcripts (including 15216 without coding sequence annotation) for 27720 unique genes
NOTICE: Processing next batch with 388 unique variants in 388 input lines
NOTICE: Reading FASTA sequences from /opt/tools/annovar/humandb/hg19_refGeneMrna.fa ... Done with 465 sequences
WARNING: A total of 405 sequences will be ignored due to lack of correct ORF annotation

NOTICE: Running with system command <coding_change.pl amp.annovar.refGene.exonic_variant_function.orig /opt/tools/annovar/humandb//hg19_refGene.txt /opt/tools/annovar/humandb//hg19_refGeneMrna.fa -alltranscript -out amp.annovar.refGene.fa -newevf amp.annovar.refGene.exonic_variant_function>
NOTICE: The xrefkey is provided in header as <pLi pRec pNull Gene_full_name Function_description Disease_description Tissue_specificity(Uniprot) Expression(egenetics) Expression(GNF/Atlas) P(HI) P(rec) RVIS RVIS_percentile GDI GDI-Phred>
NOTICE: Finished reading 597255 cross references (each with 15 fields) from /opt/tools/annovar/example/gene_fullxref.txt
-----------------------------------------------------------------
NOTICE: Processing operation=r protocol=cytoBand

NOTICE: Running with system command <annotate_variation.pl -regionanno -dbtype cytoBand -buildver hg19 -outfile amp.annovar amp.avinput /opt/tools/annovar/humandb/>
NOTICE: Output file is written to amp.annovar.hg19_cytoBand
NOTICE: Reading annotation database /opt/tools/annovar/humandb/hg19_cytoBand.txt ... Done with 862 regions
NOTICE: Finished region-based annotation on 388 genetic variants
-----------------------------------------------------------------
NOTICE: Processing operation=f protocol=cosmic70

NOTICE: Running system command <annotate_variation.pl -filter -dbtype cosmic70 -buildver hg19 -outfile amp.annovar amp.avinput /opt/tools/annovar/humandb/>
NOTICE: the --dbtype cosmic70 is assumed to be in generic ANNOVAR database format
NOTICE: Variants matching filtering criteria are written to amp.annovar.hg19_cosmic70_dropped, other variants are written to amp.annovar.hg19_cosmic70_filtered
NOTICE: Processing next batch with 388 unique variants in 388 input lines
NOTICE: Database index loaded. Total number of bins is 232279 and the number of bins to be scanned is 241
NOTICE: Scanning filter database /opt/tools/annovar/humandb/hg19_cosmic70.txt...Done
-----------------------------------------------------------------
NOTICE: Processing operation=f protocol=exac03
NOTICE: Finished reading 8 column headers for '-dbtype exac03'

NOTICE: Running system command <annotate_variation.pl -filter -dbtype exac03 -buildver hg19 -outfile amp.annovar amp.avinput /opt/tools/annovar/humandb/ -otherinfo>
NOTICE: the --dbtype exac03 is assumed to be in generic ANNOVAR database format
NOTICE: Variants matching filtering criteria are written to amp.annovar.hg19_exac03_dropped, other variants are written to amp.annovar.hg19_exac03_filtered
NOTICE: Processing next batch with 388 unique variants in 388 input lines
NOTICE: Database index loaded. Total number of bins is 749886 and the number of bins to be scanned is 297
NOTICE: Scanning filter database /opt/tools/annovar/humandb/hg19_exac03.txt...Done
-----------------------------------------------------------------
NOTICE: Processing operation=f protocol=gnomad_genome
NOTICE: Finished reading 8 column headers for '-dbtype gnomad_genome'

NOTICE: Running system command <annotate_variation.pl -filter -dbtype gnomad_genome -buildver hg19 -outfile amp.annovar amp.avinput /opt/tools/annovar/humandb/ -otherinfo>
NOTICE: the --dbtype gnomad_genome is assumed to be in generic ANNOVAR database format
NOTICE: Variants matching filtering criteria are written to amp.annovar.hg19_gnomad_genome_dropped, other variants are written to amp.annovar.hg19_gnomad_genome_filtered
NOTICE: Processing next batch with 388 unique variants in 388 input lines
NOTICE: Database index loaded. Total number of bins is 28127612 and the number of bins to be scanned is 297
NOTICE: Scanning filter database /opt/tools/annovar/humandb/hg19_gnomad_genome.txt...Done
-----------------------------------------------------------------
NOTICE: Processing operation=f protocol=avsnp147

NOTICE: Running system command <annotate_variation.pl -filter -dbtype avsnp147 -buildver hg19 -outfile amp.annovar amp.avinput /opt/tools/annovar/humandb/>
NOTICE: Variants matching filtering criteria are written to amp.annovar.hg19_avsnp147_dropped, other variants are written to amp.annovar.hg19_avsnp147_filtered
NOTICE: Processing next batch with 388 unique variants in 388 input lines
NOTICE: Database index loaded. Total number of bins is 27868332 and the number of bins to be scanned is 297
NOTICE: Scanning filter database /opt/tools/annovar/humandb/hg19_avsnp147.txt...Done
-----------------------------------------------------------------
NOTICE: Processing operation=f protocol=clinvar_20190305
NOTICE: Finished reading 5 column headers for '-dbtype clinvar_20190305'

NOTICE: Running system command <annotate_variation.pl -filter -dbtype clinvar_20190305 -buildver hg19 -outfile amp.annovar amp.avinput /opt/tools/annovar/humandb/ -otherinfo>
NOTICE: the --dbtype clinvar_20190305 is assumed to be in generic ANNOVAR database format
NOTICE: Variants matching filtering criteria are written to amp.annovar.hg19_clinvar_20190305_dropped, other variants are written to amp.annovar.hg19_clinvar_20190305_filtered
NOTICE: Processing next batch with 388 unique variants in 388 input lines
NOTICE: Database index loaded. Total number of bins is 45822 and the number of bins to be scanned is 76
NOTICE: Scanning filter database /opt/tools/annovar/humandb/hg19_clinvar_20190305.txt...Done
-----------------------------------------------------------------
NOTICE: Processing operation=f protocol=HGMD.v4
NOTICE: Finished reading 1 column headers for '-dbtype HGMD.v4'

NOTICE: Running system command <annotate_variation.pl -filter -dbtype HGMD.v4 -buildver hg19 -outfile amp.annovar amp.avinput /opt/tools/annovar/humandb/ -otherinfo>
NOTICE: the --dbtype HGMD.v4 is assumed to be in generic ANNOVAR database format
NOTICE: Variants matching filtering criteria are written to amp.annovar.hg19_HGMD.v4_dropped, other variants are written to amp.annovar.hg19_HGMD.v4_filtered
NOTICE: Processing next batch with 388 unique variants in 388 input lines
NOTICE: Database index loaded. Total number of bins is 42396 and the number of bins to be scanned is 69
NOTICE: Scanning filter database /opt/tools/annovar/humandb/hg19_HGMD.v4.txt...Done
-----------------------------------------------------------------
NOTICE: Multianno output file is written to amp.annovar.hg19_multianno.txt
