Using GATK jar /opt/biogrids/x86_64-linux/gatk/4.2.5.0/bin/gatk-package-4.2.5.0-local.jar
Running:
    java -Dsamjdk.use_async_io_read_samtools=false -Dsamjdk.use_async_io_write_samtools=true -Dsamjdk.use_async_io_write_tribble=false -Dsamjdk.compression_level=2 -XX:+UseSerialGC -Xms2G -Xmx2G -Djava.io.tmpdir=./log/ -jar /opt/biogrids/x86_64-linux/gatk/4.2.5.0/bin/gatk-package-4.2.5.0-local.jar Mutect2 -R /data/references/b37/human_g1k_v37_decoy.fasta -I bam/1C_amp.sorted.RGadded.realigend.fixed.recal.bam -I bam/1F_amp.sorted.RGadded.realigend.fixed.recal.bam -tumor 1C_amp/1C_amp.bam -normal 1F_amp/1F_amp.bam -O amp.somatic.vcf.gz --native-pair-hmm-threads 2 -L bed/total.merged.bed
13:42:31.578 INFO  NativeLibraryLoader - Loading libgkl_compression.so from jar:file:/opt/biogrids/x86_64-linux/gatk/4.2.5.0/bin/gatk-package-4.2.5.0-local.jar!/com/intel/gkl/native/libgkl_compression.so
Jul 05, 2022 1:42:31 PM shaded.cloud_nio.com.google.auth.oauth2.ComputeEngineCredentials runningOnComputeEngine
INFO: Failed to detect whether we are running on Google Compute Engine.
13:42:31.691 INFO  Mutect2 - ------------------------------------------------------------
13:42:31.691 INFO  Mutect2 - The Genome Analysis Toolkit (GATK) v4.2.5.0
13:42:31.691 INFO  Mutect2 - For support and documentation go to https://software.broadinstitute.org/gatk/
13:42:31.692 INFO  Mutect2 - Executing as mjcho@compgen on Linux v3.10.0-1160.el7.x86_64 amd64
13:42:31.692 INFO  Mutect2 - Java runtime: OpenJDK 64-Bit Server VM v1.8.0_322-b06
13:42:31.692 INFO  Mutect2 - Start Date/Time: July 5, 2022 1:42:31 PM KST
13:42:31.692 INFO  Mutect2 - ------------------------------------------------------------
13:42:31.692 INFO  Mutect2 - ------------------------------------------------------------
13:42:31.692 INFO  Mutect2 - HTSJDK Version: 2.24.1
13:42:31.692 INFO  Mutect2 - Picard Version: 2.25.4
13:42:31.692 INFO  Mutect2 - Built for Spark Version: 2.4.5
13:42:31.692 INFO  Mutect2 - HTSJDK Defaults.COMPRESSION_LEVEL : 2
13:42:31.692 INFO  Mutect2 - HTSJDK Defaults.USE_ASYNC_IO_READ_FOR_SAMTOOLS : false
13:42:31.692 INFO  Mutect2 - HTSJDK Defaults.USE_ASYNC_IO_WRITE_FOR_SAMTOOLS : true
13:42:31.692 INFO  Mutect2 - HTSJDK Defaults.USE_ASYNC_IO_WRITE_FOR_TRIBBLE : false
13:42:31.693 INFO  Mutect2 - Deflater: IntelDeflater
13:42:31.693 INFO  Mutect2 - Inflater: IntelInflater
13:42:31.693 INFO  Mutect2 - GCS max retries/reopens: 20
13:42:31.693 INFO  Mutect2 - Requester pays: disabled
13:42:31.693 INFO  Mutect2 - Initializing engine
WARNING: BAM index file /scratch/2022_summer_internship/mjcho/week5_somatic_variant/bam/1C_amp.sorted.RGadded.realigend.fixed.recal.bai is older than BAM /scratch/2022_summer_internship/mjcho/week5_somatic_variant/bam/1C_amp.sorted.RGadded.realigend.fixed.recal.bam
WARNING: BAM index file /scratch/2022_summer_internship/mjcho/week5_somatic_variant/bam/1F_amp.sorted.RGadded.realigend.fixed.recal.bai is older than BAM /scratch/2022_summer_internship/mjcho/week5_somatic_variant/bam/1F_amp.sorted.RGadded.realigend.fixed.recal.bam
13:42:32.069 INFO  FeatureManager - Using codec BEDCodec to read file file:///scratch/2022_summer_internship/mjcho/week5_somatic_variant/bed/total.merged.bed
13:42:32.082 INFO  IntervalArgumentCollection - Processing 67128 bp from intervals
13:42:32.092 INFO  Mutect2 - Done initializing engine
13:42:32.110 INFO  NativeLibraryLoader - Loading libgkl_utils.so from jar:file:/opt/biogrids/x86_64-linux/gatk/4.2.5.0/bin/gatk-package-4.2.5.0-local.jar!/com/intel/gkl/native/libgkl_utils.so
13:42:32.111 INFO  NativeLibraryLoader - Loading libgkl_pairhmm_omp.so from jar:file:/opt/biogrids/x86_64-linux/gatk/4.2.5.0/bin/gatk-package-4.2.5.0-local.jar!/com/intel/gkl/native/libgkl_pairhmm_omp.so
13:42:32.152 INFO  IntelPairHmm - Using CPU-supported AVX-512 instructions
13:42:32.153 INFO  IntelPairHmm - Flush-to-zero (FTZ) is enabled when running PairHMM
13:42:32.153 INFO  IntelPairHmm - Available threads: 2
13:42:32.153 INFO  IntelPairHmm - Requested threads: 2
13:42:32.153 INFO  PairHMM - Using the OpenMP multi-threaded AVX-accelerated native PairHMM implementation
13:42:32.183 INFO  ProgressMeter - Starting traversal
13:42:32.190 INFO  ProgressMeter -        Current Locus  Elapsed Minutes     Regions Processed   Regions/Minute
13:42:44.209 INFO  ProgressMeter -           1:35920039              0.2                    20             99.9
13:42:57.508 INFO  ProgressMeter -           1:84945015              0.4                    40             94.8
13:43:10.554 INFO  ProgressMeter -          1:201184187              0.6                    60             93.8
13:43:35.420 INFO  ProgressMeter -          1:230914715              1.1                    80             75.9
13:43:50.884 INFO  ProgressMeter -           2:54035432              1.3                    90             68.6
13:44:01.677 INFO  ProgressMeter -           2:71221860              1.5                   100             67.0
13:44:35.623 INFO  ProgressMeter -          2:121989452              2.1                   120             58.3
13:44:52.465 INFO  ProgressMeter -          2:219903144              2.3                   140             59.9
13:45:07.738 INFO  ProgressMeter -          2:231406603              2.6                   150             57.9
13:45:24.631 INFO  ProgressMeter -          2:234473998              2.9                   160             55.7
13:45:46.051 INFO  ProgressMeter -           3:39161445              3.2                   180             55.7
13:46:03.866 INFO  ProgressMeter -          3:111993740              3.5                   200             56.7
13:46:27.043 INFO  ProgressMeter -          3:145938705              3.9                   220             56.2
13:46:41.568 INFO  ProgressMeter -           4:23814640              4.2                   240             57.7
13:48:05.933 INFO  VectorLoglessPairHMM - Time spent in setup for JNI call : 0.040948164
13:48:05.934 INFO  PairHMM - Total compute time in PairHMM computeLogLikelihoods() : 17.06025693
13:48:05.935 INFO  SmithWatermanAligner - Total compute time in java Smith-Waterman : 7.38 sec
13:48:05.944 INFO  Mutect2 - Shutting down engine
[July 5, 2022 1:48:05 PM KST] org.broadinstitute.hellbender.tools.walkers.mutect.Mutect2 done. Elapsed time: 5.57 minutes.
Runtime.totalMemory()=2075918336
Exception in thread "main" java.lang.OutOfMemoryError: Java heap space
	at java.lang.String.<init>(String.java:325)
	at htsjdk.samtools.util.StringUtil.bytesToString(StringUtil.java:301)
	at htsjdk.samtools.util.StringUtil.bytesToString(StringUtil.java:288)
	at htsjdk.samtools.BinaryTagCodec.readNullTerminatedString(BinaryTagCodec.java:423)
	at htsjdk.samtools.BinaryTagCodec.readSingleValue(BinaryTagCodec.java:318)
	at htsjdk.samtools.BinaryTagCodec.readTags(BinaryTagCodec.java:282)
	at htsjdk.samtools.BAMRecord.decodeAttributes(BAMRecord.java:412)
	at htsjdk.samtools.BAMRecord.getAttribute(BAMRecord.java:391)
	at htsjdk.samtools.SAMRecord.getAttribute(SAMRecord.java:1169)
	at htsjdk.samtools.MergingSamRecordIterator.next(MergingSamRecordIterator.java:136)
	at htsjdk.samtools.MergingSamRecordIterator.next(MergingSamRecordIterator.java:37)
	at org.broadinstitute.hellbender.utils.iterators.SAMRecordToReadIterator.next(SAMRecordToReadIterator.java:27)
	at org.broadinstitute.hellbender.utils.iterators.SAMRecordToReadIterator.next(SAMRecordToReadIterator.java:13)
	at org.broadinstitute.hellbender.utils.iterators.ReadTransformingIterator.next(ReadTransformingIterator.java:42)
	at org.broadinstitute.hellbender.utils.iterators.ReadTransformingIterator.next(ReadTransformingIterator.java:14)
	at org.broadinstitute.hellbender.utils.iterators.ReadFilteringIterator.loadNextRead(ReadFilteringIterator.java:53)
	at org.broadinstitute.hellbender.utils.iterators.ReadFilteringIterator.next(ReadFilteringIterator.java:47)
	at org.broadinstitute.hellbender.utils.iterators.ReadFilteringIterator.next(ReadFilteringIterator.java:13)
	at org.broadinstitute.hellbender.utils.iterators.ReadTransformingIterator.next(ReadTransformingIterator.java:42)
	at org.broadinstitute.hellbender.utils.iterators.ReadTransformingIterator.next(ReadTransformingIterator.java:14)
	at org.broadinstitute.hellbender.utils.iterators.PushToPullIterator.fillCache(PushToPullIterator.java:72)
	at org.broadinstitute.hellbender.utils.iterators.PushToPullIterator.advanceToNextElement(PushToPullIterator.java:58)
	at org.broadinstitute.hellbender.utils.iterators.PushToPullIterator.next(PushToPullIterator.java:52)
	at org.broadinstitute.hellbender.utils.iterators.ReadCachingIterator.next(ReadCachingIterator.java:42)
	at org.broadinstitute.hellbender.utils.iterators.ReadCachingIterator.next(ReadCachingIterator.java:17)
	at htsjdk.samtools.util.PeekableIterator.advance(PeekableIterator.java:71)
	at htsjdk.samtools.util.PeekableIterator.next(PeekableIterator.java:57)
	at org.broadinstitute.hellbender.utils.locusiterator.ReadStateManager.collectPendingReads(ReadStateManager.java:160)
	at org.broadinstitute.hellbender.utils.locusiterator.LocusIteratorByState.lazyLoadNextAlignmentContext(LocusIteratorByState.java:315)
	at org.broadinstitute.hellbender.utils.locusiterator.LocusIteratorByState.hasNext(LocusIteratorByState.java:252)
	at org.broadinstitute.hellbender.utils.locusiterator.IntervalAlignmentContextIterator.advanceAlignmentContext(IntervalAlignmentContextIterator.java:104)
	at org.broadinstitute.hellbender.utils.locusiterator.IntervalAlignmentContextIterator.advanceAlignmentContextToCurrentInterval(IntervalAlignmentContextIterator.java:99)
