Using GATK jar /opt/biogrids/x86_64-linux/gatk/4.2.5.0/bin/gatk-package-4.2.5.0-local.jar
Running:
    java -Dsamjdk.use_async_io_read_samtools=false -Dsamjdk.use_async_io_write_samtools=true -Dsamjdk.use_async_io_write_tribble=false -Dsamjdk.compression_level=2 -XX:+UseSerialGC -Xms2G -Xmx2G -Djava.io.tmpdir=./log/ -jar /opt/biogrids/x86_64-linux/gatk/4.2.5.0/bin/gatk-package-4.2.5.0-local.jar Mutect2 -R /data/references/b37/human_g1k_v37_decoy.fasta -I bam/1C_amp.sorted.RGadded.realigend.fixed.recal.bam -I bam/1F_amp.sorted.RGadded.realigend.fixed.recal.bam -tumor 1C_amp/1C_amp.bam -normal 1F_amp/1F_amp.bam -O amp.somatic.vcf.gz --native-pair-hmm-threads 2 -L bed/total.merged.bed
13:50:24.468 INFO  NativeLibraryLoader - Loading libgkl_compression.so from jar:file:/opt/biogrids/x86_64-linux/gatk/4.2.5.0/bin/gatk-package-4.2.5.0-local.jar!/com/intel/gkl/native/libgkl_compression.so
Jul 05, 2022 1:50:24 PM shaded.cloud_nio.com.google.auth.oauth2.ComputeEngineCredentials runningOnComputeEngine
INFO: Failed to detect whether we are running on Google Compute Engine.
13:50:24.574 INFO  Mutect2 - ------------------------------------------------------------
13:50:24.575 INFO  Mutect2 - The Genome Analysis Toolkit (GATK) v4.2.5.0
13:50:24.575 INFO  Mutect2 - For support and documentation go to https://software.broadinstitute.org/gatk/
13:50:24.575 INFO  Mutect2 - Executing as mjcho@compgen on Linux v3.10.0-1160.el7.x86_64 amd64
13:50:24.575 INFO  Mutect2 - Java runtime: OpenJDK 64-Bit Server VM v1.8.0_322-b06
13:50:24.575 INFO  Mutect2 - Start Date/Time: July 5, 2022 1:50:24 PM KST
13:50:24.575 INFO  Mutect2 - ------------------------------------------------------------
13:50:24.575 INFO  Mutect2 - ------------------------------------------------------------
13:50:24.575 INFO  Mutect2 - HTSJDK Version: 2.24.1
13:50:24.575 INFO  Mutect2 - Picard Version: 2.25.4
13:50:24.575 INFO  Mutect2 - Built for Spark Version: 2.4.5
13:50:24.576 INFO  Mutect2 - HTSJDK Defaults.COMPRESSION_LEVEL : 2
13:50:24.576 INFO  Mutect2 - HTSJDK Defaults.USE_ASYNC_IO_READ_FOR_SAMTOOLS : false
13:50:24.576 INFO  Mutect2 - HTSJDK Defaults.USE_ASYNC_IO_WRITE_FOR_SAMTOOLS : true
13:50:24.576 INFO  Mutect2 - HTSJDK Defaults.USE_ASYNC_IO_WRITE_FOR_TRIBBLE : false
13:50:24.576 INFO  Mutect2 - Deflater: IntelDeflater
13:50:24.576 INFO  Mutect2 - Inflater: IntelInflater
13:50:24.576 INFO  Mutect2 - GCS max retries/reopens: 20
13:50:24.576 INFO  Mutect2 - Requester pays: disabled
13:50:24.576 INFO  Mutect2 - Initializing engine
WARNING: BAM index file /scratch/2022_summer_internship/mjcho/week5_somatic_variant/bam/1C_amp.sorted.RGadded.realigend.fixed.recal.bai is older than BAM /scratch/2022_summer_internship/mjcho/week5_somatic_variant/bam/1C_amp.sorted.RGadded.realigend.fixed.recal.bam
WARNING: BAM index file /scratch/2022_summer_internship/mjcho/week5_somatic_variant/bam/1F_amp.sorted.RGadded.realigend.fixed.recal.bai is older than BAM /scratch/2022_summer_internship/mjcho/week5_somatic_variant/bam/1F_amp.sorted.RGadded.realigend.fixed.recal.bam
13:50:24.983 INFO  FeatureManager - Using codec BEDCodec to read file file:///scratch/2022_summer_internship/mjcho/week5_somatic_variant/bed/total.merged.bed
13:50:24.996 INFO  IntervalArgumentCollection - Processing 67128 bp from intervals
13:50:25.016 INFO  Mutect2 - Done initializing engine
13:50:25.036 INFO  NativeLibraryLoader - Loading libgkl_utils.so from jar:file:/opt/biogrids/x86_64-linux/gatk/4.2.5.0/bin/gatk-package-4.2.5.0-local.jar!/com/intel/gkl/native/libgkl_utils.so
13:50:25.037 INFO  NativeLibraryLoader - Loading libgkl_pairhmm_omp.so from jar:file:/opt/biogrids/x86_64-linux/gatk/4.2.5.0/bin/gatk-package-4.2.5.0-local.jar!/com/intel/gkl/native/libgkl_pairhmm_omp.so
13:50:25.078 INFO  IntelPairHmm - Using CPU-supported AVX-512 instructions
13:50:25.078 INFO  IntelPairHmm - Flush-to-zero (FTZ) is enabled when running PairHMM
13:50:25.079 INFO  IntelPairHmm - Available threads: 2
13:50:25.079 INFO  IntelPairHmm - Requested threads: 2
13:50:25.079 INFO  PairHMM - Using the OpenMP multi-threaded AVX-accelerated native PairHMM implementation
13:50:25.120 INFO  ProgressMeter - Starting traversal
13:50:25.120 INFO  ProgressMeter -        Current Locus  Elapsed Minutes     Regions Processed   Regions/Minute
13:50:36.719 INFO  ProgressMeter -           1:35920039              0.2                    20            103.5
13:50:48.639 INFO  ProgressMeter -           1:84945015              0.4                    40            102.0
13:51:35.850 INFO  ProgressMeter -          1:201184187              1.2                    60             50.9
13:51:48.581 INFO  ProgressMeter -          1:220300166              1.4                    70             50.3
13:52:03.698 INFO  ProgressMeter -          1:230914715              1.6                    80             48.7
13:52:35.654 INFO  ProgressMeter -           2:54035432              2.2                    90             41.4
13:52:49.435 INFO  ProgressMeter -           2:71221860              2.4                   100             41.6
13:53:21.551 INFO  ProgressMeter -          2:121989452              2.9                   120             40.8
13:53:44.134 INFO  ProgressMeter -          2:219903144              3.3                   140             42.2
13:54:06.655 INFO  ProgressMeter -          2:231406603              3.7                   150             40.6
13:54:23.796 INFO  ProgressMeter -          2:234473998              4.0                   160             40.2
13:54:45.697 INFO  ProgressMeter -           3:39161445              4.3                   180             41.4
13:55:03.106 INFO  ProgressMeter -          3:111993740              4.6                   200             43.2
13:55:22.441 INFO  ProgressMeter -          3:145938705              5.0                   220             44.4
13:55:36.988 INFO  ProgressMeter -           4:23814640              5.2                   240             46.2
13:56:31.653 INFO  VectorLoglessPairHMM - Time spent in setup for JNI call : 0.044819122
13:56:31.657 INFO  PairHMM - Total compute time in PairHMM computeLogLikelihoods() : 17.704130525
13:56:31.658 INFO  SmithWatermanAligner - Total compute time in java Smith-Waterman : 8.57 sec
13:56:31.661 INFO  Mutect2 - Shutting down engine
[July 5, 2022 1:56:31 PM KST] org.broadinstitute.hellbender.tools.walkers.mutect.Mutect2 done. Elapsed time: 6.12 minutes.
Runtime.totalMemory()=2075918336
Exception in thread "main" java.lang.OutOfMemoryError: Java heap space
	at htsjdk.samtools.BAMRecordCodec.decode(BAMRecordCodec.java:281)
	at htsjdk.samtools.BAMFileReader$BAMFileIterator.getNextRecord(BAMFileReader.java:866)
	at htsjdk.samtools.BAMFileReader$BAMFileIndexIterator.getNextRecord(BAMFileReader.java:1005)
	at htsjdk.samtools.BAMFileReader$BAMFileIterator.advance(BAMFileReader.java:840)
	at htsjdk.samtools.BAMFileReader$BAMFileIterator.next(BAMFileReader.java:834)
	at htsjdk.samtools.BAMFileReader$BAMFileIterator.next(BAMFileReader.java:802)
	at htsjdk.samtools.BAMFileReader$BAMQueryFilteringIterator.advance(BAMFileReader.java:1058)
	at htsjdk.samtools.BAMFileReader$BAMQueryFilteringIterator.next(BAMFileReader.java:1048)
	at htsjdk.samtools.BAMFileReader$BAMQueryFilteringIterator.next(BAMFileReader.java:1012)
	at htsjdk.samtools.SamReader$AssertingIterator.next(SamReader.java:591)
	at htsjdk.samtools.SamReader$AssertingIterator.next(SamReader.java:570)
	at org.broadinstitute.hellbender.utils.iterators.SamReaderQueryingIterator.loadNextRecord(SamReaderQueryingIterator.java:119)
	at org.broadinstitute.hellbender.utils.iterators.SamReaderQueryingIterator.next(SamReaderQueryingIterator.java:156)
	at org.broadinstitute.hellbender.utils.iterators.SamReaderQueryingIterator.next(SamReaderQueryingIterator.java:29)
	at htsjdk.samtools.util.PeekableIterator.advance(PeekableIterator.java:71)
	at htsjdk.samtools.util.PeekableIterator.next(PeekableIterator.java:57)
	at htsjdk.samtools.MergingSamRecordIterator.next(MergingSamRecordIterator.java:129)
	at htsjdk.samtools.MergingSamRecordIterator.next(MergingSamRecordIterator.java:37)
	at org.broadinstitute.hellbender.utils.iterators.SAMRecordToReadIterator.next(SAMRecordToReadIterator.java:27)
	at org.broadinstitute.hellbender.utils.iterators.SAMRecordToReadIterator.next(SAMRecordToReadIterator.java:13)
	at org.broadinstitute.hellbender.utils.iterators.ReadTransformingIterator.next(ReadTransformingIterator.java:42)
	at org.broadinstitute.hellbender.utils.iterators.ReadTransformingIterator.next(ReadTransformingIterator.java:14)
	at org.broadinstitute.hellbender.utils.iterators.ReadFilteringIterator.loadNextRead(ReadFilteringIterator.java:53)
	at org.broadinstitute.hellbender.utils.iterators.ReadFilteringIterator.next(ReadFilteringIterator.java:47)
	at org.broadinstitute.hellbender.utils.iterators.ReadFilteringIterator.next(ReadFilteringIterator.java:13)
	at org.broadinstitute.hellbender.utils.iterators.ReadTransformingIterator.next(ReadTransformingIterator.java:42)
	at org.broadinstitute.hellbender.utils.iterators.ReadTransformingIterator.next(ReadTransformingIterator.java:14)
	at org.broadinstitute.hellbender.utils.iterators.PushToPullIterator.fillCache(PushToPullIterator.java:72)
	at org.broadinstitute.hellbender.utils.iterators.PushToPullIterator.advanceToNextElement(PushToPullIterator.java:58)
	at org.broadinstitute.hellbender.utils.iterators.PushToPullIterator.next(PushToPullIterator.java:52)
	at org.broadinstitute.hellbender.utils.iterators.ReadCachingIterator.next(ReadCachingIterator.java:42)
	at org.broadinstitute.hellbender.utils.iterators.ReadCachingIterator.next(ReadCachingIterator.java:17)
