Using GATK jar /opt/biogrids/x86_64-linux/gatk/4.2.5.0/bin/gatk-package-4.2.5.0-local.jar
Running:
    java -Dsamjdk.use_async_io_read_samtools=false -Dsamjdk.use_async_io_write_samtools=true -Dsamjdk.use_async_io_write_tribble=false -Dsamjdk.compression_level=2 -XX:+UseSerialGC -Xms1G -Xmx1G -Djava.io.tmpdir=./log/ -jar /opt/biogrids/x86_64-linux/gatk/4.2.5.0/bin/gatk-package-4.2.5.0-local.jar FilterMutectCalls -R /data/references/b37/human_g1k_v37_decoy.fasta -V HC.somatic.vcf.gz -O HC.filtered.somatic.vcf.gz -L ./bed/total.merged.bed
13:48:51.200 INFO  NativeLibraryLoader - Loading libgkl_compression.so from jar:file:/opt/biogrids/x86_64-linux/gatk/4.2.5.0/bin/gatk-package-4.2.5.0-local.jar!/com/intel/gkl/native/libgkl_compression.so
Jul 05, 2022 1:48:51 PM shaded.cloud_nio.com.google.auth.oauth2.ComputeEngineCredentials runningOnComputeEngine
INFO: Failed to detect whether we are running on Google Compute Engine.
13:48:51.428 INFO  FilterMutectCalls - ------------------------------------------------------------
13:48:51.429 INFO  FilterMutectCalls - The Genome Analysis Toolkit (GATK) v4.2.5.0
13:48:51.429 INFO  FilterMutectCalls - For support and documentation go to https://software.broadinstitute.org/gatk/
13:48:51.429 INFO  FilterMutectCalls - Executing as mjcho@compgen on Linux v3.10.0-1160.el7.x86_64 amd64
13:48:51.429 INFO  FilterMutectCalls - Java runtime: OpenJDK 64-Bit Server VM v1.8.0_322-b06
13:48:51.429 INFO  FilterMutectCalls - Start Date/Time: July 5, 2022 1:48:51 PM KST
13:48:51.429 INFO  FilterMutectCalls - ------------------------------------------------------------
13:48:51.429 INFO  FilterMutectCalls - ------------------------------------------------------------
13:48:51.430 INFO  FilterMutectCalls - HTSJDK Version: 2.24.1
13:48:51.430 INFO  FilterMutectCalls - Picard Version: 2.25.4
13:48:51.430 INFO  FilterMutectCalls - Built for Spark Version: 2.4.5
13:48:51.430 INFO  FilterMutectCalls - HTSJDK Defaults.COMPRESSION_LEVEL : 2
13:48:51.430 INFO  FilterMutectCalls - HTSJDK Defaults.USE_ASYNC_IO_READ_FOR_SAMTOOLS : false
13:48:51.430 INFO  FilterMutectCalls - HTSJDK Defaults.USE_ASYNC_IO_WRITE_FOR_SAMTOOLS : true
13:48:51.430 INFO  FilterMutectCalls - HTSJDK Defaults.USE_ASYNC_IO_WRITE_FOR_TRIBBLE : false
13:48:51.430 INFO  FilterMutectCalls - Deflater: IntelDeflater
13:48:51.430 INFO  FilterMutectCalls - Inflater: IntelInflater
13:48:51.430 INFO  FilterMutectCalls - GCS max retries/reopens: 20
13:48:51.430 INFO  FilterMutectCalls - Requester pays: disabled
13:48:51.430 INFO  FilterMutectCalls - Initializing engine
13:48:51.870 INFO  FeatureManager - Using codec VCFCodec to read file file:///scratch/2022_summer_internship/mjcho/week5_somatic_variant/HC.somatic.vcf.gz
13:48:51.942 WARN  IntelInflater - Zero Bytes Written : 0
13:48:51.975 WARN  IntelInflater - Zero Bytes Written : 0
13:48:52.008 INFO  FeatureManager - Using codec BEDCodec to read file file:///scratch/2022_summer_internship/mjcho/week5_somatic_variant/./bed/total.merged.bed
13:48:52.024 INFO  IntervalArgumentCollection - Processing 67128 bp from intervals
13:48:52.046 INFO  FilterMutectCalls - Done initializing engine
13:48:52.150 INFO  ProgressMeter - Starting traversal
13:48:52.151 INFO  ProgressMeter -        Current Locus  Elapsed Minutes    Variants Processed  Variants/Minute
13:48:52.159 INFO  FilterMutectCalls - Starting pass 0 through the variants
13:48:52.557 INFO  FilterMutectCalls - Finished pass 0 through the variants
13:48:52.743 INFO  FilterMutectCalls - Starting pass 1 through the variants
13:48:52.911 INFO  FilterMutectCalls - Finished pass 1 through the variants
13:48:52.951 INFO  FilterMutectCalls - Starting pass 2 through the variants
13:48:53.072 INFO  FilterMutectCalls - Finished pass 2 through the variants
13:48:53.072 INFO  FilterMutectCalls - Starting pass 3 through the variants
13:48:53.316 INFO  FilterMutectCalls - Finished pass 3 through the variants
13:48:53.325 INFO  FilterMutectCalls - No variants filtered by: AllowAllVariantsVariantFilter
13:48:53.325 INFO  FilterMutectCalls - 0 read(s) filtered by: AllowAllReadsReadFilter 

13:48:53.326 INFO  ProgressMeter -             unmapped              0.0                   552          28380.5
13:48:53.326 INFO  ProgressMeter - Traversal complete. Processed 552 total variants in 0.0 minutes.
13:48:53.389 INFO  FilterMutectCalls - Shutting down engine
[July 5, 2022 1:48:53 PM KST] org.broadinstitute.hellbender.tools.walkers.mutect.filtering.FilterMutectCalls done. Elapsed time: 0.04 minutes.
Runtime.totalMemory()=1037959168
