Using GATK jar /opt/biogrids/x86_64-linux/gatk/4.2.5.0/bin/gatk-package-4.2.5.0-local.jar
Running:
    java -Dsamjdk.use_async_io_read_samtools=false -Dsamjdk.use_async_io_write_samtools=true -Dsamjdk.use_async_io_write_tribble=false -Dsamjdk.compression_level=2 -XX:+UseSerialGC -Xms2G -Xmx2G -Djava.io.tmpdir=./log/ -jar /opt/biogrids/x86_64-linux/gatk/4.2.5.0/bin/gatk-package-4.2.5.0-local.jar Mutect2 -R /data/references/b37/human_g1k_v37_decoy.fasta -I bam/1C_HC.sorted.RGadded.marked.realigend.fixed.recal.bam -I bam/1F_HC.sorted.RGadded.marked.realigend.fixed.recal.bam -tumor 1C_HC/1C_HC.bam -normal 1F_HC/1F_HC.bam -O HC.somatic.vcf.gz --native-pair-hmm-threads 2 -L bed/total.merged.bed
12:37:14.054 INFO  NativeLibraryLoader - Loading libgkl_compression.so from jar:file:/opt/biogrids/x86_64-linux/gatk/4.2.5.0/bin/gatk-package-4.2.5.0-local.jar!/com/intel/gkl/native/libgkl_compression.so
Jul 05, 2022 12:37:14 PM shaded.cloud_nio.com.google.auth.oauth2.ComputeEngineCredentials runningOnComputeEngine
INFO: Failed to detect whether we are running on Google Compute Engine.
12:37:14.168 INFO  Mutect2 - ------------------------------------------------------------
12:37:14.169 INFO  Mutect2 - The Genome Analysis Toolkit (GATK) v4.2.5.0
12:37:14.169 INFO  Mutect2 - For support and documentation go to https://software.broadinstitute.org/gatk/
12:37:14.169 INFO  Mutect2 - Executing as mjcho@compgen on Linux v3.10.0-1160.el7.x86_64 amd64
12:37:14.169 INFO  Mutect2 - Java runtime: OpenJDK 64-Bit Server VM v1.8.0_322-b06
12:37:14.169 INFO  Mutect2 - Start Date/Time: July 5, 2022 12:37:14 PM KST
12:37:14.169 INFO  Mutect2 - ------------------------------------------------------------
12:37:14.169 INFO  Mutect2 - ------------------------------------------------------------
12:37:14.170 INFO  Mutect2 - HTSJDK Version: 2.24.1
12:37:14.170 INFO  Mutect2 - Picard Version: 2.25.4
12:37:14.170 INFO  Mutect2 - Built for Spark Version: 2.4.5
12:37:14.170 INFO  Mutect2 - HTSJDK Defaults.COMPRESSION_LEVEL : 2
12:37:14.170 INFO  Mutect2 - HTSJDK Defaults.USE_ASYNC_IO_READ_FOR_SAMTOOLS : false
12:37:14.170 INFO  Mutect2 - HTSJDK Defaults.USE_ASYNC_IO_WRITE_FOR_SAMTOOLS : true
12:37:14.170 INFO  Mutect2 - HTSJDK Defaults.USE_ASYNC_IO_WRITE_FOR_TRIBBLE : false
12:37:14.170 INFO  Mutect2 - Deflater: IntelDeflater
12:37:14.170 INFO  Mutect2 - Inflater: IntelInflater
12:37:14.170 INFO  Mutect2 - GCS max retries/reopens: 20
12:37:14.170 INFO  Mutect2 - Requester pays: disabled
12:37:14.170 INFO  Mutect2 - Initializing engine
WARNING: BAM index file /scratch/2022_summer_internship/mjcho/week5_somatic_variant/bam/1C_HC.sorted.RGadded.marked.realigend.fixed.recal.bai is older than BAM /scratch/2022_summer_internship/mjcho/week5_somatic_variant/bam/1C_HC.sorted.RGadded.marked.realigend.fixed.recal.bam
WARNING: BAM index file /scratch/2022_summer_internship/mjcho/week5_somatic_variant/bam/1F_HC.sorted.RGadded.marked.realigend.fixed.recal.bai is older than BAM /scratch/2022_summer_internship/mjcho/week5_somatic_variant/bam/1F_HC.sorted.RGadded.marked.realigend.fixed.recal.bam
12:37:14.598 INFO  FeatureManager - Using codec BEDCodec to read file file:///scratch/2022_summer_internship/mjcho/week5_somatic_variant/bed/total.merged.bed
12:37:14.613 INFO  IntervalArgumentCollection - Processing 67128 bp from intervals
12:37:14.625 INFO  Mutect2 - Done initializing engine
12:37:14.644 INFO  NativeLibraryLoader - Loading libgkl_utils.so from jar:file:/opt/biogrids/x86_64-linux/gatk/4.2.5.0/bin/gatk-package-4.2.5.0-local.jar!/com/intel/gkl/native/libgkl_utils.so
12:37:14.645 INFO  NativeLibraryLoader - Loading libgkl_pairhmm_omp.so from jar:file:/opt/biogrids/x86_64-linux/gatk/4.2.5.0/bin/gatk-package-4.2.5.0-local.jar!/com/intel/gkl/native/libgkl_pairhmm_omp.so
12:37:14.686 INFO  IntelPairHmm - Using CPU-supported AVX-512 instructions
12:37:14.686 INFO  IntelPairHmm - Flush-to-zero (FTZ) is enabled when running PairHMM
12:37:14.687 INFO  IntelPairHmm - Available threads: 2
12:37:14.687 INFO  IntelPairHmm - Requested threads: 2
12:37:14.687 INFO  PairHMM - Using the OpenMP multi-threaded AVX-accelerated native PairHMM implementation
12:37:14.744 INFO  ProgressMeter - Starting traversal
12:37:14.744 INFO  ProgressMeter -        Current Locus  Elapsed Minutes     Regions Processed   Regions/Minute
12:37:25.726 INFO  ProgressMeter -          1:154293638              0.2                    50            273.2
12:37:36.117 INFO  ProgressMeter -           2:99279800              0.4                   120            336.9
12:37:47.315 INFO  ProgressMeter -           3:33094982              0.5                   190            350.0
12:37:57.449 INFO  ProgressMeter -           4:23814745              0.7                   260            365.3
12:38:08.660 INFO  ProgressMeter -           5:57754814              0.9                   330            367.2
12:38:19.414 INFO  ProgressMeter -           6:70866558              1.1                   400            371.1
12:38:30.747 INFO  ProgressMeter -           7:93518524              1.3                   470            371.0
12:38:42.153 INFO  ProgressMeter -           9:72897334              1.5                   540            370.7
12:38:53.501 INFO  ProgressMeter -         10:121579003              1.6                   620            376.7
12:39:04.157 INFO  ProgressMeter -           12:6172165              1.8                   690            378.4
12:39:15.681 INFO  ProgressMeter -          13:45515433              2.0                   760            377.1
12:39:25.737 INFO  ProgressMeter -          15:79237229              2.2                   830            380.2
12:39:36.781 INFO  ProgressMeter -          17:64023615              2.4                   900            380.2
12:39:48.117 INFO  ProgressMeter -          20:32336725              2.6                   980            383.4
12:39:56.726 INFO  Mutect2 - 12824 read(s) filtered by: MappingQualityReadFilter 
0 read(s) filtered by: MappingQualityAvailableReadFilter 
0 read(s) filtered by: MappingQualityNotZeroReadFilter 
0 read(s) filtered by: MappedReadFilter 
0 read(s) filtered by: NotSecondaryAlignmentReadFilter 
3613027 read(s) filtered by: NotDuplicateReadFilter 
0 read(s) filtered by: PassesVendorQualityCheckReadFilter 
0 read(s) filtered by: NonChimericOriginalAlignmentReadFilter 
0 read(s) filtered by: NonZeroReferenceLengthAlignmentReadFilter 
0 read(s) filtered by: ReadLengthReadFilter 
0 read(s) filtered by: GoodCigarReadFilter 
0 read(s) filtered by: WellformedReadFilter 
3625851 total reads filtered
12:39:56.726 INFO  ProgressMeter -          22:41605772              2.7                  1039            384.9
12:39:56.726 INFO  ProgressMeter - Traversal complete. Processed 1039 total regions in 2.7 minutes.
12:39:56.770 INFO  VectorLoglessPairHMM - Time spent in setup for JNI call : 0.14867012500000001
12:39:56.770 INFO  PairHMM - Total compute time in PairHMM computeLogLikelihoods() : 2.008873324
12:39:56.770 INFO  SmithWatermanAligner - Total compute time in java Smith-Waterman : 0.68 sec
12:39:56.771 INFO  Mutect2 - Shutting down engine
[July 5, 2022 12:39:56 PM KST] org.broadinstitute.hellbender.tools.walkers.mutect.Mutect2 done. Elapsed time: 2.71 minutes.
Runtime.totalMemory()=2075918336
