Using GATK jar /opt/biogrids/x86_64-linux/gatk/4.2.5.0/bin/gatk-package-4.2.5.0-local.jar
Running:
    java -Dsamjdk.use_async_io_read_samtools=false -Dsamjdk.use_async_io_write_samtools=true -Dsamjdk.use_async_io_write_tribble=false -Dsamjdk.compression_level=2 -XX:+UseSerialGC -Xms2G -Xmx2G -Djava.io.tmpdir=./log/ -jar /opt/biogrids/x86_64-linux/gatk/4.2.5.0/bin/gatk-package-4.2.5.0-local.jar Mutect2 -R /data/references/b37/human_g1k_v37_decoy.fasta -I ./bam/1C_amp.sorted.RGadded.realigend.fixed.recal.bam -I ./bam/1F_amp.sorted.RGadded.realigend.fixed.recal.bam -tumor 1C_amp/1C_amp.bam -normal 1F_amp/1F_amp.bam -O amp.somatic.vcf.gz --native-pair-hmm-threads 2 -L /scratch/2022_summer_internship/mjcho/week5_somatic_variant/bed/total.merged.bed
14:01:17.818 INFO  NativeLibraryLoader - Loading libgkl_compression.so from jar:file:/opt/biogrids/x86_64-linux/gatk/4.2.5.0/bin/gatk-package-4.2.5.0-local.jar!/com/intel/gkl/native/libgkl_compression.so
Jul 05, 2022 2:01:17 PM shaded.cloud_nio.com.google.auth.oauth2.ComputeEngineCredentials runningOnComputeEngine
INFO: Failed to detect whether we are running on Google Compute Engine.
14:01:17.926 INFO  Mutect2 - ------------------------------------------------------------
14:01:17.927 INFO  Mutect2 - The Genome Analysis Toolkit (GATK) v4.2.5.0
14:01:17.927 INFO  Mutect2 - For support and documentation go to https://software.broadinstitute.org/gatk/
14:01:17.927 INFO  Mutect2 - Executing as mjcho@compgen on Linux v3.10.0-1160.el7.x86_64 amd64
14:01:17.927 INFO  Mutect2 - Java runtime: OpenJDK 64-Bit Server VM v1.8.0_322-b06
14:01:17.927 INFO  Mutect2 - Start Date/Time: July 5, 2022 2:01:17 PM KST
14:01:17.927 INFO  Mutect2 - ------------------------------------------------------------
14:01:17.927 INFO  Mutect2 - ------------------------------------------------------------
14:01:17.927 INFO  Mutect2 - HTSJDK Version: 2.24.1
14:01:17.927 INFO  Mutect2 - Picard Version: 2.25.4
14:01:17.928 INFO  Mutect2 - Built for Spark Version: 2.4.5
14:01:17.928 INFO  Mutect2 - HTSJDK Defaults.COMPRESSION_LEVEL : 2
14:01:17.928 INFO  Mutect2 - HTSJDK Defaults.USE_ASYNC_IO_READ_FOR_SAMTOOLS : false
14:01:17.928 INFO  Mutect2 - HTSJDK Defaults.USE_ASYNC_IO_WRITE_FOR_SAMTOOLS : true
14:01:17.928 INFO  Mutect2 - HTSJDK Defaults.USE_ASYNC_IO_WRITE_FOR_TRIBBLE : false
14:01:17.928 INFO  Mutect2 - Deflater: IntelDeflater
14:01:17.928 INFO  Mutect2 - Inflater: IntelInflater
14:01:17.928 INFO  Mutect2 - GCS max retries/reopens: 20
14:01:17.928 INFO  Mutect2 - Requester pays: disabled
14:01:17.928 INFO  Mutect2 - Initializing engine
WARNING: BAM index file /scratch/2022_summer_internship/mjcho/week5_somatic_variant/./bam/1C_amp.sorted.RGadded.realigend.fixed.recal.bai is older than BAM /scratch/2022_summer_internship/mjcho/week5_somatic_variant/./bam/1C_amp.sorted.RGadded.realigend.fixed.recal.bam
WARNING: BAM index file /scratch/2022_summer_internship/mjcho/week5_somatic_variant/./bam/1F_amp.sorted.RGadded.realigend.fixed.recal.bai is older than BAM /scratch/2022_summer_internship/mjcho/week5_somatic_variant/./bam/1F_amp.sorted.RGadded.realigend.fixed.recal.bam
14:01:18.311 INFO  FeatureManager - Using codec BEDCodec to read file file:///scratch/2022_summer_internship/mjcho/week5_somatic_variant/bed/total.merged.bed
14:01:18.324 INFO  IntervalArgumentCollection - Processing 67128 bp from intervals
14:01:18.336 INFO  Mutect2 - Done initializing engine
14:01:18.354 INFO  NativeLibraryLoader - Loading libgkl_utils.so from jar:file:/opt/biogrids/x86_64-linux/gatk/4.2.5.0/bin/gatk-package-4.2.5.0-local.jar!/com/intel/gkl/native/libgkl_utils.so
14:01:18.355 INFO  NativeLibraryLoader - Loading libgkl_pairhmm_omp.so from jar:file:/opt/biogrids/x86_64-linux/gatk/4.2.5.0/bin/gatk-package-4.2.5.0-local.jar!/com/intel/gkl/native/libgkl_pairhmm_omp.so
14:01:18.396 INFO  IntelPairHmm - Using CPU-supported AVX-512 instructions
14:01:18.396 INFO  IntelPairHmm - Flush-to-zero (FTZ) is enabled when running PairHMM
14:01:18.396 INFO  IntelPairHmm - Available threads: 2
14:01:18.396 INFO  IntelPairHmm - Requested threads: 2
14:01:18.397 INFO  PairHMM - Using the OpenMP multi-threaded AVX-accelerated native PairHMM implementation
14:01:18.432 INFO  ProgressMeter - Starting traversal
14:01:18.432 INFO  ProgressMeter -        Current Locus  Elapsed Minutes     Regions Processed   Regions/Minute
14:01:30.175 INFO  ProgressMeter -           1:35920039              0.2                    20            102.2
14:01:44.572 INFO  ProgressMeter -           1:84945015              0.4                    40             91.8
14:02:01.521 INFO  ProgressMeter -          1:201184187              0.7                    60             83.5
14:02:24.165 INFO  ProgressMeter -          1:220300166              1.1                    70             63.9
14:02:44.900 INFO  ProgressMeter -          1:230914715              1.4                    80             55.5
14:02:56.834 INFO  ProgressMeter -           2:54035432              1.6                    90             54.9
14:03:10.096 INFO  ProgressMeter -           2:98611939              1.9                   110             59.1
14:03:36.586 INFO  ProgressMeter -          2:121989452              2.3                   120             52.1
14:03:51.995 INFO  ProgressMeter -          2:219903144              2.6                   140             54.7
14:04:07.838 INFO  ProgressMeter -          2:231406603              2.8                   150             53.1
14:04:24.253 INFO  ProgressMeter -          2:234473998              3.1                   160             51.7
14:04:45.359 INFO  ProgressMeter -           3:39161445              3.4                   180             52.2
14:05:02.314 INFO  ProgressMeter -          3:111993740              3.7                   200             53.6
14:05:21.825 INFO  ProgressMeter -          3:145938705              4.1                   220             54.2
14:05:36.869 INFO  ProgressMeter -           4:23814640              4.3                   240             55.7
14:06:44.476 INFO  VectorLoglessPairHMM - Time spent in setup for JNI call : 0.038317257
14:06:44.476 INFO  PairHMM - Total compute time in PairHMM computeLogLikelihoods() : 17.830450618
14:06:44.477 INFO  SmithWatermanAligner - Total compute time in java Smith-Waterman : 15.39 sec
14:06:44.480 INFO  Mutect2 - Shutting down engine
[July 5, 2022 2:06:44 PM KST] org.broadinstitute.hellbender.tools.walkers.mutect.Mutect2 done. Elapsed time: 5.44 minutes.
Runtime.totalMemory()=2075918336
Exception in thread "main" java.lang.OutOfMemoryError: Java heap space
	at htsjdk.samtools.BAMRecordCodec.decode(BAMRecordCodec.java:281)
	at htsjdk.samtools.BAMFileReader$BAMFileIterator.getNextRecord(BAMFileReader.java:866)
	at htsjdk.samtools.BAMFileReader$BAMFileIndexIterator.getNextRecord(BAMFileReader.java:1005)
	at htsjdk.samtools.BAMFileReader$BAMFileIterator.advance(BAMFileReader.java:840)
	at htsjdk.samtools.BAMFileReader$BAMFileIterator.next(BAMFileReader.java:834)
	at htsjdk.samtools.BAMFileReader$BAMFileIterator.next(BAMFileReader.java:802)
	at htsjdk.samtools.BAMFileReader$BAMQueryFilteringIterator.advance(BAMFileReader.java:1058)
	at htsjdk.samtools.BAMFileReader$BAMQueryFilteringIterator.next(BAMFileReader.java:1048)
	at htsjdk.samtools.BAMFileReader$BAMQueryFilteringIterator.next(BAMFileReader.java:1012)
	at htsjdk.samtools.SamReader$AssertingIterator.next(SamReader.java:591)
	at htsjdk.samtools.SamReader$AssertingIterator.next(SamReader.java:570)
	at org.broadinstitute.hellbender.utils.iterators.SamReaderQueryingIterator.loadNextRecord(SamReaderQueryingIterator.java:119)
	at org.broadinstitute.hellbender.utils.iterators.SamReaderQueryingIterator.next(SamReaderQueryingIterator.java:156)
	at org.broadinstitute.hellbender.utils.iterators.SamReaderQueryingIterator.next(SamReaderQueryingIterator.java:29)
	at htsjdk.samtools.util.PeekableIterator.advance(PeekableIterator.java:71)
	at htsjdk.samtools.util.PeekableIterator.next(PeekableIterator.java:57)
	at htsjdk.samtools.MergingSamRecordIterator.next(MergingSamRecordIterator.java:129)
	at htsjdk.samtools.MergingSamRecordIterator.next(MergingSamRecordIterator.java:37)
	at org.broadinstitute.hellbender.utils.iterators.SAMRecordToReadIterator.next(SAMRecordToReadIterator.java:27)
	at org.broadinstitute.hellbender.utils.iterators.SAMRecordToReadIterator.next(SAMRecordToReadIterator.java:13)
	at org.broadinstitute.hellbender.utils.iterators.ReadTransformingIterator.next(ReadTransformingIterator.java:42)
	at org.broadinstitute.hellbender.utils.iterators.ReadTransformingIterator.next(ReadTransformingIterator.java:14)
	at org.broadinstitute.hellbender.utils.iterators.ReadFilteringIterator.loadNextRead(ReadFilteringIterator.java:53)
	at org.broadinstitute.hellbender.utils.iterators.ReadFilteringIterator.next(ReadFilteringIterator.java:47)
	at org.broadinstitute.hellbender.utils.iterators.ReadFilteringIterator.next(ReadFilteringIterator.java:13)
	at org.broadinstitute.hellbender.utils.iterators.ReadTransformingIterator.next(ReadTransformingIterator.java:42)
	at org.broadinstitute.hellbender.utils.iterators.ReadTransformingIterator.next(ReadTransformingIterator.java:14)
	at org.broadinstitute.hellbender.utils.iterators.PushToPullIterator.fillCache(PushToPullIterator.java:72)
	at org.broadinstitute.hellbender.utils.iterators.PushToPullIterator.advanceToNextElement(PushToPullIterator.java:58)
	at org.broadinstitute.hellbender.utils.iterators.PushToPullIterator.next(PushToPullIterator.java:52)
	at org.broadinstitute.hellbender.utils.iterators.ReadCachingIterator.next(ReadCachingIterator.java:42)
	at org.broadinstitute.hellbender.utils.iterators.ReadCachingIterator.next(ReadCachingIterator.java:17)
