Using GATK jar /opt/biogrids/x86_64-linux/gatk/4.2.5.0/bin/gatk-package-4.2.5.0-local.jar
Running:
    java -Dsamjdk.use_async_io_read_samtools=false -Dsamjdk.use_async_io_write_samtools=true -Dsamjdk.use_async_io_write_tribble=false -Dsamjdk.compression_level=2 -XX:+UseSerialGC -Xms2G -Xmx2G -Djava.io.tmpdir=./log/ -jar /opt/biogrids/x86_64-linux/gatk/4.2.5.0/bin/gatk-package-4.2.5.0-local.jar Mutect2 -R /data/references/b37/human_g1k_v37_decoy.fasta -I bam/1C_amp.sorted.RGadded.realigend.fixed.recal.bam -I bam/1F_amp.sorted.RGadded.realigend.fixed.recal.bam -tumor 1C_amp/1C_amp.bam -normal 1F_amp/1F_amp.bam -O amp.somatic.vcf.gz --native-pair-hmm-threads 2 -L bed/total.merged.bed
12:35:42.589 INFO  NativeLibraryLoader - Loading libgkl_compression.so from jar:file:/opt/biogrids/x86_64-linux/gatk/4.2.5.0/bin/gatk-package-4.2.5.0-local.jar!/com/intel/gkl/native/libgkl_compression.so
Jul 05, 2022 12:35:42 PM shaded.cloud_nio.com.google.auth.oauth2.ComputeEngineCredentials runningOnComputeEngine
INFO: Failed to detect whether we are running on Google Compute Engine.
12:35:42.722 INFO  Mutect2 - ------------------------------------------------------------
12:35:42.723 INFO  Mutect2 - The Genome Analysis Toolkit (GATK) v4.2.5.0
12:35:42.723 INFO  Mutect2 - For support and documentation go to https://software.broadinstitute.org/gatk/
12:35:42.723 INFO  Mutect2 - Executing as mjcho@compgen on Linux v3.10.0-1160.el7.x86_64 amd64
12:35:42.723 INFO  Mutect2 - Java runtime: OpenJDK 64-Bit Server VM v1.8.0_322-b06
12:35:42.723 INFO  Mutect2 - Start Date/Time: July 5, 2022 12:35:42 PM KST
12:35:42.723 INFO  Mutect2 - ------------------------------------------------------------
12:35:42.723 INFO  Mutect2 - ------------------------------------------------------------
12:35:42.724 INFO  Mutect2 - HTSJDK Version: 2.24.1
12:35:42.724 INFO  Mutect2 - Picard Version: 2.25.4
12:35:42.724 INFO  Mutect2 - Built for Spark Version: 2.4.5
12:35:42.724 INFO  Mutect2 - HTSJDK Defaults.COMPRESSION_LEVEL : 2
12:35:42.724 INFO  Mutect2 - HTSJDK Defaults.USE_ASYNC_IO_READ_FOR_SAMTOOLS : false
12:35:42.724 INFO  Mutect2 - HTSJDK Defaults.USE_ASYNC_IO_WRITE_FOR_SAMTOOLS : true
12:35:42.724 INFO  Mutect2 - HTSJDK Defaults.USE_ASYNC_IO_WRITE_FOR_TRIBBLE : false
12:35:42.724 INFO  Mutect2 - Deflater: IntelDeflater
12:35:42.724 INFO  Mutect2 - Inflater: IntelInflater
12:35:42.724 INFO  Mutect2 - GCS max retries/reopens: 20
12:35:42.724 INFO  Mutect2 - Requester pays: disabled
12:35:42.724 INFO  Mutect2 - Initializing engine
WARNING: BAM index file /scratch/2022_summer_internship/mjcho/week5_somatic_variant/bam/1C_amp.sorted.RGadded.realigend.fixed.recal.bai is older than BAM /scratch/2022_summer_internship/mjcho/week5_somatic_variant/bam/1C_amp.sorted.RGadded.realigend.fixed.recal.bam
WARNING: BAM index file /scratch/2022_summer_internship/mjcho/week5_somatic_variant/bam/1F_amp.sorted.RGadded.realigend.fixed.recal.bai is older than BAM /scratch/2022_summer_internship/mjcho/week5_somatic_variant/bam/1F_amp.sorted.RGadded.realigend.fixed.recal.bam
12:35:43.158 INFO  FeatureManager - Using codec BEDCodec to read file file:///scratch/2022_summer_internship/mjcho/week5_somatic_variant/bed/total.merged.bed
12:35:43.174 INFO  IntervalArgumentCollection - Processing 67128 bp from intervals
12:35:43.192 INFO  Mutect2 - Done initializing engine
12:35:43.211 INFO  NativeLibraryLoader - Loading libgkl_utils.so from jar:file:/opt/biogrids/x86_64-linux/gatk/4.2.5.0/bin/gatk-package-4.2.5.0-local.jar!/com/intel/gkl/native/libgkl_utils.so
12:35:43.212 INFO  NativeLibraryLoader - Loading libgkl_pairhmm_omp.so from jar:file:/opt/biogrids/x86_64-linux/gatk/4.2.5.0/bin/gatk-package-4.2.5.0-local.jar!/com/intel/gkl/native/libgkl_pairhmm_omp.so
12:35:43.253 INFO  IntelPairHmm - Using CPU-supported AVX-512 instructions
12:35:43.253 INFO  IntelPairHmm - Flush-to-zero (FTZ) is enabled when running PairHMM
12:35:43.254 INFO  IntelPairHmm - Available threads: 2
12:35:43.254 INFO  IntelPairHmm - Requested threads: 2
12:35:43.254 INFO  PairHMM - Using the OpenMP multi-threaded AVX-accelerated native PairHMM implementation
12:35:43.293 INFO  ProgressMeter - Starting traversal
12:35:43.293 INFO  ProgressMeter -        Current Locus  Elapsed Minutes     Regions Processed   Regions/Minute
12:35:55.961 INFO  ProgressMeter -           1:35920039              0.2                    20             94.7
12:36:13.993 INFO  ProgressMeter -           1:84945015              0.5                    40             78.2
12:36:30.751 INFO  ProgressMeter -          1:201184187              0.8                    60             75.9
12:36:41.628 INFO  ProgressMeter -          1:220300166              1.0                    70             72.0
12:36:57.256 INFO  ProgressMeter -          1:230914715              1.2                    80             64.9
12:37:08.198 INFO  ProgressMeter -           2:54035432              1.4                    90             63.6
12:37:24.582 INFO  ProgressMeter -           2:98611939              1.7                   110             65.2
12:37:57.285 INFO  ProgressMeter -          2:121989452              2.2                   120             53.7
12:38:13.982 INFO  ProgressMeter -          2:219903144              2.5                   140             55.7
12:38:34.226 INFO  ProgressMeter -          2:231406603              2.8                   150             52.7
12:38:53.294 INFO  ProgressMeter -          2:234473998              3.2                   160             50.5
12:39:14.998 INFO  ProgressMeter -           3:39161445              3.5                   180             51.0
12:39:33.399 INFO  ProgressMeter -          3:111993740              3.8                   200             52.1
12:39:52.110 INFO  ProgressMeter -          3:145938705              4.1                   220             53.1
12:40:07.092 INFO  ProgressMeter -           4:23814640              4.4                   240             54.6
12:41:10.337 INFO  VectorLoglessPairHMM - Time spent in setup for JNI call : 0.043381465
12:41:10.338 INFO  PairHMM - Total compute time in PairHMM computeLogLikelihoods() : 17.496446469000002
12:41:10.339 INFO  SmithWatermanAligner - Total compute time in java Smith-Waterman : 9.13 sec
12:41:10.351 INFO  Mutect2 - Shutting down engine
[July 5, 2022 12:41:10 PM KST] org.broadinstitute.hellbender.tools.walkers.mutect.Mutect2 done. Elapsed time: 5.46 minutes.
Runtime.totalMemory()=2075918336
Exception in thread "main" java.lang.OutOfMemoryError: Java heap space
	at htsjdk.samtools.BAMRecordCodec.decode(BAMRecordCodec.java:281)
	at htsjdk.samtools.BAMFileReader$BAMFileIterator.getNextRecord(BAMFileReader.java:866)
	at htsjdk.samtools.BAMFileReader$BAMFileIndexIterator.getNextRecord(BAMFileReader.java:1005)
	at htsjdk.samtools.BAMFileReader$BAMFileIterator.advance(BAMFileReader.java:840)
	at htsjdk.samtools.BAMFileReader$BAMFileIterator.next(BAMFileReader.java:834)
	at htsjdk.samtools.BAMFileReader$BAMFileIterator.next(BAMFileReader.java:802)
	at htsjdk.samtools.BAMFileReader$BAMQueryFilteringIterator.advance(BAMFileReader.java:1058)
	at htsjdk.samtools.BAMFileReader$BAMQueryFilteringIterator.next(BAMFileReader.java:1048)
	at htsjdk.samtools.BAMFileReader$BAMQueryFilteringIterator.next(BAMFileReader.java:1012)
	at htsjdk.samtools.SamReader$AssertingIterator.next(SamReader.java:591)
	at htsjdk.samtools.SamReader$AssertingIterator.next(SamReader.java:570)
	at org.broadinstitute.hellbender.utils.iterators.SamReaderQueryingIterator.loadNextRecord(SamReaderQueryingIterator.java:119)
	at org.broadinstitute.hellbender.utils.iterators.SamReaderQueryingIterator.next(SamReaderQueryingIterator.java:156)
	at org.broadinstitute.hellbender.utils.iterators.SamReaderQueryingIterator.next(SamReaderQueryingIterator.java:29)
	at htsjdk.samtools.util.PeekableIterator.advance(PeekableIterator.java:71)
	at htsjdk.samtools.util.PeekableIterator.next(PeekableIterator.java:57)
	at htsjdk.samtools.MergingSamRecordIterator.next(MergingSamRecordIterator.java:129)
	at htsjdk.samtools.MergingSamRecordIterator.next(MergingSamRecordIterator.java:37)
	at org.broadinstitute.hellbender.utils.iterators.SAMRecordToReadIterator.next(SAMRecordToReadIterator.java:27)
	at org.broadinstitute.hellbender.utils.iterators.SAMRecordToReadIterator.next(SAMRecordToReadIterator.java:13)
	at org.broadinstitute.hellbender.utils.iterators.ReadTransformingIterator.next(ReadTransformingIterator.java:42)
	at org.broadinstitute.hellbender.utils.iterators.ReadTransformingIterator.next(ReadTransformingIterator.java:14)
	at org.broadinstitute.hellbender.utils.iterators.ReadFilteringIterator.loadNextRead(ReadFilteringIterator.java:53)
	at org.broadinstitute.hellbender.utils.iterators.ReadFilteringIterator.next(ReadFilteringIterator.java:47)
	at org.broadinstitute.hellbender.utils.iterators.ReadFilteringIterator.next(ReadFilteringIterator.java:13)
	at org.broadinstitute.hellbender.utils.iterators.ReadTransformingIterator.next(ReadTransformingIterator.java:42)
	at org.broadinstitute.hellbender.utils.iterators.ReadTransformingIterator.next(ReadTransformingIterator.java:14)
	at org.broadinstitute.hellbender.utils.iterators.PushToPullIterator.fillCache(PushToPullIterator.java:72)
	at org.broadinstitute.hellbender.utils.iterators.PushToPullIterator.advanceToNextElement(PushToPullIterator.java:58)
	at org.broadinstitute.hellbender.utils.iterators.PushToPullIterator.next(PushToPullIterator.java:52)
	at org.broadinstitute.hellbender.utils.iterators.ReadCachingIterator.next(ReadCachingIterator.java:42)
	at org.broadinstitute.hellbender.utils.iterators.ReadCachingIterator.next(ReadCachingIterator.java:17)
