Using GATK jar /opt/biogrids/x86_64-linux/gatk/4.2.5.0/bin/gatk-package-4.2.5.0-local.jar
Running:
    java -Dsamjdk.use_async_io_read_samtools=false -Dsamjdk.use_async_io_write_samtools=true -Dsamjdk.use_async_io_write_tribble=false -Dsamjdk.compression_level=2 -XX:+UseSerialGC -Xms2G -Xmx2G -Djava.io.tmpdir=./log/ -jar /opt/biogrids/x86_64-linux/gatk/4.2.5.0/bin/gatk-package-4.2.5.0-local.jar Mutect2 -R /data/references/b37/human_g1k_v37_decoy.fasta -I bam/1C_amp.sorted.RGadded.realigend.fixed.recal.bam -I bam/1F_amp.sorted.RGadded.realigend.fixed.recal.bam -tumor 1C_amp/1C_amp.bam -normal 1F_amp/1F_amp.bam -O amp.somatic.vcf.gz --native-pair-hmm-threads 2 -L bed/total.merged.bed
12:48:03.242 INFO  NativeLibraryLoader - Loading libgkl_compression.so from jar:file:/opt/biogrids/x86_64-linux/gatk/4.2.5.0/bin/gatk-package-4.2.5.0-local.jar!/com/intel/gkl/native/libgkl_compression.so
Jul 05, 2022 12:48:03 PM shaded.cloud_nio.com.google.auth.oauth2.ComputeEngineCredentials runningOnComputeEngine
INFO: Failed to detect whether we are running on Google Compute Engine.
12:48:03.351 INFO  Mutect2 - ------------------------------------------------------------
12:48:03.351 INFO  Mutect2 - The Genome Analysis Toolkit (GATK) v4.2.5.0
12:48:03.351 INFO  Mutect2 - For support and documentation go to https://software.broadinstitute.org/gatk/
12:48:03.351 INFO  Mutect2 - Executing as mjcho@compgen on Linux v3.10.0-1160.el7.x86_64 amd64
12:48:03.351 INFO  Mutect2 - Java runtime: OpenJDK 64-Bit Server VM v1.8.0_322-b06
12:48:03.351 INFO  Mutect2 - Start Date/Time: July 5, 2022 12:48:03 PM KST
12:48:03.351 INFO  Mutect2 - ------------------------------------------------------------
12:48:03.351 INFO  Mutect2 - ------------------------------------------------------------
12:48:03.352 INFO  Mutect2 - HTSJDK Version: 2.24.1
12:48:03.352 INFO  Mutect2 - Picard Version: 2.25.4
12:48:03.352 INFO  Mutect2 - Built for Spark Version: 2.4.5
12:48:03.352 INFO  Mutect2 - HTSJDK Defaults.COMPRESSION_LEVEL : 2
12:48:03.352 INFO  Mutect2 - HTSJDK Defaults.USE_ASYNC_IO_READ_FOR_SAMTOOLS : false
12:48:03.352 INFO  Mutect2 - HTSJDK Defaults.USE_ASYNC_IO_WRITE_FOR_SAMTOOLS : true
12:48:03.352 INFO  Mutect2 - HTSJDK Defaults.USE_ASYNC_IO_WRITE_FOR_TRIBBLE : false
12:48:03.352 INFO  Mutect2 - Deflater: IntelDeflater
12:48:03.352 INFO  Mutect2 - Inflater: IntelInflater
12:48:03.352 INFO  Mutect2 - GCS max retries/reopens: 20
12:48:03.352 INFO  Mutect2 - Requester pays: disabled
12:48:03.352 INFO  Mutect2 - Initializing engine
WARNING: BAM index file /scratch/2022_summer_internship/mjcho/week5_somatic_variant/bam/1C_amp.sorted.RGadded.realigend.fixed.recal.bai is older than BAM /scratch/2022_summer_internship/mjcho/week5_somatic_variant/bam/1C_amp.sorted.RGadded.realigend.fixed.recal.bam
WARNING: BAM index file /scratch/2022_summer_internship/mjcho/week5_somatic_variant/bam/1F_amp.sorted.RGadded.realigend.fixed.recal.bai is older than BAM /scratch/2022_summer_internship/mjcho/week5_somatic_variant/bam/1F_amp.sorted.RGadded.realigend.fixed.recal.bam
12:48:03.731 INFO  FeatureManager - Using codec BEDCodec to read file file:///scratch/2022_summer_internship/mjcho/week5_somatic_variant/bed/total.merged.bed
12:48:03.744 INFO  IntervalArgumentCollection - Processing 67128 bp from intervals
12:48:03.757 INFO  Mutect2 - Done initializing engine
12:48:03.789 INFO  NativeLibraryLoader - Loading libgkl_utils.so from jar:file:/opt/biogrids/x86_64-linux/gatk/4.2.5.0/bin/gatk-package-4.2.5.0-local.jar!/com/intel/gkl/native/libgkl_utils.so
12:48:03.789 INFO  NativeLibraryLoader - Loading libgkl_pairhmm_omp.so from jar:file:/opt/biogrids/x86_64-linux/gatk/4.2.5.0/bin/gatk-package-4.2.5.0-local.jar!/com/intel/gkl/native/libgkl_pairhmm_omp.so
12:48:03.831 INFO  IntelPairHmm - Using CPU-supported AVX-512 instructions
12:48:03.831 INFO  IntelPairHmm - Flush-to-zero (FTZ) is enabled when running PairHMM
12:48:03.831 INFO  IntelPairHmm - Available threads: 2
12:48:03.831 INFO  IntelPairHmm - Requested threads: 2
12:48:03.831 INFO  PairHMM - Using the OpenMP multi-threaded AVX-accelerated native PairHMM implementation
12:48:03.872 INFO  ProgressMeter - Starting traversal
12:48:03.872 INFO  ProgressMeter -        Current Locus  Elapsed Minutes     Regions Processed   Regions/Minute
12:48:15.799 INFO  ProgressMeter -           1:35920039              0.2                    20            100.6
12:48:32.913 INFO  ProgressMeter -           1:84945015              0.5                    40             82.6
12:49:03.635 INFO  ProgressMeter -          1:201184187              1.0                    60             60.2
12:49:18.401 INFO  ProgressMeter -          1:220300166              1.2                    70             56.4
12:49:39.262 INFO  ProgressMeter -          1:230914715              1.6                    80             50.3
12:49:53.123 INFO  ProgressMeter -           2:54035432              1.8                    90             49.4
12:50:03.846 INFO  ProgressMeter -           2:71221860              2.0                   100             50.0
12:50:36.504 INFO  ProgressMeter -          2:121989452              2.5                   120             47.2
12:50:52.718 INFO  ProgressMeter -          2:219903144              2.8                   140             49.7
12:51:08.803 INFO  ProgressMeter -          2:231406603              3.1                   150             48.7
12:51:25.342 INFO  ProgressMeter -          2:234473998              3.4                   160             47.7
12:51:46.373 INFO  ProgressMeter -           3:39161445              3.7                   180             48.5
12:52:03.362 INFO  ProgressMeter -          3:111993740              4.0                   200             50.1
12:52:21.829 INFO  ProgressMeter -          3:145938705              4.3                   220             51.2
12:52:36.217 INFO  ProgressMeter -           4:23814640              4.5                   240             52.9
12:53:31.580 INFO  VectorLoglessPairHMM - Time spent in setup for JNI call : 0.041828090000000005
12:53:31.581 INFO  PairHMM - Total compute time in PairHMM computeLogLikelihoods() : 17.412962672000003
12:53:31.582 INFO  SmithWatermanAligner - Total compute time in java Smith-Waterman : 9.23 sec
12:53:31.588 INFO  Mutect2 - Shutting down engine
[July 5, 2022 12:53:31 PM KST] org.broadinstitute.hellbender.tools.walkers.mutect.Mutect2 done. Elapsed time: 5.47 minutes.
Runtime.totalMemory()=2075918336
Exception in thread "main" java.lang.OutOfMemoryError: Java heap space
	at htsjdk.samtools.BAMRecordCodec.decode(BAMRecordCodec.java:281)
	at htsjdk.samtools.BAMFileReader$BAMFileIterator.getNextRecord(BAMFileReader.java:866)
	at htsjdk.samtools.BAMFileReader$BAMFileIndexIterator.getNextRecord(BAMFileReader.java:1005)
	at htsjdk.samtools.BAMFileReader$BAMFileIterator.advance(BAMFileReader.java:840)
	at htsjdk.samtools.BAMFileReader$BAMFileIterator.next(BAMFileReader.java:834)
	at htsjdk.samtools.BAMFileReader$BAMFileIterator.next(BAMFileReader.java:802)
	at htsjdk.samtools.BAMFileReader$BAMQueryFilteringIterator.advance(BAMFileReader.java:1058)
	at htsjdk.samtools.BAMFileReader$BAMQueryFilteringIterator.next(BAMFileReader.java:1048)
	at htsjdk.samtools.BAMFileReader$BAMQueryFilteringIterator.next(BAMFileReader.java:1012)
	at htsjdk.samtools.SamReader$AssertingIterator.next(SamReader.java:591)
	at htsjdk.samtools.SamReader$AssertingIterator.next(SamReader.java:570)
	at org.broadinstitute.hellbender.utils.iterators.SamReaderQueryingIterator.loadNextRecord(SamReaderQueryingIterator.java:119)
	at org.broadinstitute.hellbender.utils.iterators.SamReaderQueryingIterator.next(SamReaderQueryingIterator.java:156)
	at org.broadinstitute.hellbender.utils.iterators.SamReaderQueryingIterator.next(SamReaderQueryingIterator.java:29)
	at htsjdk.samtools.util.PeekableIterator.advance(PeekableIterator.java:71)
	at htsjdk.samtools.util.PeekableIterator.next(PeekableIterator.java:57)
	at htsjdk.samtools.MergingSamRecordIterator.next(MergingSamRecordIterator.java:129)
	at htsjdk.samtools.MergingSamRecordIterator.next(MergingSamRecordIterator.java:37)
	at org.broadinstitute.hellbender.utils.iterators.SAMRecordToReadIterator.next(SAMRecordToReadIterator.java:27)
	at org.broadinstitute.hellbender.utils.iterators.SAMRecordToReadIterator.next(SAMRecordToReadIterator.java:13)
	at org.broadinstitute.hellbender.utils.iterators.ReadTransformingIterator.next(ReadTransformingIterator.java:42)
	at org.broadinstitute.hellbender.utils.iterators.ReadTransformingIterator.next(ReadTransformingIterator.java:14)
	at org.broadinstitute.hellbender.utils.iterators.ReadFilteringIterator.loadNextRead(ReadFilteringIterator.java:53)
	at org.broadinstitute.hellbender.utils.iterators.ReadFilteringIterator.next(ReadFilteringIterator.java:47)
	at org.broadinstitute.hellbender.utils.iterators.ReadFilteringIterator.next(ReadFilteringIterator.java:13)
	at org.broadinstitute.hellbender.utils.iterators.ReadTransformingIterator.next(ReadTransformingIterator.java:42)
	at org.broadinstitute.hellbender.utils.iterators.ReadTransformingIterator.next(ReadTransformingIterator.java:14)
	at org.broadinstitute.hellbender.utils.iterators.PushToPullIterator.fillCache(PushToPullIterator.java:72)
	at org.broadinstitute.hellbender.utils.iterators.PushToPullIterator.advanceToNextElement(PushToPullIterator.java:58)
	at org.broadinstitute.hellbender.utils.iterators.PushToPullIterator.next(PushToPullIterator.java:52)
	at org.broadinstitute.hellbender.utils.iterators.ReadCachingIterator.next(ReadCachingIterator.java:42)
	at org.broadinstitute.hellbender.utils.iterators.ReadCachingIterator.next(ReadCachingIterator.java:17)
