Using GATK jar /opt/biogrids/x86_64-linux/gatk/4.2.5.0/bin/gatk-package-4.2.5.0-local.jar
Running:
    java -Dsamjdk.use_async_io_read_samtools=false -Dsamjdk.use_async_io_write_samtools=true -Dsamjdk.use_async_io_write_tribble=false -Dsamjdk.compression_level=2 -XX:+UseSerialGC -Xms4G -Xmx4G -Djava.io.tmpdir=./log/ -jar /opt/biogrids/x86_64-linux/gatk/4.2.5.0/bin/gatk-package-4.2.5.0-local.jar Mutect2 -R /data/references/b37/human_g1k_v37_decoy.fasta -I ./bam/1C_amp.sorted.RGadded.realigend.fixed.recal.bam -I ./bam/1F_amp.sorted.RGadded.realigend.fixed.recal.bam -tumor 1C_amp/1C_amp.bam -normal 1F_amp/1F_amp.bam -O amp.somatic.vcf.gz --native-pair-hmm-threads 2 -L /scratch/2022_summer_internship/mjcho/week5_somatic_variant/bed/total.merged.bed
14:29:02.242 INFO  NativeLibraryLoader - Loading libgkl_compression.so from jar:file:/opt/biogrids/x86_64-linux/gatk/4.2.5.0/bin/gatk-package-4.2.5.0-local.jar!/com/intel/gkl/native/libgkl_compression.so
Jul 05, 2022 2:29:02 PM shaded.cloud_nio.com.google.auth.oauth2.ComputeEngineCredentials runningOnComputeEngine
INFO: Failed to detect whether we are running on Google Compute Engine.
14:29:02.352 INFO  Mutect2 - ------------------------------------------------------------
14:29:02.352 INFO  Mutect2 - The Genome Analysis Toolkit (GATK) v4.2.5.0
14:29:02.353 INFO  Mutect2 - For support and documentation go to https://software.broadinstitute.org/gatk/
14:29:02.353 INFO  Mutect2 - Executing as mjcho@compgen on Linux v3.10.0-1160.el7.x86_64 amd64
14:29:02.353 INFO  Mutect2 - Java runtime: OpenJDK 64-Bit Server VM v1.8.0_322-b06
14:29:02.353 INFO  Mutect2 - Start Date/Time: July 5, 2022 2:29:02 PM KST
14:29:02.353 INFO  Mutect2 - ------------------------------------------------------------
14:29:02.353 INFO  Mutect2 - ------------------------------------------------------------
14:29:02.353 INFO  Mutect2 - HTSJDK Version: 2.24.1
14:29:02.353 INFO  Mutect2 - Picard Version: 2.25.4
14:29:02.353 INFO  Mutect2 - Built for Spark Version: 2.4.5
14:29:02.353 INFO  Mutect2 - HTSJDK Defaults.COMPRESSION_LEVEL : 2
14:29:02.353 INFO  Mutect2 - HTSJDK Defaults.USE_ASYNC_IO_READ_FOR_SAMTOOLS : false
14:29:02.353 INFO  Mutect2 - HTSJDK Defaults.USE_ASYNC_IO_WRITE_FOR_SAMTOOLS : true
14:29:02.354 INFO  Mutect2 - HTSJDK Defaults.USE_ASYNC_IO_WRITE_FOR_TRIBBLE : false
14:29:02.354 INFO  Mutect2 - Deflater: IntelDeflater
14:29:02.354 INFO  Mutect2 - Inflater: IntelInflater
14:29:02.354 INFO  Mutect2 - GCS max retries/reopens: 20
14:29:02.354 INFO  Mutect2 - Requester pays: disabled
14:29:02.354 INFO  Mutect2 - Initializing engine
WARNING: BAM index file /scratch/2022_summer_internship/mjcho/week5_somatic_variant/./bam/1C_amp.sorted.RGadded.realigend.fixed.recal.bai is older than BAM /scratch/2022_summer_internship/mjcho/week5_somatic_variant/./bam/1C_amp.sorted.RGadded.realigend.fixed.recal.bam
WARNING: BAM index file /scratch/2022_summer_internship/mjcho/week5_somatic_variant/./bam/1F_amp.sorted.RGadded.realigend.fixed.recal.bai is older than BAM /scratch/2022_summer_internship/mjcho/week5_somatic_variant/./bam/1F_amp.sorted.RGadded.realigend.fixed.recal.bam
14:29:02.745 INFO  FeatureManager - Using codec BEDCodec to read file file:///scratch/2022_summer_internship/mjcho/week5_somatic_variant/bed/total.merged.bed
14:29:02.758 INFO  IntervalArgumentCollection - Processing 67128 bp from intervals
14:29:02.773 INFO  Mutect2 - Done initializing engine
14:29:02.799 INFO  NativeLibraryLoader - Loading libgkl_utils.so from jar:file:/opt/biogrids/x86_64-linux/gatk/4.2.5.0/bin/gatk-package-4.2.5.0-local.jar!/com/intel/gkl/native/libgkl_utils.so
14:29:02.800 INFO  NativeLibraryLoader - Loading libgkl_pairhmm_omp.so from jar:file:/opt/biogrids/x86_64-linux/gatk/4.2.5.0/bin/gatk-package-4.2.5.0-local.jar!/com/intel/gkl/native/libgkl_pairhmm_omp.so
14:29:02.841 INFO  IntelPairHmm - Using CPU-supported AVX-512 instructions
14:29:02.841 INFO  IntelPairHmm - Flush-to-zero (FTZ) is enabled when running PairHMM
14:29:02.841 INFO  IntelPairHmm - Available threads: 2
14:29:02.841 INFO  IntelPairHmm - Requested threads: 2
14:29:02.841 INFO  PairHMM - Using the OpenMP multi-threaded AVX-accelerated native PairHMM implementation
14:29:02.882 INFO  ProgressMeter - Starting traversal
14:29:02.882 INFO  ProgressMeter -        Current Locus  Elapsed Minutes     Regions Processed   Regions/Minute
14:29:14.467 INFO  ProgressMeter -           1:35920039              0.2                    20            103.6
14:29:27.740 INFO  ProgressMeter -           1:84945015              0.4                    40             96.5
14:29:39.745 INFO  ProgressMeter -          1:201184187              0.6                    60             97.7
14:30:01.035 INFO  ProgressMeter -          1:230914715              1.0                    80             82.5
14:30:16.571 INFO  ProgressMeter -           2:71221860              1.2                   100             81.4
14:30:42.092 INFO  ProgressMeter -          2:121989452              1.7                   120             72.6
14:30:54.926 INFO  ProgressMeter -          2:219903144              1.9                   140             75.0
14:31:09.940 INFO  ProgressMeter -          2:231406603              2.1                   150             70.8
14:31:23.981 INFO  ProgressMeter -          2:234473998              2.4                   160             68.0
14:31:41.893 INFO  ProgressMeter -           3:39161445              2.7                   180             67.9
14:31:56.548 INFO  ProgressMeter -          3:111993740              2.9                   200             69.1
14:32:11.810 INFO  ProgressMeter -          3:145938705              3.1                   220             69.9
14:32:23.360 INFO  ProgressMeter -           4:23814640              3.3                   240             71.8
14:34:33.243 INFO  ProgressMeter -           4:68829097              5.5                   250             45.4
14:34:56.302 INFO  ProgressMeter -          4:103225470              5.9                   260             44.1
14:35:24.720 INFO  ProgressMeter -          4:134076068              6.4                   270             42.4
14:35:59.845 INFO  ProgressMeter -             5:635483              6.9                   280             40.3
14:36:31.234 INFO  ProgressMeter -           5:41000776              7.5                   290             38.8
14:37:05.453 INFO  ProgressMeter -          5:112889283              8.0                   300             37.3
14:37:20.559 INFO  ProgressMeter -          5:141014452              8.3                   310             37.4
14:37:38.118 INFO  ProgressMeter -          5:176382982              8.6                   320             37.3
14:37:50.628 INFO  ProgressMeter -           6:31583294              8.8                   330             37.5
14:38:06.594 INFO  ProgressMeter -           6:38650580              9.1                   340             37.5
14:38:16.961 INFO  ProgressMeter -           6:41895174              9.2                   350             37.9
14:38:32.867 INFO  ProgressMeter -          6:109762556              9.5                   370             38.9
14:38:50.194 INFO  ProgressMeter -          6:155485545              9.8                   380             38.8
14:39:17.046 INFO  ProgressMeter -           7:15405135             10.2                   400             39.1
14:39:50.343 INFO  ProgressMeter -           7:95025585             10.8                   420             38.9
14:40:05.308 INFO  ProgressMeter -            8:6912994             11.0                   440             39.9
14:40:31.377 INFO  ProgressMeter -           8:52366163             11.5                   450             39.2
14:40:46.006 INFO  ProgressMeter -          8:144658598             11.7                   470             40.1
14:41:09.452 INFO  ProgressMeter -           9:35102704             12.1                   480             39.6
14:41:34.420 INFO  ProgressMeter -          9:123725910             12.5                   500             39.9
14:41:51.347 INFO  ProgressMeter -          10:32141492             12.8                   520             40.6
14:42:02.240 INFO  ProgressMeter -         10:104386928             13.0                   540             41.6
14:42:19.241 INFO  ProgressMeter -         10:123809969             13.3                   550             41.4
14:42:31.340 INFO  ProgressMeter -            11:720058             13.5                   560             41.6
14:42:57.985 INFO  ProgressMeter -          11:46917757             13.9                   580             41.7
14:43:12.489 INFO  ProgressMeter -         11:120340023             14.2                   600             42.4
14:43:24.865 INFO  ProgressMeter -          12:56093724             14.4                   630             43.9
14:44:35.718 INFO  ProgressMeter -          12:80935866             15.5                   640             41.2
14:44:53.838 INFO  ProgressMeter -         12:104092875             15.8                   650             41.0
14:45:09.298 INFO  ProgressMeter -          13:22255180             16.1                   670             41.6
14:45:33.828 INFO  ProgressMeter -          13:96638583             16.5                   680             41.2
14:45:50.779 INFO  ProgressMeter -          14:25100276             16.8                   700             41.7
14:46:06.924 INFO  ProgressMeter -          14:96777450             17.1                   720             42.2
14:46:19.902 INFO  ProgressMeter -          15:66850316             17.3                   730             42.2
14:46:32.393 INFO  ProgressMeter -          16:81183291             17.5                   760             43.4
14:46:51.956 INFO  ProgressMeter -          17:32647817             17.8                   790             44.3
14:47:11.138 INFO  ProgressMeter -          17:76120648             18.1                   810             44.7
14:47:23.794 INFO  ProgressMeter -          18:48327767             18.3                   830             45.2
14:47:34.156 INFO  ProgressMeter -          19:52130451             18.5                   870             47.0
14:47:51.554 INFO  ProgressMeter -          20:57234675             18.8                   880             46.8
14:48:05.029 INFO  ProgressMeter -          21:33067122             19.0                   890             46.8
14:48:18.390 INFO  ProgressMeter -          22:30860803             19.3                   910             47.3
14:48:27.833 INFO  Mutect2 - 556573 read(s) filtered by: MappingQualityReadFilter 
0 read(s) filtered by: MappingQualityAvailableReadFilter 
0 read(s) filtered by: MappingQualityNotZeroReadFilter 
0 read(s) filtered by: MappedReadFilter 
0 read(s) filtered by: NotSecondaryAlignmentReadFilter 
0 read(s) filtered by: NotDuplicateReadFilter 
0 read(s) filtered by: PassesVendorQualityCheckReadFilter 
0 read(s) filtered by: NonChimericOriginalAlignmentReadFilter 
0 read(s) filtered by: NonZeroReferenceLengthAlignmentReadFilter 
0 read(s) filtered by: ReadLengthReadFilter 
0 read(s) filtered by: GoodCigarReadFilter 
0 read(s) filtered by: WellformedReadFilter 
556573 total reads filtered
14:48:27.834 INFO  ProgressMeter -          22:50897895             19.4                   931             48.0
14:48:27.834 INFO  ProgressMeter - Traversal complete. Processed 931 total regions in 19.4 minutes.
14:48:27.971 INFO  VectorLoglessPairHMM - Time spent in setup for JNI call : 0.18416890100000002
14:48:27.971 INFO  PairHMM - Total compute time in PairHMM computeLogLikelihoods() : 81.064543989
14:48:27.972 INFO  SmithWatermanAligner - Total compute time in java Smith-Waterman : 34.45 sec
14:48:27.975 INFO  Mutect2 - Shutting down engine
[July 5, 2022 2:48:27 PM KST] org.broadinstitute.hellbender.tools.walkers.mutect.Mutect2 done. Elapsed time: 19.43 minutes.
Runtime.totalMemory()=4151836672
