Using GATK jar /opt/biogrids/x86_64-linux/gatk/4.2.5.0/bin/gatk-package-4.2.5.0-local.jar
Running:
    java -Dsamjdk.use_async_io_read_samtools=false -Dsamjdk.use_async_io_write_samtools=true -Dsamjdk.use_async_io_write_tribble=false -Dsamjdk.compression_level=2 -XX:+UseSerialGC -Xms1G -Xmx1G -Djava.io.tmpdir=./log/ -jar /opt/biogrids/x86_64-linux/gatk/4.2.5.0/bin/gatk-package-4.2.5.0-local.jar FilterMutectCalls -R /data/references/b37/human_g1k_v37_decoy.fasta -V amp.somatic.vcf.gz -O amp.filtered.somatic.vcf.gz -L ./bed/total.merged.bed
15:07:52.086 INFO  NativeLibraryLoader - Loading libgkl_compression.so from jar:file:/opt/biogrids/x86_64-linux/gatk/4.2.5.0/bin/gatk-package-4.2.5.0-local.jar!/com/intel/gkl/native/libgkl_compression.so
Jul 05, 2022 3:07:52 PM shaded.cloud_nio.com.google.auth.oauth2.ComputeEngineCredentials runningOnComputeEngine
INFO: Failed to detect whether we are running on Google Compute Engine.
15:07:52.295 INFO  FilterMutectCalls - ------------------------------------------------------------
15:07:52.295 INFO  FilterMutectCalls - The Genome Analysis Toolkit (GATK) v4.2.5.0
15:07:52.296 INFO  FilterMutectCalls - For support and documentation go to https://software.broadinstitute.org/gatk/
15:07:52.296 INFO  FilterMutectCalls - Executing as mjcho@compgen on Linux v3.10.0-1160.el7.x86_64 amd64
15:07:52.296 INFO  FilterMutectCalls - Java runtime: OpenJDK 64-Bit Server VM v1.8.0_322-b06
15:07:52.296 INFO  FilterMutectCalls - Start Date/Time: July 5, 2022 3:07:52 PM KST
15:07:52.296 INFO  FilterMutectCalls - ------------------------------------------------------------
15:07:52.296 INFO  FilterMutectCalls - ------------------------------------------------------------
15:07:52.296 INFO  FilterMutectCalls - HTSJDK Version: 2.24.1
15:07:52.296 INFO  FilterMutectCalls - Picard Version: 2.25.4
15:07:52.296 INFO  FilterMutectCalls - Built for Spark Version: 2.4.5
15:07:52.296 INFO  FilterMutectCalls - HTSJDK Defaults.COMPRESSION_LEVEL : 2
15:07:52.296 INFO  FilterMutectCalls - HTSJDK Defaults.USE_ASYNC_IO_READ_FOR_SAMTOOLS : false
15:07:52.297 INFO  FilterMutectCalls - HTSJDK Defaults.USE_ASYNC_IO_WRITE_FOR_SAMTOOLS : true
15:07:52.297 INFO  FilterMutectCalls - HTSJDK Defaults.USE_ASYNC_IO_WRITE_FOR_TRIBBLE : false
15:07:52.297 INFO  FilterMutectCalls - Deflater: IntelDeflater
15:07:52.297 INFO  FilterMutectCalls - Inflater: IntelInflater
15:07:52.297 INFO  FilterMutectCalls - GCS max retries/reopens: 20
15:07:52.297 INFO  FilterMutectCalls - Requester pays: disabled
15:07:52.297 INFO  FilterMutectCalls - Initializing engine
15:07:52.723 INFO  FeatureManager - Using codec VCFCodec to read file file:///scratch/2022_summer_internship/mjcho/week5_somatic_variant/amp.somatic.vcf.gz
15:07:52.753 WARN  IntelInflater - Zero Bytes Written : 0
15:07:52.801 WARN  IntelInflater - Zero Bytes Written : 0
15:07:52.836 INFO  FeatureManager - Using codec BEDCodec to read file file:///scratch/2022_summer_internship/mjcho/week5_somatic_variant/./bed/total.merged.bed
15:07:52.853 INFO  IntervalArgumentCollection - Processing 67128 bp from intervals
15:07:52.871 INFO  FilterMutectCalls - Done initializing engine
15:07:52.967 INFO  ProgressMeter - Starting traversal
15:07:52.967 INFO  ProgressMeter -        Current Locus  Elapsed Minutes    Variants Processed  Variants/Minute
15:07:52.968 INFO  FilterMutectCalls - Starting pass 0 through the variants
15:07:53.669 INFO  FilterMutectCalls - Finished pass 0 through the variants
15:07:53.853 INFO  FilterMutectCalls - Starting pass 1 through the variants
15:07:54.094 INFO  FilterMutectCalls - Finished pass 1 through the variants
15:07:54.137 INFO  FilterMutectCalls - Starting pass 2 through the variants
15:07:54.290 INFO  FilterMutectCalls - Finished pass 2 through the variants
15:07:54.291 INFO  FilterMutectCalls - Starting pass 3 through the variants
15:07:54.666 INFO  FilterMutectCalls - Finished pass 3 through the variants
15:07:54.686 INFO  FilterMutectCalls - No variants filtered by: AllowAllVariantsVariantFilter
15:07:54.686 INFO  FilterMutectCalls - 0 read(s) filtered by: AllowAllReadsReadFilter 

15:07:54.686 INFO  ProgressMeter -         10:126670380              0.0                  1552          54202.6
15:07:54.686 INFO  ProgressMeter - Traversal complete. Processed 1552 total variants in 0.0 minutes.
15:07:54.719 INFO  FilterMutectCalls - Shutting down engine
[July 5, 2022 3:07:54 PM KST] org.broadinstitute.hellbender.tools.walkers.mutect.filtering.FilterMutectCalls done. Elapsed time: 0.04 minutes.
Runtime.totalMemory()=1037959168
