Using GATK jar /opt/biogrids/x86_64-linux/gatk/4.2.5.0/bin/gatk-package-4.2.5.0-local.jar
Running:
    java -Dsamjdk.use_async_io_read_samtools=false -Dsamjdk.use_async_io_write_samtools=true -Dsamjdk.use_async_io_write_tribble=false -Dsamjdk.compression_level=2 -XX:+UseSerialGC -Xms4G -Xmx4G -Djava.io.tmpdir=./log/tmp/ -jar /opt/biogrids/x86_64-linux/gatk/4.2.5.0/bin/gatk-package-4.2.5.0-local.jar Mutect2 -R /data/references/b37/human_g1k_v37_decoy.fasta -I /scratch/2022_summer_internship/mjcho/week5_somatic_variant/bam/1C_amp.bam -I /scratch/2022_summer_internship/mjcho/week5_somatic_variant/bam/1F_amp.bam -tumor 1C_amp/1C_amp.bam -normal 1F_amp/1F_amp.bam -O amp.somatic.vcf.gz --native-pair-hmm-threads 2 -L /scratch/2022_summer_internship/mjcho/week5_somatic_variant/bed/total.merged.bed -pon /scratch/2022_summer_internship/mjcho/week6/PoN/pon.vcf.gz --minimum-mapping-quality 6 -active-probability-threshold 0.0015
13:57:50.342 INFO  NativeLibraryLoader - Loading libgkl_compression.so from jar:file:/opt/biogrids/x86_64-linux/gatk/4.2.5.0/bin/gatk-package-4.2.5.0-local.jar!/com/intel/gkl/native/libgkl_compression.so
Jul 13, 2022 1:57:50 PM shaded.cloud_nio.com.google.auth.oauth2.ComputeEngineCredentials runningOnComputeEngine
INFO: Failed to detect whether we are running on Google Compute Engine.
13:57:50.446 INFO  Mutect2 - ------------------------------------------------------------
13:57:50.446 INFO  Mutect2 - The Genome Analysis Toolkit (GATK) v4.2.5.0
13:57:50.446 INFO  Mutect2 - For support and documentation go to https://software.broadinstitute.org/gatk/
13:57:50.447 INFO  Mutect2 - Executing as mjcho@compgen on Linux v3.10.0-1160.el7.x86_64 amd64
13:57:50.447 INFO  Mutect2 - Java runtime: OpenJDK 64-Bit Server VM v1.8.0_322-b06
13:57:50.447 INFO  Mutect2 - Start Date/Time: July 13, 2022 1:57:50 PM KST
13:57:50.447 INFO  Mutect2 - ------------------------------------------------------------
13:57:50.447 INFO  Mutect2 - ------------------------------------------------------------
13:57:50.447 INFO  Mutect2 - HTSJDK Version: 2.24.1
13:57:50.447 INFO  Mutect2 - Picard Version: 2.25.4
13:57:50.447 INFO  Mutect2 - Built for Spark Version: 2.4.5
13:57:50.447 INFO  Mutect2 - HTSJDK Defaults.COMPRESSION_LEVEL : 2
13:57:50.447 INFO  Mutect2 - HTSJDK Defaults.USE_ASYNC_IO_READ_FOR_SAMTOOLS : false
13:57:50.447 INFO  Mutect2 - HTSJDK Defaults.USE_ASYNC_IO_WRITE_FOR_SAMTOOLS : true
13:57:50.447 INFO  Mutect2 - HTSJDK Defaults.USE_ASYNC_IO_WRITE_FOR_TRIBBLE : false
13:57:50.447 INFO  Mutect2 - Deflater: IntelDeflater
13:57:50.448 INFO  Mutect2 - Inflater: IntelInflater
13:57:50.448 INFO  Mutect2 - GCS max retries/reopens: 20
13:57:50.448 INFO  Mutect2 - Requester pays: disabled
13:57:50.448 INFO  Mutect2 - Initializing engine
WARNING	2022-07-13 13:57:50	SamFiles	The index file /scratch/2022_summer_internship/mjcho/week4_germline_variant/bam/1C_amp.sorted.RGadded.realigend.fixed.recal.bai was found by resolving the canonical path of a symlink: /scratch/2022_summer_internship/mjcho/week5_somatic_variant/bam/1C_amp.bam -> /scratch/2022_summer_internship/mjcho/week4_germline_variant/bam/1C_amp.sorted.RGadded.realigend.fixed.recal.bam
WARNING: BAM index file /scratch/2022_summer_internship/mjcho/week4_germline_variant/bam/1C_amp.sorted.RGadded.realigend.fixed.recal.bai is older than BAM /scratch/2022_summer_internship/mjcho/week5_somatic_variant/bam/1C_amp.bam
WARNING	2022-07-13 13:57:50	SamFiles	The index file /scratch/2022_summer_internship/mjcho/week4_germline_variant/bam/1F_amp.sorted.RGadded.realigend.fixed.recal.bai was found by resolving the canonical path of a symlink: /scratch/2022_summer_internship/mjcho/week5_somatic_variant/bam/1F_amp.bam -> /scratch/2022_summer_internship/mjcho/week4_germline_variant/bam/1F_amp.sorted.RGadded.realigend.fixed.recal.bam
WARNING: BAM index file /scratch/2022_summer_internship/mjcho/week4_germline_variant/bam/1F_amp.sorted.RGadded.realigend.fixed.recal.bai is older than BAM /scratch/2022_summer_internship/mjcho/week5_somatic_variant/bam/1F_amp.bam
13:57:50.766 INFO  FeatureManager - Using codec VCFCodec to read file file:///scratch/2022_summer_internship/mjcho/week6/PoN/pon.vcf.gz
13:57:50.792 WARN  IntelInflater - Zero Bytes Written : 0
13:57:50.804 INFO  FeatureManager - Using codec BEDCodec to read file file:///scratch/2022_summer_internship/mjcho/week5_somatic_variant/bed/total.merged.bed
13:57:50.813 INFO  IntervalArgumentCollection - Processing 67128 bp from intervals
13:57:50.833 INFO  Mutect2 - Done initializing engine
13:57:50.861 INFO  NativeLibraryLoader - Loading libgkl_utils.so from jar:file:/opt/biogrids/x86_64-linux/gatk/4.2.5.0/bin/gatk-package-4.2.5.0-local.jar!/com/intel/gkl/native/libgkl_utils.so
13:57:50.863 INFO  NativeLibraryLoader - Loading libgkl_pairhmm_omp.so from jar:file:/opt/biogrids/x86_64-linux/gatk/4.2.5.0/bin/gatk-package-4.2.5.0-local.jar!/com/intel/gkl/native/libgkl_pairhmm_omp.so
13:57:50.906 INFO  IntelPairHmm - Using CPU-supported AVX-512 instructions
13:57:50.906 INFO  IntelPairHmm - Flush-to-zero (FTZ) is enabled when running PairHMM
13:57:50.907 INFO  IntelPairHmm - Available threads: 2
13:57:50.907 INFO  IntelPairHmm - Requested threads: 2
13:57:50.907 INFO  PairHMM - Using the OpenMP multi-threaded AVX-accelerated native PairHMM implementation
13:57:50.940 INFO  ProgressMeter - Starting traversal
13:57:50.940 INFO  ProgressMeter -        Current Locus  Elapsed Minutes     Regions Processed   Regions/Minute
13:58:01.811 INFO  ProgressMeter -           1:35920038              0.2                    20            110.4
13:58:14.387 INFO  ProgressMeter -           1:84945013              0.4                    40            102.4
13:58:25.287 INFO  ProgressMeter -          1:201184137              0.6                    60            104.8
13:58:42.050 INFO  ProgressMeter -          1:220300089              0.9                    70             82.2
13:59:15.036 INFO  ProgressMeter -          1:230895316              1.4                    80             57.1
13:59:31.367 INFO  ProgressMeter -           2:71221818              1.7                   100             59.7
13:59:48.071 INFO  ProgressMeter -          2:121989398              2.0                   120             61.5
14:00:02.714 INFO  ProgressMeter -          2:160132079              2.2                   130             59.2
14:00:21.008 INFO  ProgressMeter -          2:231333754              2.5                   150             60.0
14:00:34.782 INFO  ProgressMeter -          2:234386079              2.7                   160             58.6
14:00:51.246 INFO  ProgressMeter -           3:39152338              3.0                   180             59.9
14:01:10.021 INFO  ProgressMeter -          3:125199100              3.3                   210             63.3
14:01:23.552 INFO  ProgressMeter -          3:183433040              3.5                   230             64.9
14:02:20.047 INFO  ProgressMeter -           4:68500143              4.5                   250             55.7
14:02:35.131 INFO  ProgressMeter -           4:98893427              4.7                   260             54.9
14:02:53.871 INFO  ProgressMeter -          4:129100599              5.0                   270             53.5
14:03:15.639 INFO  ProgressMeter -             5:233592              5.4                   280             51.7
14:03:34.737 INFO  ProgressMeter -           5:40931162              5.7                   290             50.6
14:04:01.949 INFO  ProgressMeter -           5:95236393              6.2                   300             48.5
14:04:14.347 INFO  ProgressMeter -          5:147692933              6.4                   310             48.5
14:04:26.683 INFO  ProgressMeter -          5:178581811              6.6                   320             48.5
14:04:38.766 INFO  ProgressMeter -           6:31692360              6.8                   330             48.6
14:04:51.507 INFO  ProgressMeter -           6:38800094              7.0                   340             48.5
14:05:02.207 INFO  ProgressMeter -           6:71508425              7.2                   360             50.1
14:05:14.232 INFO  ProgressMeter -          6:117860414              7.4                   370             50.1
14:05:25.472 INFO  ProgressMeter -          6:160969582              7.6                   380             50.2
14:05:41.011 INFO  ProgressMeter -           7:16460713              7.8                   400             51.1
14:05:58.756 INFO  ProgressMeter -           7:50180925              8.1                   410             50.4
14:06:11.269 INFO  ProgressMeter -           7:97847026              8.3                   420             50.4
14:06:27.372 INFO  ProgressMeter -           8:27277408              8.6                   440             51.1
14:06:43.979 INFO  ProgressMeter -           8:59508115              8.9                   450             50.7
14:07:04.971 INFO  ProgressMeter -            9:6984173              9.2                   470             50.9
14:07:16.993 INFO  ProgressMeter -           9:86900256              9.4                   480             50.9
14:07:27.967 INFO  ProgressMeter -          9:111868784              9.6                   490             51.0
14:07:38.780 INFO  ProgressMeter -          9:134497254              9.8                   500             51.0
14:07:54.697 INFO  ProgressMeter -          10:50680963             10.1                   520             51.7
14:08:11.163 INFO  ProgressMeter -         10:116719504             10.3                   540             52.2
14:08:25.954 INFO  ProgressMeter -         10:126691529             10.6                   550             52.0
14:08:53.075 INFO  ProgressMeter -          11:22283671             11.0                   570             51.7
14:09:07.739 INFO  ProgressMeter -         11:100792221             11.3                   590             52.3
14:09:19.538 INFO  ProgressMeter -          12:52711461             11.5                   620             54.0
14:10:00.016 INFO  ProgressMeter -          12:81067073             12.2                   640             52.7
14:10:12.554 INFO  ProgressMeter -         12:120527751             12.4                   660             53.4
14:10:30.432 INFO  ProgressMeter -          13:46154734             12.7                   670             52.9
14:10:44.198 INFO  ProgressMeter -         13:102220080             12.9                   680             52.8
14:10:55.101 INFO  ProgressMeter -          14:65268076             13.1                   700             53.6
14:11:10.288 INFO  ProgressMeter -          15:63548700             13.3                   720             54.0
14:11:22.066 INFO  ProgressMeter -          16:77323157             13.5                   750             55.5
14:11:32.794 INFO  ProgressMeter -          17:37070574             13.7                   790             57.7
14:11:43.102 INFO  ProgressMeter -          17:67290792             13.9                   800             57.7
14:11:56.758 INFO  ProgressMeter -            19:430680             14.1                   820             58.2
14:12:15.064 INFO  ProgressMeter -          20:31890718             14.4                   860             59.7
14:12:35.158 INFO  ProgressMeter -          21:38563631             14.7                   880             59.7
14:12:51.903 INFO  ProgressMeter -          22:43459871             15.0                   910             60.6
14:12:52.148 INFO  Mutect2 - 538426 read(s) filtered by: MappingQualityReadFilter 
0 read(s) filtered by: MappingQualityAvailableReadFilter 
0 read(s) filtered by: MappingQualityNotZeroReadFilter 
0 read(s) filtered by: MappedReadFilter 
0 read(s) filtered by: NotSecondaryAlignmentReadFilter 
0 read(s) filtered by: NotDuplicateReadFilter 
0 read(s) filtered by: PassesVendorQualityCheckReadFilter 
0 read(s) filtered by: NonChimericOriginalAlignmentReadFilter 
0 read(s) filtered by: NonZeroReferenceLengthAlignmentReadFilter 
0 read(s) filtered by: ReadLengthReadFilter 
0 read(s) filtered by: GoodCigarReadFilter 
0 read(s) filtered by: WellformedReadFilter 
538426 total reads filtered
14:12:52.148 INFO  ProgressMeter -          22:43459871             15.0                   914             60.9
14:12:52.149 INFO  ProgressMeter - Traversal complete. Processed 914 total regions in 15.0 minutes.
14:12:52.217 INFO  VectorLoglessPairHMM - Time spent in setup for JNI call : 0.152317177
14:12:52.218 INFO  PairHMM - Total compute time in PairHMM computeLogLikelihoods() : 76.97866385900001
14:12:52.218 INFO  SmithWatermanAligner - Total compute time in java Smith-Waterman : 32.95 sec
14:12:52.219 INFO  Mutect2 - Shutting down engine
[July 13, 2022 2:12:52 PM KST] org.broadinstitute.hellbender.tools.walkers.mutect.Mutect2 done. Elapsed time: 15.03 minutes.
Runtime.totalMemory()=4151836672
Using GATK jar /opt/biogrids/x86_64-linux/gatk/4.2.5.0/bin/gatk-package-4.2.5.0-local.jar
Running:
    java -Dsamjdk.use_async_io_read_samtools=false -Dsamjdk.use_async_io_write_samtools=true -Dsamjdk.use_async_io_write_tribble=false -Dsamjdk.compression_level=2 -XX:+UseSerialGC -Xms1G -Xmx1G -Djava.io.tmpdir=./log/tmp/ -jar /opt/biogrids/x86_64-linux/gatk/4.2.5.0/bin/gatk-package-4.2.5.0-local.jar FilterMutectCalls -R /data/references/b37/human_g1k_v37_decoy.fasta -V amp.somatic.vcf.gz -O amp.somatic.filtered.vcf.gz -L /scratch/2022_summer_internship/mjcho/week5_somatic_variant/bed/total.merged.bed -f-score-beta 0.5
14:12:54.925 INFO  NativeLibraryLoader - Loading libgkl_compression.so from jar:file:/opt/biogrids/x86_64-linux/gatk/4.2.5.0/bin/gatk-package-4.2.5.0-local.jar!/com/intel/gkl/native/libgkl_compression.so
Jul 13, 2022 2:12:55 PM shaded.cloud_nio.com.google.auth.oauth2.ComputeEngineCredentials runningOnComputeEngine
INFO: Failed to detect whether we are running on Google Compute Engine.
14:12:55.044 INFO  FilterMutectCalls - ------------------------------------------------------------
14:12:55.044 INFO  FilterMutectCalls - The Genome Analysis Toolkit (GATK) v4.2.5.0
14:12:55.044 INFO  FilterMutectCalls - For support and documentation go to https://software.broadinstitute.org/gatk/
14:12:55.044 INFO  FilterMutectCalls - Executing as mjcho@compgen on Linux v3.10.0-1160.el7.x86_64 amd64
14:12:55.044 INFO  FilterMutectCalls - Java runtime: OpenJDK 64-Bit Server VM v1.8.0_322-b06
14:12:55.045 INFO  FilterMutectCalls - Start Date/Time: July 13, 2022 2:12:54 PM KST
14:12:55.045 INFO  FilterMutectCalls - ------------------------------------------------------------
14:12:55.045 INFO  FilterMutectCalls - ------------------------------------------------------------
14:12:55.045 INFO  FilterMutectCalls - HTSJDK Version: 2.24.1
14:12:55.045 INFO  FilterMutectCalls - Picard Version: 2.25.4
14:12:55.045 INFO  FilterMutectCalls - Built for Spark Version: 2.4.5
14:12:55.045 INFO  FilterMutectCalls - HTSJDK Defaults.COMPRESSION_LEVEL : 2
14:12:55.045 INFO  FilterMutectCalls - HTSJDK Defaults.USE_ASYNC_IO_READ_FOR_SAMTOOLS : false
14:12:55.045 INFO  FilterMutectCalls - HTSJDK Defaults.USE_ASYNC_IO_WRITE_FOR_SAMTOOLS : true
14:12:55.045 INFO  FilterMutectCalls - HTSJDK Defaults.USE_ASYNC_IO_WRITE_FOR_TRIBBLE : false
14:12:55.045 INFO  FilterMutectCalls - Deflater: IntelDeflater
14:12:55.045 INFO  FilterMutectCalls - Inflater: IntelInflater
14:12:55.045 INFO  FilterMutectCalls - GCS max retries/reopens: 20
14:12:55.045 INFO  FilterMutectCalls - Requester pays: disabled
14:12:55.048 INFO  FilterMutectCalls - Initializing engine
14:12:55.352 INFO  FeatureManager - Using codec VCFCodec to read file file:///scratch/2022_summer_internship/mjcho/week5_somatic_variant/prj_amp/amp.somatic.vcf.gz
14:12:55.389 WARN  IntelInflater - Zero Bytes Written : 0
14:12:55.406 WARN  IntelInflater - Zero Bytes Written : 0
14:12:55.417 INFO  FeatureManager - Using codec BEDCodec to read file file:///scratch/2022_summer_internship/mjcho/week5_somatic_variant/bed/total.merged.bed
14:12:55.428 INFO  IntervalArgumentCollection - Processing 67128 bp from intervals
14:12:55.433 INFO  FilterMutectCalls - Done initializing engine
14:12:55.517 INFO  ProgressMeter - Starting traversal
14:12:55.517 INFO  ProgressMeter -        Current Locus  Elapsed Minutes    Variants Processed  Variants/Minute
14:12:55.518 INFO  FilterMutectCalls - Starting pass 0 through the variants
14:12:55.930 INFO  FilterMutectCalls - Finished pass 0 through the variants
14:12:56.024 INFO  FilterMutectCalls - Starting pass 1 through the variants
14:12:56.159 INFO  FilterMutectCalls - Finished pass 1 through the variants
14:12:56.190 INFO  FilterMutectCalls - Starting pass 2 through the variants
14:12:56.291 INFO  FilterMutectCalls - Finished pass 2 through the variants
14:12:56.291 INFO  FilterMutectCalls - Starting pass 3 through the variants
14:12:56.464 INFO  FilterMutectCalls - Finished pass 3 through the variants
14:12:56.469 INFO  FilterMutectCalls - No variants filtered by: AllowAllVariantsVariantFilter
14:12:56.469 INFO  FilterMutectCalls - 0 read(s) filtered by: AllowAllReadsReadFilter 

14:12:56.470 INFO  ProgressMeter -          11:46917819              0.0                  1544          97310.9
14:12:56.470 INFO  ProgressMeter - Traversal complete. Processed 1544 total variants in 0.0 minutes.
14:12:56.485 INFO  FilterMutectCalls - Shutting down engine
[July 13, 2022 2:12:56 PM KST] org.broadinstitute.hellbender.tools.walkers.mutect.filtering.FilterMutectCalls done. Elapsed time: 0.03 minutes.
Runtime.totalMemory()=1037959168
gzip: HC.somatic.filtered.vcf.gz: No such file or directory
NOTICE: Finished reading 0 lines from VCF file
NOTICE: A total of 0 locus in VCF file passed QC threshold, representing 0 SNPs (0 transitions and 0 transversions) and 0 indels/substitutions
NOTICE: Finished writing 0 SNP genotypes (0 transitions and 0 transversions) and 0 indels/substitutions for 1 sample
-----------------------------------------------------------------
NOTICE: Processing operation=gx protocol=refGene

NOTICE: Running with system command <annotate_variation.pl -geneanno -buildver hg19 -dbtype refGene -outfile amp.annovar.refGene -exonsort amp.avinput /opt/tools/annovar/humandb/>
NOTICE: Output files were written to amp.annovar.refGene.variant_function, amp.annovar.refGene.exonic_variant_function
NOTICE: Reading gene annotation from /opt/tools/annovar/humandb/hg19_refGene.txt ... Done with 63481 transcripts (including 15216 without coding sequence annotation) for 27720 unique genes

NOTICE: Running with system command <coding_change.pl amp.annovar.refGene.exonic_variant_function.orig /opt/tools/annovar/humandb//hg19_refGene.txt /opt/tools/annovar/humandb//hg19_refGeneMrna.fa -alltranscript -out amp.annovar.refGene.fa -newevf amp.annovar.refGene.exonic_variant_function>
NOTICE: The xrefkey is provided in header as <pLi pRec pNull Gene_full_name Function_description Disease_description Tissue_specificity(Uniprot) Expression(egenetics) Expression(GNF/Atlas) P(HI) P(rec) RVIS RVIS_percentile GDI GDI-Phred>
NOTICE: Finished reading 597255 cross references (each with 15 fields) from /opt/tools/annovar/example/gene_fullxref.txt
-----------------------------------------------------------------
NOTICE: Processing operation=r protocol=cytoBand

NOTICE: Running with system command <annotate_variation.pl -regionanno -dbtype cytoBand -buildver hg19 -outfile amp.annovar amp.avinput /opt/tools/annovar/humandb/>
NOTICE: Output file is written to amp.annovar.hg19_cytoBand
NOTICE: Reading annotation database /opt/tools/annovar/humandb/hg19_cytoBand.txt ... Done with 862 regions
NOTICE: Finished region-based annotation on 0 genetic variants
-----------------------------------------------------------------
NOTICE: Processing operation=f protocol=cosmic70

NOTICE: Running system command <annotate_variation.pl -filter -dbtype cosmic70 -buildver hg19 -outfile amp.annovar amp.avinput /opt/tools/annovar/humandb/>
NOTICE: the --dbtype cosmic70 is assumed to be in generic ANNOVAR database format
NOTICE: Variants matching filtering criteria are written to amp.annovar.hg19_cosmic70_dropped, other variants are written to amp.annovar.hg19_cosmic70_filtered
-----------------------------------------------------------------
NOTICE: Processing operation=f protocol=exac03
NOTICE: Finished reading 8 column headers for '-dbtype exac03'

NOTICE: Running system command <annotate_variation.pl -filter -dbtype exac03 -buildver hg19 -outfile amp.annovar amp.avinput /opt/tools/annovar/humandb/ -otherinfo>
NOTICE: the --dbtype exac03 is assumed to be in generic ANNOVAR database format
NOTICE: Variants matching filtering criteria are written to amp.annovar.hg19_exac03_dropped, other variants are written to amp.annovar.hg19_exac03_filtered
-----------------------------------------------------------------
NOTICE: Processing operation=f protocol=gnomad_genome
NOTICE: Finished reading 8 column headers for '-dbtype gnomad_genome'

NOTICE: Running system command <annotate_variation.pl -filter -dbtype gnomad_genome -buildver hg19 -outfile amp.annovar amp.avinput /opt/tools/annovar/humandb/ -otherinfo>
NOTICE: the --dbtype gnomad_genome is assumed to be in generic ANNOVAR database format
NOTICE: Variants matching filtering criteria are written to amp.annovar.hg19_gnomad_genome_dropped, other variants are written to amp.annovar.hg19_gnomad_genome_filtered
-----------------------------------------------------------------
NOTICE: Processing operation=f protocol=avsnp147

NOTICE: Running system command <annotate_variation.pl -filter -dbtype avsnp147 -buildver hg19 -outfile amp.annovar amp.avinput /opt/tools/annovar/humandb/>
NOTICE: Variants matching filtering criteria are written to amp.annovar.hg19_avsnp147_dropped, other variants are written to amp.annovar.hg19_avsnp147_filtered
-----------------------------------------------------------------
NOTICE: Processing operation=f protocol=clinvar_20190305
NOTICE: Finished reading 5 column headers for '-dbtype clinvar_20190305'

NOTICE: Running system command <annotate_variation.pl -filter -dbtype clinvar_20190305 -buildver hg19 -outfile amp.annovar amp.avinput /opt/tools/annovar/humandb/ -otherinfo>
NOTICE: the --dbtype clinvar_20190305 is assumed to be in generic ANNOVAR database format
NOTICE: Variants matching filtering criteria are written to amp.annovar.hg19_clinvar_20190305_dropped, other variants are written to amp.annovar.hg19_clinvar_20190305_filtered
-----------------------------------------------------------------
NOTICE: Processing operation=f protocol=HGMD.v4
NOTICE: Finished reading 1 column headers for '-dbtype HGMD.v4'

NOTICE: Running system command <annotate_variation.pl -filter -dbtype HGMD.v4 -buildver hg19 -outfile amp.annovar amp.avinput /opt/tools/annovar/humandb/ -otherinfo>
NOTICE: the --dbtype HGMD.v4 is assumed to be in generic ANNOVAR database format
NOTICE: Variants matching filtering criteria are written to amp.annovar.hg19_HGMD.v4_dropped, other variants are written to amp.annovar.hg19_HGMD.v4_filtered
-----------------------------------------------------------------
NOTICE: Multianno output file is written to amp.annovar.hg19_multianno.txt
