[M::bwa_idx_load_from_disk] read 0 ALT contigs
[M::process] read 396040 sequences (40000040 bp)...
[M::process] read 396040 sequences (40000040 bp)...
[M::mem_pestat] # candidate unique pairs for (FF, FR, RF, RR): (218, 141571, 50, 108)
[M::mem_pestat] analyzing insert size distribution for orientation FF...
[M::mem_pestat] (25, 50, 75) percentile: (56, 87, 178)
[M::mem_pestat] low and high boundaries for computing mean and std.dev: (1, 422)
[M::mem_pestat] mean and std.dev: (95.54, 74.73)
[M::mem_pestat] low and high boundaries for proper pairs: (1, 544)
[M::mem_pestat] analyzing insert size distribution for orientation FR...
[M::mem_pestat] (25, 50, 75) percentile: (115, 132, 154)
[M::mem_pestat] low and high boundaries for computing mean and std.dev: (37, 232)
[M::mem_pestat] mean and std.dev: (135.06, 30.29)
[M::mem_pestat] low and high boundaries for proper pairs: (1, 271)
[M::mem_pestat] analyzing insert size distribution for orientation RF...
[M::mem_pestat] (25, 50, 75) percentile: (191, 620, 2699)
[M::mem_pestat] low and high boundaries for computing mean and std.dev: (1, 7715)
[M::mem_pestat] mean and std.dev: (1405.53, 1908.84)
[M::mem_pestat] low and high boundaries for proper pairs: (1, 10223)
[M::mem_pestat] analyzing insert size distribution for orientation RR...
[M::mem_pestat] (25, 50, 75) percentile: (84, 137, 354)
[M::mem_pestat] low and high boundaries for computing mean and std.dev: (1, 894)
[M::mem_pestat] mean and std.dev: (194.09, 184.68)
[M::mem_pestat] low and high boundaries for proper pairs: (1, 1164)
[M::mem_pestat] skip orientation FF
[M::mem_pestat] skip orientation RF
[M::mem_pestat] skip orientation RR
[M::mem_process_seqs] Processed 396040 reads in 154.767 CPU sec, 155.142 real sec
[M::process] read 396040 sequences (40000040 bp)...
slurmstepd: error: *** JOB 1415 ON compgen CANCELLED AT 2022-07-21T10:57:43 ***
