INFO	2022-07-21 16:29:39	SortSam	

********** NOTE: Picard's command line syntax is changing.
**********
********** For more information, please see:
********** https://github.com/broadinstitute/picard/wiki/Command-Line-Syntax-Transition-For-Users-(Pre-Transition)
**********
********** The command line looks like this in the new syntax:
**********
**********    SortSam -SO coordinate -INPUT WES_B_Disease.bam -OUTPUT WES_B_Disease.sorted.bam -VALIDATION_STRINGENCY LENIENT -CREATE_INDEX true
**********


16:29:39.936 INFO  NativeLibraryLoader - Loading libgkl_compression.so from jar:file:/opt/biogrids/x86_64-linux/picard/2.26.10/bin/picard.jar!/com/intel/gkl/native/libgkl_compression.so
[Thu Jul 21 16:29:39 KST 2022] SortSam INPUT=WES_B_Disease.bam OUTPUT=WES_B_Disease.sorted.bam SORT_ORDER=coordinate VALIDATION_STRINGENCY=LENIENT CREATE_INDEX=true    VERBOSITY=INFO QUIET=false COMPRESSION_LEVEL=5 MAX_RECORDS_IN_RAM=500000 CREATE_MD5_FILE=false GA4GH_CLIENT_SECRETS=client_secrets.json USE_JDK_DEFLATER=false USE_JDK_INFLATER=false
[Thu Jul 21 16:29:39 KST 2022] Executing as mjcho@compgen on Linux 3.10.0-1160.el7.x86_64 amd64; OpenJDK 64-Bit Server VM 12.0.2+3; Deflater: Intel; Inflater: Intel; Provider GCS is not available; Picard version: 2.26.10
INFO	2022-07-21 16:29:40	SortSam	Seen many non-increasing record positions. Printing Read-names as well.
INFO	2022-07-21 16:30:25	SortSam	Read    10,000,000 records.  Elapsed time: 00:00:45s.  Time for last 10,000,000:   45s.  Last read position: 1:50,732,136.  Last read name: FCD_unknown.4993890
INFO	2022-07-21 16:31:04	SortSam	Read    20,000,000 records.  Elapsed time: 00:01:24s.  Time for last 10,000,000:   38s.  Last read position: 1:151,377,910.  Last read name: FCD_unknown.9988031
INFO	2022-07-21 16:31:41	SortSam	Read    30,000,000 records.  Elapsed time: 00:02:01s.  Time for last 10,000,000:   36s.  Last read position: 1:205,561,226.  Last read name: FCD_unknown.14982663
INFO	2022-07-21 16:32:20	SortSam	Read    40,000,000 records.  Elapsed time: 00:02:40s.  Time for last 10,000,000:   39s.  Last read position: 2:32,824,793.  Last read name: FCD_unknown.19976955
INFO	2022-07-21 16:33:01	SortSam	Read    50,000,000 records.  Elapsed time: 00:03:21s.  Time for last 10,000,000:   40s.  Last read position: 2:133,891,427.  Last read name: FCD_unknown.24970944
INFO	2022-07-21 16:33:41	SortSam	Read    60,000,000 records.  Elapsed time: 00:04:01s.  Time for last 10,000,000:   39s.  Last read position: 2:217,248,359.  Last read name: FCD_unknown.29965169
INFO	2022-07-21 16:34:22	SortSam	Read    70,000,000 records.  Elapsed time: 00:04:42s.  Time for last 10,000,000:   41s.  Last read position: 3:47,322,520.  Last read name: FCD_unknown.34959587
INFO	2022-07-21 16:35:01	SortSam	Read    80,000,000 records.  Elapsed time: 00:05:21s.  Time for last 10,000,000:   38s.  Last read position: 3:132,413,711.  Last read name: FCD_unknown.39954062
INFO	2022-07-21 16:35:41	SortSam	Read    90,000,000 records.  Elapsed time: 00:06:01s.  Time for last 10,000,000:   40s.  Last read position: 4:20,256,512.  Last read name: FCD_unknown.44948010
INFO	2022-07-21 16:36:20	SortSam	Read   100,000,000 records.  Elapsed time: 00:06:40s.  Time for last 10,000,000:   39s.  Last read position: 4:129,209,905.  Last read name: FCD_unknown.49941770
INFO	2022-07-21 16:36:58	SortSam	Read   110,000,000 records.  Elapsed time: 00:07:18s.  Time for last 10,000,000:   38s.  Last read position: 5:65,088,542.  Last read name: FCD_unknown.54935372
INFO	2022-07-21 16:37:09	SortSam	Finished reading inputs, merging and writing to output now.
INFO	2022-07-21 16:38:23	SortSam	Wrote    10,000,000 records from a sorting collection.  Elapsed time: 00:08:43s.  Time for last 10,000,000:   73s.  Last read position: 1:50,884,952
INFO	2022-07-21 16:39:35	SortSam	Wrote    20,000,000 records from a sorting collection.  Elapsed time: 00:09:55s.  Time for last 10,000,000:   72s.  Last read position: 1:151,679,640
INFO	2022-07-21 16:40:48	SortSam	Wrote    30,000,000 records from a sorting collection.  Elapsed time: 00:11:08s.  Time for last 10,000,000:   72s.  Last read position: 1:205,683,815
INFO	2022-07-21 16:42:00	SortSam	Wrote    40,000,000 records from a sorting collection.  Elapsed time: 00:12:20s.  Time for last 10,000,000:   72s.  Last read position: 2:33,650,277
INFO	2022-07-21 16:43:14	SortSam	Wrote    50,000,000 records from a sorting collection.  Elapsed time: 00:13:34s.  Time for last 10,000,000:   73s.  Last read position: 2:135,743,455
INFO	2022-07-21 16:44:25	SortSam	Wrote    60,000,000 records from a sorting collection.  Elapsed time: 00:14:45s.  Time for last 10,000,000:   71s.  Last read position: 2:218,757,590
INFO	2022-07-21 16:45:37	SortSam	Wrote    70,000,000 records from a sorting collection.  Elapsed time: 00:15:57s.  Time for last 10,000,000:   71s.  Last read position: 3:47,933,526
INFO	2022-07-21 16:46:49	SortSam	Wrote    80,000,000 records from a sorting collection.  Elapsed time: 00:17:09s.  Time for last 10,000,000:   71s.  Last read position: 3:134,079,184
INFO	2022-07-21 16:48:01	SortSam	Wrote    90,000,000 records from a sorting collection.  Elapsed time: 00:18:21s.  Time for last 10,000,000:   72s.  Last read position: 4:24,808,916
INFO	2022-07-21 16:49:14	SortSam	Wrote   100,000,000 records from a sorting collection.  Elapsed time: 00:19:34s.  Time for last 10,000,000:   72s.  Last read position: 4:139,827,079
INFO	2022-07-21 16:50:27	SortSam	Wrote   110,000,000 records from a sorting collection.  Elapsed time: 00:20:47s.  Time for last 10,000,000:   72s.  Last read position: 5:70,688,374
[Thu Jul 21 16:50:50 KST 2022] picard.sam.SortSam done. Elapsed time: 21.17 minutes.
Runtime.totalMemory()=1132060672
INFO	2022-07-21 16:50:50	AddOrReplaceReadGroups	

********** NOTE: Picard's command line syntax is changing.
**********
********** For more information, please see:
********** https://github.com/broadinstitute/picard/wiki/Command-Line-Syntax-Transition-For-Users-(Pre-Transition)
**********
********** The command line looks like this in the new syntax:
**********
**********    AddOrReplaceReadGroups -INPUT WES_B_Disease.sorted.bam -OUTPUT WES_B_Disease.sorted.RGadded.bam -SORT_ORDER coordinate -RGLB WES_B_Disease -RGPL Illumina -RGPU Illumina -RGSM WES_B_Disease -CREATE_INDEX true -VALIDATION_STRINGENCY LENIENT
**********


16:50:51.569 INFO  NativeLibraryLoader - Loading libgkl_compression.so from jar:file:/opt/biogrids/x86_64-linux/picard/2.26.10/bin/picard.jar!/com/intel/gkl/native/libgkl_compression.so
[Thu Jul 21 16:50:51 KST 2022] AddOrReplaceReadGroups INPUT=WES_B_Disease.sorted.bam OUTPUT=WES_B_Disease.sorted.RGadded.bam SORT_ORDER=coordinate RGLB=WES_B_Disease RGPL=Illumina RGPU=Illumina RGSM=WES_B_Disease VALIDATION_STRINGENCY=LENIENT CREATE_INDEX=true    RGID=1 VERBOSITY=INFO QUIET=false COMPRESSION_LEVEL=5 MAX_RECORDS_IN_RAM=500000 CREATE_MD5_FILE=false GA4GH_CLIENT_SECRETS=client_secrets.json USE_JDK_DEFLATER=false USE_JDK_INFLATER=false
[Thu Jul 21 16:50:51 KST 2022] Executing as mjcho@compgen on Linux 3.10.0-1160.el7.x86_64 amd64; OpenJDK 64-Bit Server VM 12.0.2+3; Deflater: Intel; Inflater: Intel; Provider GCS is not available; Picard version: 2.26.10
INFO	2022-07-21 16:50:51	AddOrReplaceReadGroups	Created read-group ID=1 PL=Illumina LB=WES_B_Disease SM=WES_B_Disease

INFO	2022-07-21 16:51:01	AddOrReplaceReadGroups	Processed     1,000,000 records.  Elapsed time: 00:00:10s.  Time for last 1,000,000:   10s.  Last read position: 1:6,131,230
INFO	2022-07-21 16:51:10	AddOrReplaceReadGroups	Processed     2,000,000 records.  Elapsed time: 00:00:18s.  Time for last 1,000,000:    8s.  Last read position: 1:11,175,634
INFO	2022-07-21 16:51:19	AddOrReplaceReadGroups	Processed     3,000,000 records.  Elapsed time: 00:00:27s.  Time for last 1,000,000:    8s.  Last read position: 1:16,555,091
INFO	2022-07-21 16:51:27	AddOrReplaceReadGroups	Processed     4,000,000 records.  Elapsed time: 00:00:35s.  Time for last 1,000,000:    8s.  Last read position: 1:21,801,508
INFO	2022-07-21 16:51:36	AddOrReplaceReadGroups	Processed     5,000,000 records.  Elapsed time: 00:00:44s.  Time for last 1,000,000:    8s.  Last read position: 1:26,227,041
INFO	2022-07-21 16:51:44	AddOrReplaceReadGroups	Processed     6,000,000 records.  Elapsed time: 00:00:52s.  Time for last 1,000,000:    8s.  Last read position: 1:31,345,235
INFO	2022-07-21 16:51:52	AddOrReplaceReadGroups	Processed     7,000,000 records.  Elapsed time: 00:01:01s.  Time for last 1,000,000:    8s.  Last read position: 1:36,032,523
INFO	2022-07-21 16:52:01	AddOrReplaceReadGroups	Processed     8,000,000 records.  Elapsed time: 00:01:09s.  Time for last 1,000,000:    8s.  Last read position: 1:40,367,012
INFO	2022-07-21 16:52:09	AddOrReplaceReadGroups	Processed     9,000,000 records.  Elapsed time: 00:01:18s.  Time for last 1,000,000:    8s.  Last read position: 1:44,588,278
INFO	2022-07-21 16:52:18	AddOrReplaceReadGroups	Processed    10,000,000 records.  Elapsed time: 00:01:26s.  Time for last 1,000,000:    8s.  Last read position: 1:50,884,952
INFO	2022-07-21 16:52:26	AddOrReplaceReadGroups	Processed    11,000,000 records.  Elapsed time: 00:01:35s.  Time for last 1,000,000:    8s.  Last read position: 1:55,603,054
INFO	2022-07-21 16:52:35	AddOrReplaceReadGroups	Processed    12,000,000 records.  Elapsed time: 00:01:43s.  Time for last 1,000,000:    8s.  Last read position: 1:66,100,783
INFO	2022-07-21 16:52:43	AddOrReplaceReadGroups	Processed    13,000,000 records.  Elapsed time: 00:01:52s.  Time for last 1,000,000:    8s.  Last read position: 1:76,253,192
INFO	2022-07-21 16:52:52	AddOrReplaceReadGroups	Processed    14,000,000 records.  Elapsed time: 00:02:00s.  Time for last 1,000,000:    8s.  Last read position: 1:86,934,649
INFO	2022-07-21 16:53:01	AddOrReplaceReadGroups	Processed    15,000,000 records.  Elapsed time: 00:02:09s.  Time for last 1,000,000:    8s.  Last read position: 1:94,548,817
INFO	2022-07-21 16:53:09	AddOrReplaceReadGroups	Processed    16,000,000 records.  Elapsed time: 00:02:18s.  Time for last 1,000,000:    8s.  Last read position: 1:109,172,357
INFO	2022-07-21 16:53:18	AddOrReplaceReadGroups	Processed    17,000,000 records.  Elapsed time: 00:02:26s.  Time for last 1,000,000:    8s.  Last read position: 1:112,269,361
INFO	2022-07-21 16:53:26	AddOrReplaceReadGroups	Processed    18,000,000 records.  Elapsed time: 00:02:34s.  Time for last 1,000,000:    8s.  Last read position: 1:117,639,952
INFO	2022-07-21 16:53:35	AddOrReplaceReadGroups	Processed    19,000,000 records.  Elapsed time: 00:02:43s.  Time for last 1,000,000:    8s.  Last read position: 1:146,630,654
INFO	2022-07-21 16:53:43	AddOrReplaceReadGroups	Processed    20,000,000 records.  Elapsed time: 00:02:52s.  Time for last 1,000,000:    8s.  Last read position: 1:151,679,640
INFO	2022-07-21 16:53:51	AddOrReplaceReadGroups	Processed    21,000,000 records.  Elapsed time: 00:03:00s.  Time for last 1,000,000:    8s.  Last read position: 1:154,479,351
INFO	2022-07-21 16:54:00	AddOrReplaceReadGroups	Processed    22,000,000 records.  Elapsed time: 00:03:08s.  Time for last 1,000,000:    8s.  Last read position: 1:156,693,222
INFO	2022-07-21 16:54:08	AddOrReplaceReadGroups	Processed    23,000,000 records.  Elapsed time: 00:03:16s.  Time for last 1,000,000:    8s.  Last read position: 1:160,112,701
INFO	2022-07-21 16:54:16	AddOrReplaceReadGroups	Processed    24,000,000 records.  Elapsed time: 00:03:25s.  Time for last 1,000,000:    8s.  Last read position: 1:163,116,769
INFO	2022-07-21 16:54:25	AddOrReplaceReadGroups	Processed    25,000,000 records.  Elapsed time: 00:03:33s.  Time for last 1,000,000:    8s.  Last read position: 1:171,178,693
INFO	2022-07-21 16:54:33	AddOrReplaceReadGroups	Processed    26,000,000 records.  Elapsed time: 00:03:42s.  Time for last 1,000,000:    8s.  Last read position: 1:178,871,137
INFO	2022-07-21 16:54:42	AddOrReplaceReadGroups	Processed    27,000,000 records.  Elapsed time: 00:03:50s.  Time for last 1,000,000:    8s.  Last read position: 1:183,602,159
INFO	2022-07-21 16:54:50	AddOrReplaceReadGroups	Processed    28,000,000 records.  Elapsed time: 00:03:59s.  Time for last 1,000,000:    8s.  Last read position: 1:196,978,083
INFO	2022-07-21 16:54:59	AddOrReplaceReadGroups	Processed    29,000,000 records.  Elapsed time: 00:04:07s.  Time for last 1,000,000:    8s.  Last read position: 1:202,301,111
INFO	2022-07-21 16:55:07	AddOrReplaceReadGroups	Processed    30,000,000 records.  Elapsed time: 00:04:15s.  Time for last 1,000,000:    8s.  Last read position: 1:205,683,815
INFO	2022-07-21 16:55:15	AddOrReplaceReadGroups	Processed    31,000,000 records.  Elapsed time: 00:04:24s.  Time for last 1,000,000:    8s.  Last read position: 1:211,486,796
INFO	2022-07-21 16:55:24	AddOrReplaceReadGroups	Processed    32,000,000 records.  Elapsed time: 00:04:32s.  Time for last 1,000,000:    8s.  Last read position: 1:220,386,181
INFO	2022-07-21 16:55:32	AddOrReplaceReadGroups	Processed    33,000,000 records.  Elapsed time: 00:04:41s.  Time for last 1,000,000:    8s.  Last read position: 1:227,261,693
INFO	2022-07-21 16:55:41	AddOrReplaceReadGroups	Processed    34,000,000 records.  Elapsed time: 00:04:49s.  Time for last 1,000,000:    8s.  Last read position: 1:233,114,258
INFO	2022-07-21 16:55:50	AddOrReplaceReadGroups	Processed    35,000,000 records.  Elapsed time: 00:04:58s.  Time for last 1,000,000:    8s.  Last read position: 1:241,758,865
INFO	2022-07-21 16:55:58	AddOrReplaceReadGroups	Processed    36,000,000 records.  Elapsed time: 00:05:07s.  Time for last 1,000,000:    8s.  Last read position: 2:1,488,386
INFO	2022-07-21 16:56:07	AddOrReplaceReadGroups	Processed    37,000,000 records.  Elapsed time: 00:05:15s.  Time for last 1,000,000:    8s.  Last read position: 2:11,736,189
INFO	2022-07-21 16:56:16	AddOrReplaceReadGroups	Processed    38,000,000 records.  Elapsed time: 00:05:24s.  Time for last 1,000,000:    8s.  Last read position: 2:24,149,908
INFO	2022-07-21 16:56:24	AddOrReplaceReadGroups	Processed    39,000,000 records.  Elapsed time: 00:05:32s.  Time for last 1,000,000:    8s.  Last read position: 2:27,670,591
INFO	2022-07-21 16:56:33	AddOrReplaceReadGroups	Processed    40,000,000 records.  Elapsed time: 00:05:41s.  Time for last 1,000,000:    8s.  Last read position: 2:33,650,277
INFO	2022-07-21 16:56:41	AddOrReplaceReadGroups	Processed    41,000,000 records.  Elapsed time: 00:05:49s.  Time for last 1,000,000:    8s.  Last read position: 2:43,712,473
INFO	2022-07-21 16:56:50	AddOrReplaceReadGroups	Processed    42,000,000 records.  Elapsed time: 00:05:58s.  Time for last 1,000,000:    8s.  Last read position: 2:54,208,661
INFO	2022-07-21 16:56:59	AddOrReplaceReadGroups	Processed    43,000,000 records.  Elapsed time: 00:06:07s.  Time for last 1,000,000:    8s.  Last read position: 2:64,861,818
INFO	2022-07-21 16:57:07	AddOrReplaceReadGroups	Processed    44,000,000 records.  Elapsed time: 00:06:15s.  Time for last 1,000,000:    8s.  Last read position: 2:72,406,569
INFO	2022-07-21 16:57:16	AddOrReplaceReadGroups	Processed    45,000,000 records.  Elapsed time: 00:06:24s.  Time for last 1,000,000:    8s.  Last read position: 2:80,716,082
INFO	2022-07-21 16:57:25	AddOrReplaceReadGroups	Processed    46,000,000 records.  Elapsed time: 00:06:33s.  Time for last 1,000,000:    8s.  Last read position: 2:95,954,848
INFO	2022-07-21 16:57:33	AddOrReplaceReadGroups	Processed    47,000,000 records.  Elapsed time: 00:06:41s.  Time for last 1,000,000:    8s.  Last read position: 2:101,951,026
INFO	2022-07-21 16:57:42	AddOrReplaceReadGroups	Processed    48,000,000 records.  Elapsed time: 00:06:50s.  Time for last 1,000,000:    8s.  Last read position: 2:112,876,255
INFO	2022-07-21 16:57:50	AddOrReplaceReadGroups	Processed    49,000,000 records.  Elapsed time: 00:06:59s.  Time for last 1,000,000:    8s.  Last read position: 2:122,665,389
INFO	2022-07-21 16:58:00	AddOrReplaceReadGroups	Processed    50,000,000 records.  Elapsed time: 00:07:08s.  Time for last 1,000,000:    9s.  Last read position: 2:135,743,455
INFO	2022-07-21 16:58:08	AddOrReplaceReadGroups	Processed    51,000,000 records.  Elapsed time: 00:07:17s.  Time for last 1,000,000:    8s.  Last read position: 2:151,900,158
INFO	2022-07-21 16:58:17	AddOrReplaceReadGroups	Processed    52,000,000 records.  Elapsed time: 00:07:25s.  Time for last 1,000,000:    8s.  Last read position: 2:160,663,441
INFO	2022-07-21 16:58:25	AddOrReplaceReadGroups	Processed    53,000,000 records.  Elapsed time: 00:07:34s.  Time for last 1,000,000:    8s.  Last read position: 2:168,341,353
INFO	2022-07-21 16:58:34	AddOrReplaceReadGroups	Processed    54,000,000 records.  Elapsed time: 00:07:42s.  Time for last 1,000,000:    8s.  Last read position: 2:175,287,705
INFO	2022-07-21 16:58:42	AddOrReplaceReadGroups	Processed    55,000,000 records.  Elapsed time: 00:07:51s.  Time for last 1,000,000:    8s.  Last read position: 2:179,468,689
INFO	2022-07-21 16:58:51	AddOrReplaceReadGroups	Processed    56,000,000 records.  Elapsed time: 00:07:59s.  Time for last 1,000,000:    8s.  Last read position: 2:186,653,941
INFO	2022-07-21 16:59:00	AddOrReplaceReadGroups	Processed    57,000,000 records.  Elapsed time: 00:08:08s.  Time for last 1,000,000:    8s.  Last read position: 2:196,601,965
INFO	2022-07-21 16:59:08	AddOrReplaceReadGroups	Processed    58,000,000 records.  Elapsed time: 00:08:16s.  Time for last 1,000,000:    8s.  Last read position: 2:202,626,183
INFO	2022-07-21 16:59:17	AddOrReplaceReadGroups	Processed    59,000,000 records.  Elapsed time: 00:08:25s.  Time for last 1,000,000:    8s.  Last read position: 2:208,986,496
INFO	2022-07-21 16:59:25	AddOrReplaceReadGroups	Processed    60,000,000 records.  Elapsed time: 00:08:34s.  Time for last 1,000,000:    8s.  Last read position: 2:218,757,590
INFO	2022-07-21 16:59:34	AddOrReplaceReadGroups	Processed    61,000,000 records.  Elapsed time: 00:08:42s.  Time for last 1,000,000:    8s.  Last read position: 2:223,424,084
INFO	2022-07-21 16:59:43	AddOrReplaceReadGroups	Processed    62,000,000 records.  Elapsed time: 00:08:51s.  Time for last 1,000,000:    8s.  Last read position: 2:232,264,366
INFO	2022-07-21 16:59:51	AddOrReplaceReadGroups	Processed    63,000,000 records.  Elapsed time: 00:09:00s.  Time for last 1,000,000:    8s.  Last read position: 2:238,820,289
INFO	2022-07-21 17:00:00	AddOrReplaceReadGroups	Processed    64,000,000 records.  Elapsed time: 00:09:08s.  Time for last 1,000,000:    8s.  Last read position: 3:2,391,772
INFO	2022-07-21 17:00:09	AddOrReplaceReadGroups	Processed    65,000,000 records.  Elapsed time: 00:09:17s.  Time for last 1,000,000:    8s.  Last read position: 3:10,392,129
INFO	2022-07-21 17:00:17	AddOrReplaceReadGroups	Processed    66,000,000 records.  Elapsed time: 00:09:26s.  Time for last 1,000,000:    8s.  Last read position: 3:16,306,396
INFO	2022-07-21 17:00:26	AddOrReplaceReadGroups	Processed    67,000,000 records.  Elapsed time: 00:09:35s.  Time for last 1,000,000:    8s.  Last read position: 3:31,703,245
INFO	2022-07-21 17:00:35	AddOrReplaceReadGroups	Processed    68,000,000 records.  Elapsed time: 00:09:43s.  Time for last 1,000,000:    8s.  Last read position: 3:38,566,420
INFO	2022-07-21 17:00:44	AddOrReplaceReadGroups	Processed    69,000,000 records.  Elapsed time: 00:09:52s.  Time for last 1,000,000:    8s.  Last read position: 3:44,621,379
INFO	2022-07-21 17:00:52	AddOrReplaceReadGroups	Processed    70,000,000 records.  Elapsed time: 00:10:00s.  Time for last 1,000,000:    8s.  Last read position: 3:47,933,526
INFO	2022-07-21 17:01:00	AddOrReplaceReadGroups	Processed    71,000,000 records.  Elapsed time: 00:10:09s.  Time for last 1,000,000:    8s.  Last read position: 3:49,975,909
INFO	2022-07-21 17:01:09	AddOrReplaceReadGroups	Processed    72,000,000 records.  Elapsed time: 00:10:17s.  Time for last 1,000,000:    8s.  Last read position: 3:52,723,254
INFO	2022-07-21 17:01:17	AddOrReplaceReadGroups	Processed    73,000,000 records.  Elapsed time: 00:10:26s.  Time for last 1,000,000:    8s.  Last read position: 3:58,635,064
INFO	2022-07-21 17:01:26	AddOrReplaceReadGroups	Processed    74,000,000 records.  Elapsed time: 00:10:35s.  Time for last 1,000,000:    8s.  Last read position: 3:72,696,775
INFO	2022-07-21 17:01:36	AddOrReplaceReadGroups	Processed    75,000,000 records.  Elapsed time: 00:10:44s.  Time for last 1,000,000:    9s.  Last read position: 3:97,852,541
INFO	2022-07-21 17:01:44	AddOrReplaceReadGroups	Processed    76,000,000 records.  Elapsed time: 00:10:53s.  Time for last 1,000,000:    8s.  Last read position: 3:108,557,793
INFO	2022-07-21 17:01:53	AddOrReplaceReadGroups	Processed    77,000,000 records.  Elapsed time: 00:11:01s.  Time for last 1,000,000:    8s.  Last read position: 3:118,269,772
INFO	2022-07-21 17:02:01	AddOrReplaceReadGroups	Processed    78,000,000 records.  Elapsed time: 00:11:09s.  Time for last 1,000,000:    8s.  Last read position: 3:122,449,023
INFO	2022-07-21 17:02:10	AddOrReplaceReadGroups	Processed    79,000,000 records.  Elapsed time: 00:11:18s.  Time for last 1,000,000:    8s.  Last read position: 3:128,198,385
INFO	2022-07-21 17:02:18	AddOrReplaceReadGroups	Processed    80,000,000 records.  Elapsed time: 00:11:26s.  Time for last 1,000,000:    8s.  Last read position: 3:134,079,184
INFO	2022-07-21 17:02:26	AddOrReplaceReadGroups	Processed    81,000,000 records.  Elapsed time: 00:11:35s.  Time for last 1,000,000:    8s.  Last read position: 3:142,140,300
INFO	2022-07-21 17:02:35	AddOrReplaceReadGroups	Processed    82,000,000 records.  Elapsed time: 00:11:43s.  Time for last 1,000,000:    8s.  Last read position: 3:151,171,112
INFO	2022-07-21 17:02:44	AddOrReplaceReadGroups	Processed    83,000,000 records.  Elapsed time: 00:11:52s.  Time for last 1,000,000:    8s.  Last read position: 3:163,139,395
INFO	2022-07-21 17:02:52	AddOrReplaceReadGroups	Processed    84,000,000 records.  Elapsed time: 00:12:00s.  Time for last 1,000,000:    8s.  Last read position: 3:175,571,942
INFO	2022-07-21 17:03:01	AddOrReplaceReadGroups	Processed    85,000,000 records.  Elapsed time: 00:12:09s.  Time for last 1,000,000:    8s.  Last read position: 3:184,010,634
INFO	2022-07-21 17:03:09	AddOrReplaceReadGroups	Processed    86,000,000 records.  Elapsed time: 00:12:17s.  Time for last 1,000,000:    8s.  Last read position: 3:190,105,679
INFO	2022-07-21 17:03:17	AddOrReplaceReadGroups	Processed    87,000,000 records.  Elapsed time: 00:12:26s.  Time for last 1,000,000:    8s.  Last read position: 3:197,238,177
INFO	2022-07-21 17:03:26	AddOrReplaceReadGroups	Processed    88,000,000 records.  Elapsed time: 00:12:34s.  Time for last 1,000,000:    8s.  Last read position: 4:3,190,691
INFO	2022-07-21 17:03:34	AddOrReplaceReadGroups	Processed    89,000,000 records.  Elapsed time: 00:12:43s.  Time for last 1,000,000:    8s.  Last read position: 4:10,447,808
INFO	2022-07-21 17:03:43	AddOrReplaceReadGroups	Processed    90,000,000 records.  Elapsed time: 00:12:51s.  Time for last 1,000,000:    8s.  Last read position: 4:24,808,916
INFO	2022-07-21 17:03:52	AddOrReplaceReadGroups	Processed    91,000,000 records.  Elapsed time: 00:13:00s.  Time for last 1,000,000:    8s.  Last read position: 4:39,606,705
INFO	2022-07-21 17:04:00	AddOrReplaceReadGroups	Processed    92,000,000 records.  Elapsed time: 00:13:09s.  Time for last 1,000,000:    8s.  Last read position: 4:48,097,108
INFO	2022-07-21 17:04:09	AddOrReplaceReadGroups	Processed    93,000,000 records.  Elapsed time: 00:13:17s.  Time for last 1,000,000:    8s.  Last read position: 4:63,430,538
INFO	2022-07-21 17:04:17	AddOrReplaceReadGroups	Processed    94,000,000 records.  Elapsed time: 00:13:26s.  Time for last 1,000,000:    8s.  Last read position: 4:74,320,968
INFO	2022-07-21 17:04:26	AddOrReplaceReadGroups	Processed    95,000,000 records.  Elapsed time: 00:13:34s.  Time for last 1,000,000:    8s.  Last read position: 4:80,353,108
INFO	2022-07-21 17:04:34	AddOrReplaceReadGroups	Processed    96,000,000 records.  Elapsed time: 00:13:43s.  Time for last 1,000,000:    8s.  Last read position: 4:89,189,421
INFO	2022-07-21 17:04:43	AddOrReplaceReadGroups	Processed    97,000,000 records.  Elapsed time: 00:13:51s.  Time for last 1,000,000:    8s.  Last read position: 4:100,820,718
INFO	2022-07-21 17:04:51	AddOrReplaceReadGroups	Processed    98,000,000 records.  Elapsed time: 00:14:00s.  Time for last 1,000,000:    8s.  Last read position: 4:110,933,027
INFO	2022-07-21 17:05:00	AddOrReplaceReadGroups	Processed    99,000,000 records.  Elapsed time: 00:14:08s.  Time for last 1,000,000:    8s.  Last read position: 4:122,737,692
INFO	2022-07-21 17:05:09	AddOrReplaceReadGroups	Processed   100,000,000 records.  Elapsed time: 00:14:17s.  Time for last 1,000,000:    8s.  Last read position: 4:139,827,079
INFO	2022-07-21 17:05:17	AddOrReplaceReadGroups	Processed   101,000,000 records.  Elapsed time: 00:14:26s.  Time for last 1,000,000:    8s.  Last read position: 4:149,000,598
INFO	2022-07-21 17:05:26	AddOrReplaceReadGroups	Processed   102,000,000 records.  Elapsed time: 00:14:34s.  Time for last 1,000,000:    8s.  Last read position: 4:158,581,006
INFO	2022-07-21 17:05:34	AddOrReplaceReadGroups	Processed   103,000,000 records.  Elapsed time: 00:14:43s.  Time for last 1,000,000:    8s.  Last read position: 4:172,197,849
INFO	2022-07-21 17:05:43	AddOrReplaceReadGroups	Processed   104,000,000 records.  Elapsed time: 00:14:51s.  Time for last 1,000,000:    8s.  Last read position: 4:186,997,651
INFO	2022-07-21 17:05:52	AddOrReplaceReadGroups	Processed   105,000,000 records.  Elapsed time: 00:15:00s.  Time for last 1,000,000:    8s.  Last read position: 5:7,695,902
INFO	2022-07-21 17:06:01	AddOrReplaceReadGroups	Processed   106,000,000 records.  Elapsed time: 00:15:09s.  Time for last 1,000,000:    8s.  Last read position: 5:24,498,552
INFO	2022-07-21 17:06:09	AddOrReplaceReadGroups	Processed   107,000,000 records.  Elapsed time: 00:15:18s.  Time for last 1,000,000:    8s.  Last read position: 5:36,439,977
INFO	2022-07-21 17:06:18	AddOrReplaceReadGroups	Processed   108,000,000 records.  Elapsed time: 00:15:26s.  Time for last 1,000,000:    8s.  Last read position: 5:44,109,595
INFO	2022-07-21 17:06:26	AddOrReplaceReadGroups	Processed   109,000,000 records.  Elapsed time: 00:15:35s.  Time for last 1,000,000:    8s.  Last read position: 5:58,297,751
INFO	2022-07-21 17:06:35	AddOrReplaceReadGroups	Processed   110,000,000 records.  Elapsed time: 00:15:43s.  Time for last 1,000,000:    8s.  Last read position: 5:70,688,374
INFO	2022-07-21 17:06:44	AddOrReplaceReadGroups	Processed   111,000,000 records.  Elapsed time: 00:15:52s.  Time for last 1,000,000:    8s.  Last read position: 5:77,784,410
INFO	2022-07-21 17:06:52	AddOrReplaceReadGroups	Processed   112,000,000 records.  Elapsed time: 00:16:00s.  Time for last 1,000,000:    8s.  Last read position: 5:89,811,881
[Thu Jul 21 17:06:59 KST 2022] picard.sam.AddOrReplaceReadGroups done. Elapsed time: 16.14 minutes.
Runtime.totalMemory()=275709952
INFO	2022-07-21 17:07:00	MarkDuplicates	

********** NOTE: Picard's command line syntax is changing.
**********
********** For more information, please see:
********** https://github.com/broadinstitute/picard/wiki/Command-Line-Syntax-Transition-For-Users-(Pre-Transition)
**********
********** The command line looks like this in the new syntax:
**********
**********    MarkDuplicates -INPUT WES_B_Disease.sorted.RGadded.bam -OUTPUT WES_B_Disease.sorted.RGadded.marked.bam -METRICS_FILE metrics -CREATE_INDEX true -VALIDATION_STRINGENCY LENIENT
**********


17:07:01.001 INFO  NativeLibraryLoader - Loading libgkl_compression.so from jar:file:/opt/biogrids/x86_64-linux/picard/2.26.10/bin/picard.jar!/com/intel/gkl/native/libgkl_compression.so
[Thu Jul 21 17:07:01 KST 2022] MarkDuplicates INPUT=[WES_B_Disease.sorted.RGadded.bam] OUTPUT=WES_B_Disease.sorted.RGadded.marked.bam METRICS_FILE=metrics VALIDATION_STRINGENCY=LENIENT CREATE_INDEX=true    MAX_SEQUENCES_FOR_DISK_READ_ENDS_MAP=50000 MAX_FILE_HANDLES_FOR_READ_ENDS_MAP=8000 SORTING_COLLECTION_SIZE_RATIO=0.25 TAG_DUPLICATE_SET_MEMBERS=false REMOVE_SEQUENCING_DUPLICATES=false TAGGING_POLICY=DontTag CLEAR_DT=true DUPLEX_UMI=false ADD_PG_TAG_TO_READS=true REMOVE_DUPLICATES=false ASSUME_SORTED=false DUPLICATE_SCORING_STRATEGY=SUM_OF_BASE_QUALITIES PROGRAM_RECORD_ID=MarkDuplicates PROGRAM_GROUP_NAME=MarkDuplicates READ_NAME_REGEX=<optimized capture of last three ':' separated fields as numeric values> OPTICAL_DUPLICATE_PIXEL_DISTANCE=100 MAX_OPTICAL_DUPLICATE_SET_SIZE=300000 VERBOSITY=INFO QUIET=false COMPRESSION_LEVEL=5 MAX_RECORDS_IN_RAM=500000 CREATE_MD5_FILE=false GA4GH_CLIENT_SECRETS=client_secrets.json USE_JDK_DEFLATER=false USE_JDK_INFLATER=false
[Thu Jul 21 17:07:01 KST 2022] Executing as mjcho@compgen on Linux 3.10.0-1160.el7.x86_64 amd64; OpenJDK 64-Bit Server VM 12.0.2+3; Deflater: Intel; Inflater: Intel; Provider GCS is not available; Picard version: 2.26.10
INFO	2022-07-21 17:07:01	MarkDuplicates	Start of doWork freeMemory: 267094416; totalMemory: 275841024; maxMemory: 8303607808
INFO	2022-07-21 17:07:01	MarkDuplicates	Reading input file and constructing read end information.
INFO	2022-07-21 17:07:01	MarkDuplicates	Will retain up to 30085535 data points before spilling to disk.
WARNING	2022-07-21 17:07:01	AbstractOpticalDuplicateFinderCommandLineProgram	A field field parsed out of a read name was expected to contain an integer and did not. Read name: FCD_unknown.52272557. Cause: String 'FCD_unknown.52272557' did not start with a parsable number.
INFO	2022-07-21 17:07:07	MarkDuplicates	Read     1,000,000 records.  Elapsed time: 00:00:05s.  Time for last 1,000,000:    5s.  Last read position: 1:6,131,230
INFO	2022-07-21 17:07:07	MarkDuplicates	Tracking 6228 as yet unmatched pairs. 1320 records in RAM.
INFO	2022-07-21 17:07:10	MarkDuplicates	Read     2,000,000 records.  Elapsed time: 00:00:09s.  Time for last 1,000,000:    3s.  Last read position: 1:11,175,634
INFO	2022-07-21 17:07:10	MarkDuplicates	Tracking 12359 as yet unmatched pairs. 2663 records in RAM.
INFO	2022-07-21 17:07:14	MarkDuplicates	Read     3,000,000 records.  Elapsed time: 00:00:13s.  Time for last 1,000,000:    3s.  Last read position: 1:16,555,091
INFO	2022-07-21 17:07:14	MarkDuplicates	Tracking 18165 as yet unmatched pairs. 3926 records in RAM.
INFO	2022-07-21 17:07:18	MarkDuplicates	Read     4,000,000 records.  Elapsed time: 00:00:17s.  Time for last 1,000,000:    4s.  Last read position: 1:21,801,508
INFO	2022-07-21 17:07:18	MarkDuplicates	Tracking 23529 as yet unmatched pairs. 4598 records in RAM.
INFO	2022-07-21 17:07:22	MarkDuplicates	Read     5,000,000 records.  Elapsed time: 00:00:21s.  Time for last 1,000,000:    3s.  Last read position: 1:26,227,041
INFO	2022-07-21 17:07:22	MarkDuplicates	Tracking 28954 as yet unmatched pairs. 5570 records in RAM.
INFO	2022-07-21 17:07:26	MarkDuplicates	Read     6,000,000 records.  Elapsed time: 00:00:25s.  Time for last 1,000,000:    3s.  Last read position: 1:31,345,235
INFO	2022-07-21 17:07:26	MarkDuplicates	Tracking 34583 as yet unmatched pairs. 6486 records in RAM.
INFO	2022-07-21 17:07:31	MarkDuplicates	Read     7,000,000 records.  Elapsed time: 00:00:30s.  Time for last 1,000,000:    5s.  Last read position: 1:36,032,523
INFO	2022-07-21 17:07:31	MarkDuplicates	Tracking 40344 as yet unmatched pairs. 7766 records in RAM.
INFO	2022-07-21 17:07:35	MarkDuplicates	Read     8,000,000 records.  Elapsed time: 00:00:34s.  Time for last 1,000,000:    3s.  Last read position: 1:40,367,012
INFO	2022-07-21 17:07:35	MarkDuplicates	Tracking 44719 as yet unmatched pairs. 7867 records in RAM.
INFO	2022-07-21 17:07:39	MarkDuplicates	Read     9,000,000 records.  Elapsed time: 00:00:37s.  Time for last 1,000,000:    3s.  Last read position: 1:44,588,278
INFO	2022-07-21 17:07:39	MarkDuplicates	Tracking 49674 as yet unmatched pairs. 8444 records in RAM.
INFO	2022-07-21 17:07:42	MarkDuplicates	Read    10,000,000 records.  Elapsed time: 00:00:41s.  Time for last 1,000,000:    3s.  Last read position: 1:50,884,952
INFO	2022-07-21 17:07:42	MarkDuplicates	Tracking 55367 as yet unmatched pairs. 9309 records in RAM.
INFO	2022-07-21 17:07:46	MarkDuplicates	Read    11,000,000 records.  Elapsed time: 00:00:45s.  Time for last 1,000,000:    3s.  Last read position: 1:55,603,054
INFO	2022-07-21 17:07:46	MarkDuplicates	Tracking 60345 as yet unmatched pairs. 9819 records in RAM.
INFO	2022-07-21 17:07:50	MarkDuplicates	Read    12,000,000 records.  Elapsed time: 00:00:49s.  Time for last 1,000,000:    3s.  Last read position: 1:66,100,783
INFO	2022-07-21 17:07:50	MarkDuplicates	Tracking 66876 as yet unmatched pairs. 10550 records in RAM.
INFO	2022-07-21 17:07:55	MarkDuplicates	Read    13,000,000 records.  Elapsed time: 00:00:54s.  Time for last 1,000,000:    5s.  Last read position: 1:76,253,192
INFO	2022-07-21 17:07:55	MarkDuplicates	Tracking 73256 as yet unmatched pairs. 11242 records in RAM.
INFO	2022-07-21 17:07:59	MarkDuplicates	Read    14,000,000 records.  Elapsed time: 00:00:58s.  Time for last 1,000,000:    3s.  Last read position: 1:86,934,649
INFO	2022-07-21 17:07:59	MarkDuplicates	Tracking 79703 as yet unmatched pairs. 11790 records in RAM.
INFO	2022-07-21 17:08:03	MarkDuplicates	Read    15,000,000 records.  Elapsed time: 00:01:02s.  Time for last 1,000,000:    3s.  Last read position: 1:94,548,817
INFO	2022-07-21 17:08:03	MarkDuplicates	Tracking 85010 as yet unmatched pairs. 12046 records in RAM.
INFO	2022-07-21 17:08:07	MarkDuplicates	Read    16,000,000 records.  Elapsed time: 00:01:06s.  Time for last 1,000,000:    3s.  Last read position: 1:109,172,357
INFO	2022-07-21 17:08:07	MarkDuplicates	Tracking 92031 as yet unmatched pairs. 12198 records in RAM.
INFO	2022-07-21 17:08:11	MarkDuplicates	Read    17,000,000 records.  Elapsed time: 00:01:09s.  Time for last 1,000,000:    3s.  Last read position: 1:112,269,361
INFO	2022-07-21 17:08:11	MarkDuplicates	Tracking 96544 as yet unmatched pairs. 12743 records in RAM.
INFO	2022-07-21 17:08:14	MarkDuplicates	Read    18,000,000 records.  Elapsed time: 00:01:13s.  Time for last 1,000,000:    3s.  Last read position: 1:117,639,952
INFO	2022-07-21 17:08:14	MarkDuplicates	Tracking 100664 as yet unmatched pairs. 12344 records in RAM.
INFO	2022-07-21 17:08:18	MarkDuplicates	Read    19,000,000 records.  Elapsed time: 00:01:17s.  Time for last 1,000,000:    3s.  Last read position: 1:146,630,654
INFO	2022-07-21 17:08:18	MarkDuplicates	Tracking 105845 as yet unmatched pairs. 12267 records in RAM.
INFO	2022-07-21 17:08:22	MarkDuplicates	Read    20,000,000 records.  Elapsed time: 00:01:21s.  Time for last 1,000,000:    3s.  Last read position: 1:151,679,640
INFO	2022-07-21 17:08:22	MarkDuplicates	Tracking 110164 as yet unmatched pairs. 11952 records in RAM.
INFO	2022-07-21 17:08:25	MarkDuplicates	Read    21,000,000 records.  Elapsed time: 00:01:24s.  Time for last 1,000,000:    3s.  Last read position: 1:154,479,351
INFO	2022-07-21 17:08:25	MarkDuplicates	Tracking 114252 as yet unmatched pairs. 11904 records in RAM.
INFO	2022-07-21 17:08:29	MarkDuplicates	Read    22,000,000 records.  Elapsed time: 00:01:28s.  Time for last 1,000,000:    3s.  Last read position: 1:156,693,222
INFO	2022-07-21 17:08:29	MarkDuplicates	Tracking 117822 as yet unmatched pairs. 11585 records in RAM.
INFO	2022-07-21 17:08:35	MarkDuplicates	Read    23,000,000 records.  Elapsed time: 00:01:33s.  Time for last 1,000,000:    5s.  Last read position: 1:160,112,701
INFO	2022-07-21 17:08:35	MarkDuplicates	Tracking 122038 as yet unmatched pairs. 11703 records in RAM.
INFO	2022-07-21 17:08:39	MarkDuplicates	Read    24,000,000 records.  Elapsed time: 00:01:38s.  Time for last 1,000,000:    4s.  Last read position: 1:163,116,769
INFO	2022-07-21 17:08:39	MarkDuplicates	Tracking 125648 as yet unmatched pairs. 11160 records in RAM.
INFO	2022-07-21 17:08:43	MarkDuplicates	Read    25,000,000 records.  Elapsed time: 00:01:42s.  Time for last 1,000,000:    3s.  Last read position: 1:171,178,693
INFO	2022-07-21 17:08:43	MarkDuplicates	Tracking 130376 as yet unmatched pairs. 10874 records in RAM.
INFO	2022-07-21 17:08:47	MarkDuplicates	Read    26,000,000 records.  Elapsed time: 00:01:45s.  Time for last 1,000,000:    3s.  Last read position: 1:178,871,137
INFO	2022-07-21 17:08:47	MarkDuplicates	Tracking 134477 as yet unmatched pairs. 9924 records in RAM.
INFO	2022-07-21 17:08:50	MarkDuplicates	Read    27,000,000 records.  Elapsed time: 00:01:49s.  Time for last 1,000,000:    3s.  Last read position: 1:183,602,159
INFO	2022-07-21 17:08:50	MarkDuplicates	Tracking 138940 as yet unmatched pairs. 9866 records in RAM.
INFO	2022-07-21 17:08:54	MarkDuplicates	Read    28,000,000 records.  Elapsed time: 00:01:53s.  Time for last 1,000,000:    3s.  Last read position: 1:196,978,083
INFO	2022-07-21 17:08:54	MarkDuplicates	Tracking 143992 as yet unmatched pairs. 8486 records in RAM.
INFO	2022-07-21 17:08:58	MarkDuplicates	Read    29,000,000 records.  Elapsed time: 00:01:57s.  Time for last 1,000,000:    3s.  Last read position: 1:202,301,111
INFO	2022-07-21 17:08:58	MarkDuplicates	Tracking 147690 as yet unmatched pairs. 7720 records in RAM.
INFO	2022-07-21 17:09:01	MarkDuplicates	Read    30,000,000 records.  Elapsed time: 00:02:00s.  Time for last 1,000,000:    3s.  Last read position: 1:205,683,815
INFO	2022-07-21 17:09:01	MarkDuplicates	Tracking 151353 as yet unmatched pairs. 7192 records in RAM.
INFO	2022-07-21 17:09:15	MarkDuplicates	Read    31,000,000 records.  Elapsed time: 00:02:14s.  Time for last 1,000,000:   13s.  Last read position: 1:211,486,796
INFO	2022-07-21 17:09:15	MarkDuplicates	Tracking 156157 as yet unmatched pairs. 7411 records in RAM.
INFO	2022-07-21 17:09:19	MarkDuplicates	Read    32,000,000 records.  Elapsed time: 00:02:18s.  Time for last 1,000,000:    3s.  Last read position: 1:220,386,181
INFO	2022-07-21 17:09:19	MarkDuplicates	Tracking 159409 as yet unmatched pairs. 5268 records in RAM.
INFO	2022-07-21 17:09:23	MarkDuplicates	Read    33,000,000 records.  Elapsed time: 00:02:21s.  Time for last 1,000,000:    3s.  Last read position: 1:227,261,693
INFO	2022-07-21 17:09:23	MarkDuplicates	Tracking 162992 as yet unmatched pairs. 3843 records in RAM.
INFO	2022-07-21 17:09:26	MarkDuplicates	Read    34,000,000 records.  Elapsed time: 00:02:25s.  Time for last 1,000,000:    3s.  Last read position: 1:233,114,258
INFO	2022-07-21 17:09:26	MarkDuplicates	Tracking 167031 as yet unmatched pairs. 2942 records in RAM.
INFO	2022-07-21 17:09:30	MarkDuplicates	Read    35,000,000 records.  Elapsed time: 00:02:29s.  Time for last 1,000,000:    3s.  Last read position: 1:241,758,865
INFO	2022-07-21 17:09:30	MarkDuplicates	Tracking 171024 as yet unmatched pairs. 1418 records in RAM.
INFO	2022-07-21 17:09:35	MarkDuplicates	Read    36,000,000 records.  Elapsed time: 00:02:33s.  Time for last 1,000,000:    4s.  Last read position: 2:1,488,386
INFO	2022-07-21 17:09:35	MarkDuplicates	Tracking 174997 as yet unmatched pairs. 46374 records in RAM.
INFO	2022-07-21 17:09:38	MarkDuplicates	Read    37,000,000 records.  Elapsed time: 00:02:37s.  Time for last 1,000,000:    3s.  Last read position: 2:11,736,189
INFO	2022-07-21 17:09:38	MarkDuplicates	Tracking 178864 as yet unmatched pairs. 46104 records in RAM.
INFO	2022-07-21 17:09:42	MarkDuplicates	Read    38,000,000 records.  Elapsed time: 00:02:41s.  Time for last 1,000,000:    3s.  Last read position: 2:24,149,908
INFO	2022-07-21 17:09:42	MarkDuplicates	Tracking 183155 as yet unmatched pairs. 45888 records in RAM.
INFO	2022-07-21 17:09:45	MarkDuplicates	Read    39,000,000 records.  Elapsed time: 00:02:44s.  Time for last 1,000,000:    3s.  Last read position: 2:27,670,591
INFO	2022-07-21 17:09:45	MarkDuplicates	Tracking 185632 as yet unmatched pairs. 45331 records in RAM.
INFO	2022-07-21 17:09:49	MarkDuplicates	Read    40,000,000 records.  Elapsed time: 00:02:48s.  Time for last 1,000,000:    3s.  Last read position: 2:33,650,277
INFO	2022-07-21 17:09:49	MarkDuplicates	Tracking 189820 as yet unmatched pairs. 43508 records in RAM.
INFO	2022-07-21 17:09:55	MarkDuplicates	Read    41,000,000 records.  Elapsed time: 00:02:54s.  Time for last 1,000,000:    6s.  Last read position: 2:43,712,473
INFO	2022-07-21 17:09:55	MarkDuplicates	Tracking 193631 as yet unmatched pairs. 42997 records in RAM.
INFO	2022-07-21 17:09:59	MarkDuplicates	Read    42,000,000 records.  Elapsed time: 00:02:57s.  Time for last 1,000,000:    3s.  Last read position: 2:54,208,661
INFO	2022-07-21 17:09:59	MarkDuplicates	Tracking 196788 as yet unmatched pairs. 41938 records in RAM.
INFO	2022-07-21 17:10:02	MarkDuplicates	Read    43,000,000 records.  Elapsed time: 00:03:01s.  Time for last 1,000,000:    3s.  Last read position: 2:64,861,818
INFO	2022-07-21 17:10:02	MarkDuplicates	Tracking 200098 as yet unmatched pairs. 41046 records in RAM.
INFO	2022-07-21 17:10:06	MarkDuplicates	Read    44,000,000 records.  Elapsed time: 00:03:05s.  Time for last 1,000,000:    3s.  Last read position: 2:72,406,569
INFO	2022-07-21 17:10:06	MarkDuplicates	Tracking 203083 as yet unmatched pairs. 40171 records in RAM.
INFO	2022-07-21 17:10:09	MarkDuplicates	Read    45,000,000 records.  Elapsed time: 00:03:08s.  Time for last 1,000,000:    3s.  Last read position: 2:80,716,082
INFO	2022-07-21 17:10:09	MarkDuplicates	Tracking 205491 as yet unmatched pairs. 38897 records in RAM.
INFO	2022-07-21 17:10:13	MarkDuplicates	Read    46,000,000 records.  Elapsed time: 00:03:12s.  Time for last 1,000,000:    3s.  Last read position: 2:95,954,848
INFO	2022-07-21 17:10:13	MarkDuplicates	Tracking 208618 as yet unmatched pairs. 37436 records in RAM.
INFO	2022-07-21 17:10:17	MarkDuplicates	Read    47,000,000 records.  Elapsed time: 00:03:15s.  Time for last 1,000,000:    3s.  Last read position: 2:101,951,026
INFO	2022-07-21 17:10:17	MarkDuplicates	Tracking 210808 as yet unmatched pairs. 36232 records in RAM.
INFO	2022-07-21 17:10:20	MarkDuplicates	Read    48,000,000 records.  Elapsed time: 00:03:19s.  Time for last 1,000,000:    3s.  Last read position: 2:112,876,255
INFO	2022-07-21 17:10:20	MarkDuplicates	Tracking 213778 as yet unmatched pairs. 34717 records in RAM.
INFO	2022-07-21 17:10:24	MarkDuplicates	Read    49,000,000 records.  Elapsed time: 00:03:23s.  Time for last 1,000,000:    3s.  Last read position: 2:122,665,389
INFO	2022-07-21 17:10:24	MarkDuplicates	Tracking 216085 as yet unmatched pairs. 32937 records in RAM.
INFO	2022-07-21 17:10:27	MarkDuplicates	Read    50,000,000 records.  Elapsed time: 00:03:26s.  Time for last 1,000,000:    3s.  Last read position: 2:135,743,455
INFO	2022-07-21 17:10:27	MarkDuplicates	Tracking 218807 as yet unmatched pairs. 31016 records in RAM.
INFO	2022-07-21 17:10:31	MarkDuplicates	Read    51,000,000 records.  Elapsed time: 00:03:30s.  Time for last 1,000,000:    3s.  Last read position: 2:151,900,158
INFO	2022-07-21 17:10:31	MarkDuplicates	Tracking 221648 as yet unmatched pairs. 28619 records in RAM.
INFO	2022-07-21 17:10:34	MarkDuplicates	Read    52,000,000 records.  Elapsed time: 00:03:33s.  Time for last 1,000,000:    3s.  Last read position: 2:160,663,441
INFO	2022-07-21 17:10:34	MarkDuplicates	Tracking 223764 as yet unmatched pairs. 26926 records in RAM.
INFO	2022-07-21 17:10:38	MarkDuplicates	Read    53,000,000 records.  Elapsed time: 00:03:37s.  Time for last 1,000,000:    3s.  Last read position: 2:168,341,353
INFO	2022-07-21 17:10:38	MarkDuplicates	Tracking 224840 as yet unmatched pairs. 24422 records in RAM.
INFO	2022-07-21 17:10:41	MarkDuplicates	Read    54,000,000 records.  Elapsed time: 00:03:40s.  Time for last 1,000,000:    3s.  Last read position: 2:175,287,705
INFO	2022-07-21 17:10:41	MarkDuplicates	Tracking 226933 as yet unmatched pairs. 22867 records in RAM.
INFO	2022-07-21 17:10:45	MarkDuplicates	Read    55,000,000 records.  Elapsed time: 00:03:44s.  Time for last 1,000,000:    3s.  Last read position: 2:179,468,689
INFO	2022-07-21 17:10:45	MarkDuplicates	Tracking 228535 as yet unmatched pairs. 21566 records in RAM.
INFO	2022-07-21 17:10:49	MarkDuplicates	Read    56,000,000 records.  Elapsed time: 00:03:47s.  Time for last 1,000,000:    3s.  Last read position: 2:186,653,941
INFO	2022-07-21 17:10:49	MarkDuplicates	Tracking 230262 as yet unmatched pairs. 19669 records in RAM.
INFO	2022-07-21 17:10:52	MarkDuplicates	Read    57,000,000 records.  Elapsed time: 00:03:51s.  Time for last 1,000,000:    3s.  Last read position: 2:196,601,965
INFO	2022-07-21 17:10:52	MarkDuplicates	Tracking 231566 as yet unmatched pairs. 16702 records in RAM.
INFO	2022-07-21 17:10:56	MarkDuplicates	Read    58,000,000 records.  Elapsed time: 00:03:54s.  Time for last 1,000,000:    3s.  Last read position: 2:202,626,183
INFO	2022-07-21 17:10:56	MarkDuplicates	Tracking 233520 as yet unmatched pairs. 15224 records in RAM.
INFO	2022-07-21 17:10:59	MarkDuplicates	Read    59,000,000 records.  Elapsed time: 00:03:58s.  Time for last 1,000,000:    3s.  Last read position: 2:208,986,496
INFO	2022-07-21 17:10:59	MarkDuplicates	Tracking 234581 as yet unmatched pairs. 12599 records in RAM.
INFO	2022-07-21 17:11:05	MarkDuplicates	Read    60,000,000 records.  Elapsed time: 00:04:04s.  Time for last 1,000,000:    6s.  Last read position: 2:218,757,590
INFO	2022-07-21 17:11:05	MarkDuplicates	Tracking 235873 as yet unmatched pairs. 9804 records in RAM.
INFO	2022-07-21 17:11:32	MarkDuplicates	Read    61,000,000 records.  Elapsed time: 00:04:31s.  Time for last 1,000,000:   26s.  Last read position: 2:223,424,084
INFO	2022-07-21 17:11:32	MarkDuplicates	Tracking 237124 as yet unmatched pairs. 7701 records in RAM.
INFO	2022-07-21 17:11:35	MarkDuplicates	Read    62,000,000 records.  Elapsed time: 00:04:34s.  Time for last 1,000,000:    3s.  Last read position: 2:232,264,366
INFO	2022-07-21 17:11:35	MarkDuplicates	Tracking 238086 as yet unmatched pairs. 4660 records in RAM.
INFO	2022-07-21 17:11:39	MarkDuplicates	Read    63,000,000 records.  Elapsed time: 00:04:38s.  Time for last 1,000,000:    3s.  Last read position: 2:238,820,289
INFO	2022-07-21 17:11:39	MarkDuplicates	Tracking 239283 as yet unmatched pairs. 2243 records in RAM.
INFO	2022-07-21 17:11:43	MarkDuplicates	Read    64,000,000 records.  Elapsed time: 00:04:42s.  Time for last 1,000,000:    4s.  Last read position: 3:2,391,772
INFO	2022-07-21 17:11:43	MarkDuplicates	Tracking 239930 as yet unmatched pairs. 69174 records in RAM.
INFO	2022-07-21 17:11:47	MarkDuplicates	Read    65,000,000 records.  Elapsed time: 00:04:46s.  Time for last 1,000,000:    3s.  Last read position: 3:10,392,129
INFO	2022-07-21 17:11:47	MarkDuplicates	Tracking 240966 as yet unmatched pairs. 67496 records in RAM.
INFO	2022-07-21 17:11:51	MarkDuplicates	Read    66,000,000 records.  Elapsed time: 00:04:49s.  Time for last 1,000,000:    3s.  Last read position: 3:16,306,396
INFO	2022-07-21 17:11:51	MarkDuplicates	Tracking 241732 as yet unmatched pairs. 65660 records in RAM.
INFO	2022-07-21 17:11:54	MarkDuplicates	Read    67,000,000 records.  Elapsed time: 00:04:53s.  Time for last 1,000,000:    3s.  Last read position: 3:31,703,245
INFO	2022-07-21 17:11:54	MarkDuplicates	Tracking 242161 as yet unmatched pairs. 62549 records in RAM.
INFO	2022-07-21 17:11:58	MarkDuplicates	Read    68,000,000 records.  Elapsed time: 00:04:56s.  Time for last 1,000,000:    3s.  Last read position: 3:38,566,420
INFO	2022-07-21 17:11:58	MarkDuplicates	Tracking 242679 as yet unmatched pairs. 60525 records in RAM.
INFO	2022-07-21 17:12:01	MarkDuplicates	Read    69,000,000 records.  Elapsed time: 00:05:00s.  Time for last 1,000,000:    3s.  Last read position: 3:44,621,379
INFO	2022-07-21 17:12:01	MarkDuplicates	Tracking 242975 as yet unmatched pairs. 58391 records in RAM.
INFO	2022-07-21 17:12:05	MarkDuplicates	Read    70,000,000 records.  Elapsed time: 00:05:04s.  Time for last 1,000,000:    3s.  Last read position: 3:47,933,526
INFO	2022-07-21 17:12:05	MarkDuplicates	Tracking 243674 as yet unmatched pairs. 56852 records in RAM.
INFO	2022-07-21 17:12:08	MarkDuplicates	Read    71,000,000 records.  Elapsed time: 00:05:07s.  Time for last 1,000,000:    3s.  Last read position: 3:49,975,909
INFO	2022-07-21 17:12:08	MarkDuplicates	Tracking 243959 as yet unmatched pairs. 55105 records in RAM.
INFO	2022-07-21 17:12:12	MarkDuplicates	Read    72,000,000 records.  Elapsed time: 00:05:11s.  Time for last 1,000,000:    3s.  Last read position: 3:52,723,254
INFO	2022-07-21 17:12:12	MarkDuplicates	Tracking 244410 as yet unmatched pairs. 53503 records in RAM.
INFO	2022-07-21 17:12:16	MarkDuplicates	Read    73,000,000 records.  Elapsed time: 00:05:14s.  Time for last 1,000,000:    3s.  Last read position: 3:58,635,064
INFO	2022-07-21 17:12:16	MarkDuplicates	Tracking 244629 as yet unmatched pairs. 51203 records in RAM.
INFO	2022-07-21 17:12:19	MarkDuplicates	Read    74,000,000 records.  Elapsed time: 00:05:18s.  Time for last 1,000,000:    3s.  Last read position: 3:72,696,775
INFO	2022-07-21 17:12:19	MarkDuplicates	Tracking 244188 as yet unmatched pairs. 47489 records in RAM.
INFO	2022-07-21 17:12:26	MarkDuplicates	Read    75,000,000 records.  Elapsed time: 00:05:24s.  Time for last 1,000,000:    6s.  Last read position: 3:97,852,541
INFO	2022-07-21 17:12:26	MarkDuplicates	Tracking 243288 as yet unmatched pairs. 42555 records in RAM.
INFO	2022-07-21 17:12:29	MarkDuplicates	Read    76,000,000 records.  Elapsed time: 00:05:28s.  Time for last 1,000,000:    3s.  Last read position: 3:108,557,793
INFO	2022-07-21 17:12:29	MarkDuplicates	Tracking 242867 as yet unmatched pairs. 39176 records in RAM.
INFO	2022-07-21 17:12:33	MarkDuplicates	Read    77,000,000 records.  Elapsed time: 00:05:31s.  Time for last 1,000,000:    3s.  Last read position: 3:118,269,772
INFO	2022-07-21 17:12:33	MarkDuplicates	Tracking 242184 as yet unmatched pairs. 35699 records in RAM.
INFO	2022-07-21 17:12:36	MarkDuplicates	Read    78,000,000 records.  Elapsed time: 00:05:35s.  Time for last 1,000,000:    3s.  Last read position: 3:122,449,023
INFO	2022-07-21 17:12:36	MarkDuplicates	Tracking 242439 as yet unmatched pairs. 33611 records in RAM.
INFO	2022-07-21 17:12:40	MarkDuplicates	Read    79,000,000 records.  Elapsed time: 00:05:38s.  Time for last 1,000,000:    3s.  Last read position: 3:128,198,385
INFO	2022-07-21 17:12:40	MarkDuplicates	Tracking 241908 as yet unmatched pairs. 30739 records in RAM.
INFO	2022-07-21 17:12:43	MarkDuplicates	Read    80,000,000 records.  Elapsed time: 00:05:42s.  Time for last 1,000,000:    3s.  Last read position: 3:134,079,184
INFO	2022-07-21 17:12:43	MarkDuplicates	Tracking 241452 as yet unmatched pairs. 27805 records in RAM.
INFO	2022-07-21 17:12:47	MarkDuplicates	Read    81,000,000 records.  Elapsed time: 00:05:45s.  Time for last 1,000,000:    3s.  Last read position: 3:142,140,300
INFO	2022-07-21 17:12:47	MarkDuplicates	Tracking 240849 as yet unmatched pairs. 24494 records in RAM.
INFO	2022-07-21 17:12:50	MarkDuplicates	Read    82,000,000 records.  Elapsed time: 00:05:49s.  Time for last 1,000,000:    3s.  Last read position: 3:151,171,112
INFO	2022-07-21 17:12:50	MarkDuplicates	Tracking 239982 as yet unmatched pairs. 20851 records in RAM.
INFO	2022-07-21 17:12:54	MarkDuplicates	Read    83,000,000 records.  Elapsed time: 00:05:53s.  Time for last 1,000,000:    3s.  Last read position: 3:163,139,395
INFO	2022-07-21 17:12:54	MarkDuplicates	Tracking 238667 as yet unmatched pairs. 16371 records in RAM.
INFO	2022-07-21 17:12:58	MarkDuplicates	Read    84,000,000 records.  Elapsed time: 00:05:56s.  Time for last 1,000,000:    3s.  Last read position: 3:175,571,942
INFO	2022-07-21 17:12:58	MarkDuplicates	Tracking 237074 as yet unmatched pairs. 11745 records in RAM.
INFO	2022-07-21 17:13:01	MarkDuplicates	Read    85,000,000 records.  Elapsed time: 00:06:00s.  Time for last 1,000,000:    3s.  Last read position: 3:184,010,634
INFO	2022-07-21 17:13:01	MarkDuplicates	Tracking 235986 as yet unmatched pairs. 7933 records in RAM.
INFO	2022-07-21 17:13:05	MarkDuplicates	Read    86,000,000 records.  Elapsed time: 00:06:03s.  Time for last 1,000,000:    3s.  Last read position: 3:190,105,679
INFO	2022-07-21 17:13:05	MarkDuplicates	Tracking 235234 as yet unmatched pairs. 4601 records in RAM.
INFO	2022-07-21 17:13:08	MarkDuplicates	Read    87,000,000 records.  Elapsed time: 00:06:07s.  Time for last 1,000,000:    3s.  Last read position: 3:197,238,177
INFO	2022-07-21 17:13:08	MarkDuplicates	Tracking 234258 as yet unmatched pairs. 820 records in RAM.
INFO	2022-07-21 17:13:13	MarkDuplicates	Read    88,000,000 records.  Elapsed time: 00:06:12s.  Time for last 1,000,000:    4s.  Last read position: 4:3,190,691
INFO	2022-07-21 17:13:13	MarkDuplicates	Tracking 233212 as yet unmatched pairs. 80036 records in RAM.
INFO	2022-07-21 17:13:17	MarkDuplicates	Read    89,000,000 records.  Elapsed time: 00:06:16s.  Time for last 1,000,000:    3s.  Last read position: 4:10,447,808
INFO	2022-07-21 17:13:17	MarkDuplicates	Tracking 232143 as yet unmatched pairs. 77368 records in RAM.
INFO	2022-07-21 17:13:20	MarkDuplicates	Read    90,000,000 records.  Elapsed time: 00:06:19s.  Time for last 1,000,000:    3s.  Last read position: 4:24,808,916
INFO	2022-07-21 17:13:20	MarkDuplicates	Tracking 229005 as yet unmatched pairs. 72212 records in RAM.
INFO	2022-07-21 17:13:34	MarkDuplicates	Read    91,000,000 records.  Elapsed time: 00:06:33s.  Time for last 1,000,000:   14s.  Last read position: 4:39,606,705
INFO	2022-07-21 17:13:34	MarkDuplicates	Tracking 226294 as yet unmatched pairs. 67378 records in RAM.
INFO	2022-07-21 17:13:38	MarkDuplicates	Read    92,000,000 records.  Elapsed time: 00:06:37s.  Time for last 1,000,000:    3s.  Last read position: 4:48,097,108
INFO	2022-07-21 17:13:38	MarkDuplicates	Tracking 224824 as yet unmatched pairs. 64014 records in RAM.
INFO	2022-07-21 17:13:42	MarkDuplicates	Read    93,000,000 records.  Elapsed time: 00:06:41s.  Time for last 1,000,000:    3s.  Last read position: 4:63,430,538
INFO	2022-07-21 17:13:42	MarkDuplicates	Tracking 221664 as yet unmatched pairs. 58697 records in RAM.
INFO	2022-07-21 17:13:46	MarkDuplicates	Read    94,000,000 records.  Elapsed time: 00:06:45s.  Time for last 1,000,000:    3s.  Last read position: 4:74,320,968
INFO	2022-07-21 17:13:46	MarkDuplicates	Tracking 219263 as yet unmatched pairs. 54390 records in RAM.
INFO	2022-07-21 17:13:50	MarkDuplicates	Read    95,000,000 records.  Elapsed time: 00:06:48s.  Time for last 1,000,000:    3s.  Last read position: 4:80,353,108
INFO	2022-07-21 17:13:50	MarkDuplicates	Tracking 217434 as yet unmatched pairs. 50915 records in RAM.
INFO	2022-07-21 17:13:53	MarkDuplicates	Read    96,000,000 records.  Elapsed time: 00:06:52s.  Time for last 1,000,000:    3s.  Last read position: 4:89,189,421
INFO	2022-07-21 17:13:53	MarkDuplicates	Tracking 215542 as yet unmatched pairs. 47050 records in RAM.
INFO	2022-07-21 17:13:57	MarkDuplicates	Read    97,000,000 records.  Elapsed time: 00:06:56s.  Time for last 1,000,000:    3s.  Last read position: 4:100,820,718
INFO	2022-07-21 17:13:57	MarkDuplicates	Tracking 212415 as yet unmatched pairs. 42088 records in RAM.
INFO	2022-07-21 17:14:01	MarkDuplicates	Read    98,000,000 records.  Elapsed time: 00:06:59s.  Time for last 1,000,000:    3s.  Last read position: 4:110,933,027
INFO	2022-07-21 17:14:01	MarkDuplicates	Tracking 209470 as yet unmatched pairs. 37232 records in RAM.
INFO	2022-07-21 17:14:04	MarkDuplicates	Read    99,000,000 records.  Elapsed time: 00:07:03s.  Time for last 1,000,000:    3s.  Last read position: 4:122,737,692
INFO	2022-07-21 17:14:04	MarkDuplicates	Tracking 206314 as yet unmatched pairs. 32121 records in RAM.
INFO	2022-07-21 17:14:08	MarkDuplicates	Read   100,000,000 records.  Elapsed time: 00:07:06s.  Time for last 1,000,000:    3s.  Last read position: 4:139,827,079
INFO	2022-07-21 17:14:08	MarkDuplicates	Tracking 201267 as yet unmatched pairs. 24839 records in RAM.
INFO	2022-07-21 17:14:11	MarkDuplicates	Read   101,000,000 records.  Elapsed time: 00:07:10s.  Time for last 1,000,000:    3s.  Last read position: 4:149,000,598
INFO	2022-07-21 17:14:11	MarkDuplicates	Tracking 198259 as yet unmatched pairs. 20025 records in RAM.
INFO	2022-07-21 17:14:15	MarkDuplicates	Read   102,000,000 records.  Elapsed time: 00:07:13s.  Time for last 1,000,000:    3s.  Last read position: 4:158,581,006
INFO	2022-07-21 17:14:15	MarkDuplicates	Tracking 194923 as yet unmatched pairs. 14938 records in RAM.
INFO	2022-07-21 17:14:18	MarkDuplicates	Read   103,000,000 records.  Elapsed time: 00:07:17s.  Time for last 1,000,000:    3s.  Last read position: 4:172,197,849
INFO	2022-07-21 17:14:18	MarkDuplicates	Tracking 190600 as yet unmatched pairs. 8599 records in RAM.
INFO	2022-07-21 17:14:22	MarkDuplicates	Read   104,000,000 records.  Elapsed time: 00:07:20s.  Time for last 1,000,000:    3s.  Last read position: 4:186,997,651
INFO	2022-07-21 17:14:22	MarkDuplicates	Tracking 186077 as yet unmatched pairs. 1976 records in RAM.
INFO	2022-07-21 17:14:26	MarkDuplicates	Read   105,000,000 records.  Elapsed time: 00:07:25s.  Time for last 1,000,000:    4s.  Last read position: 5:7,695,902
INFO	2022-07-21 17:14:26	MarkDuplicates	Tracking 182181 as yet unmatched pairs. 48114 records in RAM.
INFO	2022-07-21 17:14:29	MarkDuplicates	Read   106,000,000 records.  Elapsed time: 00:07:28s.  Time for last 1,000,000:    3s.  Last read position: 5:24,498,552
INFO	2022-07-21 17:14:29	MarkDuplicates	Tracking 176476 as yet unmatched pairs. 40859 records in RAM.
INFO	2022-07-21 17:14:33	MarkDuplicates	Read   107,000,000 records.  Elapsed time: 00:07:32s.  Time for last 1,000,000:    3s.  Last read position: 5:36,439,977
INFO	2022-07-21 17:14:33	MarkDuplicates	Tracking 171968 as yet unmatched pairs. 34954 records in RAM.
INFO	2022-07-21 17:14:36	MarkDuplicates	Read   108,000,000 records.  Elapsed time: 00:07:35s.  Time for last 1,000,000:    3s.  Last read position: 5:44,109,595
INFO	2022-07-21 17:14:36	MarkDuplicates	Tracking 168645 as yet unmatched pairs. 30323 records in RAM.
INFO	2022-07-21 17:14:40	MarkDuplicates	Read   109,000,000 records.  Elapsed time: 00:07:39s.  Time for last 1,000,000:    3s.  Last read position: 5:58,297,751
INFO	2022-07-21 17:14:40	MarkDuplicates	Tracking 164226 as yet unmatched pairs. 24569 records in RAM.
INFO	2022-07-21 17:14:43	MarkDuplicates	Read   110,000,000 records.  Elapsed time: 00:07:42s.  Time for last 1,000,000:    3s.  Last read position: 5:70,688,374
INFO	2022-07-21 17:14:43	MarkDuplicates	Tracking 159130 as yet unmatched pairs. 18064 records in RAM.
INFO	2022-07-21 17:14:47	MarkDuplicates	Read   111,000,000 records.  Elapsed time: 00:07:46s.  Time for last 1,000,000:    3s.  Last read position: 5:77,784,410
INFO	2022-07-21 17:14:47	MarkDuplicates	Tracking 155662 as yet unmatched pairs. 13390 records in RAM.
INFO	2022-07-21 17:14:54	MarkDuplicates	Read   112,000,000 records.  Elapsed time: 00:07:53s.  Time for last 1,000,000:    7s.  Last read position: 5:89,811,881
INFO	2022-07-21 17:14:54	MarkDuplicates	Tracking 150257 as yet unmatched pairs. 6599 records in RAM.
INFO	2022-07-21 17:14:59	MarkDuplicates	Read 112706747 records. 1 pairs never matched.
INFO	2022-07-21 17:15:17	MarkDuplicates	After buildSortedReadEndLists freeMemory: 8251366224; totalMemory: 8303607808; maxMemory: 8303607808
INFO	2022-07-21 17:15:17	MarkDuplicates	Will retain up to 259487744 duplicate indices before spilling to disk.
INFO	2022-07-21 17:15:18	MarkDuplicates	Traversing read pair information and detecting duplicates.
WARNING	2022-07-21 17:15:18	SortingCollection	There is not enough memory per file for buffering. Reading will be unbuffered.
INFO	2022-07-21 17:15:34	MarkDuplicates	Traversing fragment information and detecting duplicates.
INFO	2022-07-21 17:15:55	MarkDuplicates	Sorting list of duplicate records.
INFO	2022-07-21 17:15:56	MarkDuplicates	After generateDuplicateIndexes freeMemory: 6176080144; totalMemory: 8303607808; maxMemory: 8303607808
INFO	2022-07-21 17:15:56	MarkDuplicates	Marking 15269942 records as duplicates.
INFO	2022-07-21 17:15:56	MarkDuplicates	Found 0 optical duplicate clusters.
INFO	2022-07-21 17:15:56	MarkDuplicates	Reads are assumed to be ordered by: coordinate
slurmstepd: error: *** JOB 1465 ON compgen CANCELLED AT 2022-07-21T17:16:30 ***
