[M::bwa_idx_load_from_disk] read 0 ALT contigs
[M::process] read 396040 sequences (40000040 bp)...
[M::process] read 396040 sequences (40000040 bp)...
[M::mem_pestat] # candidate unique pairs for (FF, FR, RF, RR): (20, 168707, 2, 2)
[M::mem_pestat] analyzing insert size distribution for orientation FF...
[M::mem_pestat] (25, 50, 75) percentile: (63, 76, 104)
[M::mem_pestat] low and high boundaries for computing mean and std.dev: (1, 186)
[M::mem_pestat] mean and std.dev: (78.65, 32.79)
[M::mem_pestat] low and high boundaries for proper pairs: (1, 227)
[M::mem_pestat] analyzing insert size distribution for orientation FR...
[M::mem_pestat] (25, 50, 75) percentile: (144, 168, 200)
[M::mem_pestat] low and high boundaries for computing mean and std.dev: (32, 312)
[M::mem_pestat] mean and std.dev: (174.48, 41.67)
[M::mem_pestat] low and high boundaries for proper pairs: (1, 368)
[M::mem_pestat] skip orientation RF as there are not enough pairs
[M::mem_pestat] skip orientation RR as there are not enough pairs
[M::mem_pestat] skip orientation FF
[M::mem_process_seqs] Processed 396040 reads in 73.484 CPU sec, 73.660 real sec
[M::process] read 396040 sequences (40000040 bp)...
[M::mem_pestat] # candidate unique pairs for (FF, FR, RF, RR): (22, 168635, 3, 0)
[M::mem_pestat] analyzing insert size distribution for orientation FF...
[M::mem_pestat] (25, 50, 75) percentile: (64, 92, 102)
[M::mem_pestat] low and high boundaries for computing mean and std.dev: (1, 178)
[M::mem_pestat] mean and std.dev: (88.95, 37.22)
[M::mem_pestat] low and high boundaries for proper pairs: (1, 238)
[M::mem_pestat] analyzing insert size distribution for orientation FR...
[M::mem_pestat] (25, 50, 75) percentile: (144, 168, 200)
[M::mem_pestat] low and high boundaries for computing mean and std.dev: (32, 312)
[M::mem_pestat] mean and std.dev: (174.41, 41.92)
[M::mem_pestat] low and high boundaries for proper pairs: (1, 368)
[M::mem_pestat] skip orientation RF as there are not enough pairs
[M::mem_pestat] skip orientation RR as there are not enough pairs
[M::mem_pestat] skip orientation FF
[M::mem_process_seqs] Processed 396040 reads in 60.414 CPU sec, 66.566 real sec
[M::process] read 396040 sequences (40000040 bp)...
[M::mem_pestat] # candidate unique pairs for (FF, FR, RF, RR): (19, 168625, 1, 2)
[M::mem_pestat] analyzing insert size distribution for orientation FF...
[M::mem_pestat] (25, 50, 75) percentile: (59, 90, 129)
[M::mem_pestat] low and high boundaries for computing mean and std.dev: (1, 269)
[M::mem_pestat] mean and std.dev: (93.21, 41.85)
[M::mem_pestat] low and high boundaries for proper pairs: (1, 339)
[M::mem_pestat] analyzing insert size distribution for orientation FR...
[M::mem_pestat] (25, 50, 75) percentile: (144, 168, 200)
[M::mem_pestat] low and high boundaries for computing mean and std.dev: (32, 312)
[M::mem_pestat] mean and std.dev: (174.41, 41.77)
[M::mem_pestat] low and high boundaries for proper pairs: (1, 368)
[M::mem_pestat] skip orientation RF as there are not enough pairs
[M::mem_pestat] skip orientation RR as there are not enough pairs
[M::mem_pestat] skip orientation FF
[M::mem_process_seqs] Processed 396040 reads in 53.109 CPU sec, 59.245 real sec
[M::process] read 396040 sequences (40000040 bp)...
[M::mem_pestat] # candidate unique pairs for (FF, FR, RF, RR): (23, 168491, 2, 1)
[M::mem_pestat] analyzing insert size distribution for orientation FF...
[M::mem_pestat] (25, 50, 75) percentile: (46, 70, 105)
[M::mem_pestat] low and high boundaries for computing mean and std.dev: (1, 223)
[M::mem_pestat] mean and std.dev: (76.52, 38.61)
[M::mem_pestat] low and high boundaries for proper pairs: (1, 282)
[M::mem_pestat] analyzing insert size distribution for orientation FR...
[M::mem_pestat] (25, 50, 75) percentile: (144, 168, 200)
[M::mem_pestat] low and high boundaries for computing mean and std.dev: (32, 312)
[M::mem_pestat] mean and std.dev: (174.22, 41.72)
[M::mem_pestat] low and high boundaries for proper pairs: (1, 368)
[M::mem_pestat] skip orientation RF as there are not enough pairs
[M::mem_pestat] skip orientation RR as there are not enough pairs
[M::mem_pestat] skip orientation FF
[M::mem_process_seqs] Processed 396040 reads in 51.406 CPU sec, 57.530 real sec
[M::process] read 396040 sequences (40000040 bp)...
[M::mem_pestat] # candidate unique pairs for (FF, FR, RF, RR): (17, 168837, 1, 1)
[M::mem_pestat] analyzing insert size distribution for orientation FF...
[M::mem_pestat] (25, 50, 75) percentile: (51, 80, 99)
[M::mem_pestat] low and high boundaries for computing mean and std.dev: (1, 195)
[M::mem_pestat] mean and std.dev: (75.12, 29.01)
[M::mem_pestat] low and high boundaries for proper pairs: (1, 243)
[M::mem_pestat] analyzing insert size distribution for orientation FR...
[M::mem_pestat] (25, 50, 75) percentile: (144, 167, 199)
[M::mem_pestat] low and high boundaries for computing mean and std.dev: (34, 309)
[M::mem_pestat] mean and std.dev: (173.68, 41.39)
[M::mem_pestat] low and high boundaries for proper pairs: (1, 364)
[M::mem_pestat] skip orientation RF as there are not enough pairs
[M::mem_pestat] skip orientation RR as there are not enough pairs
[M::mem_pestat] skip orientation FF
[M::mem_process_seqs] Processed 396040 reads in 51.802 CPU sec, 57.931 real sec
[M::process] read 396040 sequences (40000040 bp)...
[M::mem_pestat] # candidate unique pairs for (FF, FR, RF, RR): (13, 168552, 0, 0)
[M::mem_pestat] analyzing insert size distribution for orientation FF...
[M::mem_pestat] (25, 50, 75) percentile: (71, 103, 160)
[M::mem_pestat] low and high boundaries for computing mean and std.dev: (1, 338)
[M::mem_pestat] mean and std.dev: (110.85, 66.35)
[M::mem_pestat] low and high boundaries for proper pairs: (1, 427)
[M::mem_pestat] analyzing insert size distribution for orientation FR...
[M::mem_pestat] (25, 50, 75) percentile: (144, 167, 199)
[M::mem_pestat] low and high boundaries for computing mean and std.dev: (34, 309)
[M::mem_pestat] mean and std.dev: (173.49, 41.33)
[M::mem_pestat] low and high boundaries for proper pairs: (1, 364)
[M::mem_pestat] skip orientation RF as there are not enough pairs
[M::mem_pestat] skip orientation RR as there are not enough pairs
[M::mem_pestat] skip orientation FF
[M::mem_process_seqs] Processed 396040 reads in 51.378 CPU sec, 57.524 real sec
[M::process] read 396040 sequences (40000040 bp)...
[M::mem_pestat] # candidate unique pairs for (FF, FR, RF, RR): (29, 168840, 1, 2)
[M::mem_pestat] analyzing insert size distribution for orientation FF...
[M::mem_pestat] (25, 50, 75) percentile: (41, 59, 122)
[M::mem_pestat] low and high boundaries for computing mean and std.dev: (1, 284)
[M::mem_pestat] mean and std.dev: (84.41, 64.34)
[M::mem_pestat] low and high boundaries for proper pairs: (1, 365)
[M::mem_pestat] analyzing insert size distribution for orientation FR...
[M::mem_pestat] (25, 50, 75) percentile: (144, 167, 198)
[M::mem_pestat] low and high boundaries for computing mean and std.dev: (36, 306)
[M::mem_pestat] mean and std.dev: (173.18, 40.86)
[M::mem_pestat] low and high boundaries for proper pairs: (1, 360)
[M::mem_pestat] skip orientation RF as there are not enough pairs
[M::mem_pestat] skip orientation RR as there are not enough pairs
[M::mem_pestat] skip orientation FF
[M::mem_process_seqs] Processed 396040 reads in 52.150 CPU sec, 58.348 real sec
[M::process] read 396040 sequences (40000040 bp)...
[M::mem_pestat] # candidate unique pairs for (FF, FR, RF, RR): (21, 168806, 2, 3)
[M::mem_pestat] analyzing insert size distribution for orientation FF...
[M::mem_pestat] (25, 50, 75) percentile: (45, 88, 143)
[M::mem_pestat] low and high boundaries for computing mean and std.dev: (1, 339)
[M::mem_pestat] mean and std.dev: (83.40, 47.50)
[M::mem_pestat] low and high boundaries for proper pairs: (1, 437)
[M::mem_pestat] analyzing insert size distribution for orientation FR...
[M::mem_pestat] (25, 50, 75) percentile: (144, 168, 199)
[M::mem_pestat] low and high boundaries for computing mean and std.dev: (34, 309)
[M::mem_pestat] mean and std.dev: (173.89, 41.23)
[M::mem_pestat] low and high boundaries for proper pairs: (1, 364)
[M::mem_pestat] skip orientation RF as there are not enough pairs
[M::mem_pestat] skip orientation RR as there are not enough pairs
[M::mem_pestat] skip orientation FF
[M::mem_process_seqs] Processed 396040 reads in 51.631 CPU sec, 57.885 real sec
[M::process] read 396040 sequences (40000040 bp)...
[M::mem_pestat] # candidate unique pairs for (FF, FR, RF, RR): (14, 168932, 1, 0)
[M::mem_pestat] analyzing insert size distribution for orientation FF...
[M::mem_pestat] (25, 50, 75) percentile: (46, 81, 93)
[M::mem_pestat] low and high boundaries for computing mean and std.dev: (1, 187)
[M::mem_pestat] mean and std.dev: (73.64, 28.05)
[M::mem_pestat] low and high boundaries for proper pairs: (1, 234)
[M::mem_pestat] analyzing insert size distribution for orientation FR...
[M::mem_pestat] (25, 50, 75) percentile: (144, 168, 200)
[M::mem_pestat] low and high boundaries for computing mean and std.dev: (32, 312)
[M::mem_pestat] mean and std.dev: (174.48, 41.92)
[M::mem_pestat] low and high boundaries for proper pairs: (1, 368)
[M::mem_pestat] skip orientation RF as there are not enough pairs
[M::mem_pestat] skip orientation RR as there are not enough pairs
[M::mem_pestat] skip orientation FF
[M::mem_process_seqs] Processed 396040 reads in 51.382 CPU sec, 57.664 real sec
[M::process] read 396040 sequences (40000040 bp)...
[M::mem_pestat] # candidate unique pairs for (FF, FR, RF, RR): (21, 168690, 0, 1)
[M::mem_pestat] analyzing insert size distribution for orientation FF...
[M::mem_pestat] (25, 50, 75) percentile: (52, 74, 108)
[M::mem_pestat] low and high boundaries for computing mean and std.dev: (1, 220)
[M::mem_pestat] mean and std.dev: (75.79, 34.39)
[M::mem_pestat] low and high boundaries for proper pairs: (1, 276)
[M::mem_pestat] analyzing insert size distribution for orientation FR...
[M::mem_pestat] (25, 50, 75) percentile: (144, 168, 200)
[M::mem_pestat] low and high boundaries for computing mean and std.dev: (32, 312)
[M::mem_pestat] mean and std.dev: (174.38, 41.75)
[M::mem_pestat] low and high boundaries for proper pairs: (1, 368)
[M::mem_pestat] skip orientation RF as there are not enough pairs
[M::mem_pestat] skip orientation RR as there are not enough pairs
[M::mem_pestat] skip orientation FF
[M::mem_process_seqs] Processed 396040 reads in 51.387 CPU sec, 57.575 real sec
[M::process] read 396040 sequences (40000040 bp)...
[M::mem_pestat] # candidate unique pairs for (FF, FR, RF, RR): (28, 168865, 1, 0)
[M::mem_pestat] analyzing insert size distribution for orientation FF...
[M::mem_pestat] (25, 50, 75) percentile: (57, 83, 112)
[M::mem_pestat] low and high boundaries for computing mean and std.dev: (1, 222)
[M::mem_pestat] mean and std.dev: (84.25, 42.61)
[M::mem_pestat] low and high boundaries for proper pairs: (1, 277)
[M::mem_pestat] analyzing insert size distribution for orientation FR...
[M::mem_pestat] (25, 50, 75) percentile: (144, 168, 200)
[M::mem_pestat] low and high boundaries for computing mean and std.dev: (32, 312)
[M::mem_pestat] mean and std.dev: (174.32, 41.80)
[M::mem_pestat] low and high boundaries for proper pairs: (1, 368)
[M::mem_pestat] skip orientation RF as there are not enough pairs
[M::mem_pestat] skip orientation RR as there are not enough pairs
[M::mem_pestat] skip orientation FF
[M::mem_process_seqs] Processed 396040 reads in 50.907 CPU sec, 57.083 real sec
[M::process] read 396040 sequences (40000040 bp)...
[M::mem_pestat] # candidate unique pairs for (FF, FR, RF, RR): (17, 168633, 3, 1)
[M::mem_pestat] analyzing insert size distribution for orientation FF...
[M::mem_pestat] (25, 50, 75) percentile: (56, 72, 113)
[M::mem_pestat] low and high boundaries for computing mean and std.dev: (1, 227)
[M::mem_pestat] mean and std.dev: (77.94, 40.87)
[M::mem_pestat] low and high boundaries for proper pairs: (1, 284)
[M::mem_pestat] analyzing insert size distribution for orientation FR...
[M::mem_pestat] (25, 50, 75) percentile: (144, 168, 200)
[M::mem_pestat] low and high boundaries for computing mean and std.dev: (32, 312)
[M::mem_pestat] mean and std.dev: (174.27, 41.68)
[M::mem_pestat] low and high boundaries for proper pairs: (1, 368)
[M::mem_pestat] skip orientation RF as there are not enough pairs
[M::mem_pestat] skip orientation RR as there are not enough pairs
[M::mem_pestat] skip orientation FF
[M::mem_process_seqs] Processed 396040 reads in 48.898 CPU sec, 55.069 real sec
[M::process] read 396040 sequences (40000040 bp)...
[M::mem_pestat] # candidate unique pairs for (FF, FR, RF, RR): (24, 168886, 2, 0)
[M::mem_pestat] analyzing insert size distribution for orientation FF...
[M::mem_pestat] (25, 50, 75) percentile: (43, 62, 96)
[M::mem_pestat] low and high boundaries for computing mean and std.dev: (1, 202)
[M::mem_pestat] mean and std.dev: (74.00, 42.02)
[M::mem_pestat] low and high boundaries for proper pairs: (1, 255)
[M::mem_pestat] analyzing insert size distribution for orientation FR...
[M::mem_pestat] (25, 50, 75) percentile: (144, 167, 199)
[M::mem_pestat] low and high boundaries for computing mean and std.dev: (34, 309)
[M::mem_pestat] mean and std.dev: (173.66, 41.44)
[M::mem_pestat] low and high boundaries for proper pairs: (1, 364)
[M::mem_pestat] skip orientation RF as there are not enough pairs
[M::mem_pestat] skip orientation RR as there are not enough pairs
[M::mem_pestat] skip orientation FF
[M::mem_process_seqs] Processed 396040 reads in 48.673 CPU sec, 54.835 real sec
[M::process] read 396040 sequences (40000040 bp)...
[M::mem_pestat] # candidate unique pairs for (FF, FR, RF, RR): (14, 168719, 2, 2)
[M::mem_pestat] analyzing insert size distribution for orientation FF...
[M::mem_pestat] (25, 50, 75) percentile: (66, 80, 115)
[M::mem_pestat] low and high boundaries for computing mean and std.dev: (1, 213)
[M::mem_pestat] mean and std.dev: (84.85, 40.54)
[M::mem_pestat] low and high boundaries for proper pairs: (1, 262)
[M::mem_pestat] analyzing insert size distribution for orientation FR...
[M::mem_pestat] (25, 50, 75) percentile: (144, 167, 198)
[M::mem_pestat] low and high boundaries for computing mean and std.dev: (36, 306)
[M::mem_pestat] mean and std.dev: (173.33, 40.87)
[M::mem_pestat] low and high boundaries for proper pairs: (1, 360)
[M::mem_pestat] skip orientation RF as there are not enough pairs
[M::mem_pestat] skip orientation RR as there are not enough pairs
[M::mem_pestat] skip orientation FF
[M::mem_process_seqs] Processed 396040 reads in 48.813 CPU sec, 54.983 real sec
[M::process] read 396040 sequences (40000040 bp)...
[M::mem_pestat] # candidate unique pairs for (FF, FR, RF, RR): (22, 168798, 0, 0)
[M::mem_pestat] analyzing insert size distribution for orientation FF...
[M::mem_pestat] (25, 50, 75) percentile: (57, 74, 115)
[M::mem_pestat] low and high boundaries for computing mean and std.dev: (1, 231)
[M::mem_pestat] mean and std.dev: (83.48, 45.70)
[M::mem_pestat] low and high boundaries for proper pairs: (1, 289)
[M::mem_pestat] analyzing insert size distribution for orientation FR...
[M::mem_pestat] (25, 50, 75) percentile: (144, 167, 198)
[M::mem_pestat] low and high boundaries for computing mean and std.dev: (36, 306)
[M::mem_pestat] mean and std.dev: (173.14, 40.74)
[M::mem_pestat] low and high boundaries for proper pairs: (1, 360)
[M::mem_pestat] skip orientation RF as there are not enough pairs
[M::mem_pestat] skip orientation RR as there are not enough pairs
[M::mem_pestat] skip orientation FF
[M::mem_process_seqs] Processed 396040 reads in 49.637 CPU sec, 55.833 real sec
[M::process] read 396040 sequences (40000040 bp)...
[M::mem_pestat] # candidate unique pairs for (FF, FR, RF, RR): (21, 168871, 2, 2)
[M::mem_pestat] analyzing insert size distribution for orientation FF...
[M::mem_pestat] (25, 50, 75) percentile: (58, 74, 97)
[M::mem_pestat] low and high boundaries for computing mean and std.dev: (1, 175)
[M::mem_pestat] mean and std.dev: (74.86, 28.49)
[M::mem_pestat] low and high boundaries for proper pairs: (1, 214)
[M::mem_pestat] analyzing insert size distribution for orientation FR...
[M::mem_pestat] (25, 50, 75) percentile: (144, 168, 200)
[M::mem_pestat] low and high boundaries for computing mean and std.dev: (32, 312)
[M::mem_pestat] mean and std.dev: (174.38, 41.79)
[M::mem_pestat] low and high boundaries for proper pairs: (1, 368)
[M::mem_pestat] skip orientation RF as there are not enough pairs
[M::mem_pestat] skip orientation RR as there are not enough pairs
[M::mem_pestat] skip orientation FF
[M::mem_process_seqs] Processed 396040 reads in 49.461 CPU sec, 55.723 real sec
[M::process] read 396040 sequences (40000040 bp)...
[M::mem_pestat] # candidate unique pairs for (FF, FR, RF, RR): (17, 169270, 3, 1)
[M::mem_pestat] analyzing insert size distribution for orientation FF...
[M::mem_pestat] (25, 50, 75) percentile: (44, 53, 85)
[M::mem_pestat] low and high boundaries for computing mean and std.dev: (1, 167)
[M::mem_pestat] mean and std.dev: (65.65, 35.40)
[M::mem_pestat] low and high boundaries for proper pairs: (1, 208)
[M::mem_pestat] analyzing insert size distribution for orientation FR...
[M::mem_pestat] (25, 50, 75) percentile: (144, 168, 200)
[M::mem_pestat] low and high boundaries for computing mean and std.dev: (32, 312)
[M::mem_pestat] mean and std.dev: (174.56, 41.80)
[M::mem_pestat] low and high boundaries for proper pairs: (1, 368)
[M::mem_pestat] skip orientation RF as there are not enough pairs
[M::mem_pestat] skip orientation RR as there are not enough pairs
[M::mem_pestat] skip orientation FF
[M::mem_process_seqs] Processed 396040 reads in 48.565 CPU sec, 54.483 real sec
[M::process] read 396040 sequences (40000040 bp)...
[M::mem_pestat] # candidate unique pairs for (FF, FR, RF, RR): (21, 168968, 3, 0)
[M::mem_pestat] analyzing insert size distribution for orientation FF...
[M::mem_pestat] (25, 50, 75) percentile: (67, 79, 124)
[M::mem_pestat] low and high boundaries for computing mean and std.dev: (1, 238)
[M::mem_pestat] mean and std.dev: (89.00, 41.52)
[M::mem_pestat] low and high boundaries for proper pairs: (1, 295)
[M::mem_pestat] analyzing insert size distribution for orientation FR...
[M::mem_pestat] (25, 50, 75) percentile: (144, 168, 200)
[M::mem_pestat] low and high boundaries for computing mean and std.dev: (32, 312)
[M::mem_pestat] mean and std.dev: (174.23, 41.82)
[M::mem_pestat] low and high boundaries for proper pairs: (1, 368)
[M::mem_pestat] skip orientation RF as there are not enough pairs
[M::mem_pestat] skip orientation RR as there are not enough pairs
[M::mem_pestat] skip orientation FF
[M::mem_process_seqs] Processed 396040 reads in 48.728 CPU sec, 54.431 real sec
[M::process] read 396040 sequences (40000040 bp)...
[M::mem_pestat] # candidate unique pairs for (FF, FR, RF, RR): (17, 169092, 4, 1)
[M::mem_pestat] analyzing insert size distribution for orientation FF...
[M::mem_pestat] (25, 50, 75) percentile: (32, 63, 112)
[M::mem_pestat] low and high boundaries for computing mean and std.dev: (1, 272)
[M::mem_pestat] mean and std.dev: (70.53, 45.53)
[M::mem_pestat] low and high boundaries for proper pairs: (1, 352)
[M::mem_pestat] analyzing insert size distribution for orientation FR...
[M::mem_pestat] (25, 50, 75) percentile: (144, 168, 200)
[M::mem_pestat] low and high boundaries for computing mean and std.dev: (32, 312)
[M::mem_pestat] mean and std.dev: (174.29, 41.72)
[M::mem_pestat] low and high boundaries for proper pairs: (1, 368)
[M::mem_pestat] skip orientation RF as there are not enough pairs
[M::mem_pestat] skip orientation RR as there are not enough pairs
[M::mem_pestat] skip orientation FF
[M::mem_process_seqs] Processed 396040 reads in 50.555 CPU sec, 56.232 real sec
[M::process] read 396040 sequences (40000040 bp)...
[M::mem_pestat] # candidate unique pairs for (FF, FR, RF, RR): (19, 169035, 0, 1)
[M::mem_pestat] analyzing insert size distribution for orientation FF...
[M::mem_pestat] (25, 50, 75) percentile: (38, 80, 100)
[M::mem_pestat] low and high boundaries for computing mean and std.dev: (1, 224)
[M::mem_pestat] mean and std.dev: (71.84, 35.46)
[M::mem_pestat] low and high boundaries for proper pairs: (1, 286)
[M::mem_pestat] analyzing insert size distribution for orientation FR...
[M::mem_pestat] (25, 50, 75) percentile: (144, 167, 199)
[M::mem_pestat] low and high boundaries for computing mean and std.dev: (34, 309)
[M::mem_pestat] mean and std.dev: (173.96, 41.41)
[M::mem_pestat] low and high boundaries for proper pairs: (1, 364)
[M::mem_pestat] skip orientation RF as there are not enough pairs
[M::mem_pestat] skip orientation RR as there are not enough pairs
[M::mem_pestat] skip orientation FF
[M::mem_process_seqs] Processed 396040 reads in 48.551 CPU sec, 54.247 real sec
[M::process] read 396040 sequences (40000040 bp)...
[M::mem_pestat] # candidate unique pairs for (FF, FR, RF, RR): (24, 169011, 1, 0)
[M::mem_pestat] analyzing insert size distribution for orientation FF...
[M::mem_pestat] (25, 50, 75) percentile: (64, 82, 108)
[M::mem_pestat] low and high boundaries for computing mean and std.dev: (1, 196)
[M::mem_pestat] mean and std.dev: (82.46, 37.22)
[M::mem_pestat] low and high boundaries for proper pairs: (1, 240)
[M::mem_pestat] analyzing insert size distribution for orientation FR...
[M::mem_pestat] (25, 50, 75) percentile: (144, 167, 199)
[M::mem_pestat] low and high boundaries for computing mean and std.dev: (34, 309)
[M::mem_pestat] mean and std.dev: (173.62, 41.24)
[M::mem_pestat] low and high boundaries for proper pairs: (1, 364)
[M::mem_pestat] skip orientation RF as there are not enough pairs
[M::mem_pestat] skip orientation RR as there are not enough pairs
[M::mem_pestat] skip orientation FF
[M::mem_process_seqs] Processed 396040 reads in 48.092 CPU sec, 53.780 real sec
[M::process] read 396040 sequences (40000040 bp)...
[M::mem_pestat] # candidate unique pairs for (FF, FR, RF, RR): (24, 168910, 1, 1)
[M::mem_pestat] analyzing insert size distribution for orientation FF...
[M::mem_pestat] (25, 50, 75) percentile: (57, 75, 102)
[M::mem_pestat] low and high boundaries for computing mean and std.dev: (1, 192)
[M::mem_pestat] mean and std.dev: (80.62, 37.56)
[M::mem_pestat] low and high boundaries for proper pairs: (1, 237)
[M::mem_pestat] analyzing insert size distribution for orientation FR...
[M::mem_pestat] (25, 50, 75) percentile: (144, 167, 199)
[M::mem_pestat] low and high boundaries for computing mean and std.dev: (34, 309)
[M::mem_pestat] mean and std.dev: (173.45, 41.22)
[M::mem_pestat] low and high boundaries for proper pairs: (1, 364)
[M::mem_pestat] skip orientation RF as there are not enough pairs
[M::mem_pestat] skip orientation RR as there are not enough pairs
[M::mem_pestat] skip orientation FF
[M::mem_process_seqs] Processed 396040 reads in 49.303 CPU sec, 55.027 real sec
[M::process] read 396040 sequences (40000040 bp)...
[M::mem_pestat] # candidate unique pairs for (FF, FR, RF, RR): (14, 169206, 1, 2)
[M::mem_pestat] analyzing insert size distribution for orientation FF...
[M::mem_pestat] (25, 50, 75) percentile: (42, 73, 89)
[M::mem_pestat] low and high boundaries for computing mean and std.dev: (1, 183)
[M::mem_pestat] mean and std.dev: (67.14, 34.17)
[M::mem_pestat] low and high boundaries for proper pairs: (1, 230)
[M::mem_pestat] analyzing insert size distribution for orientation FR...
[M::mem_pestat] (25, 50, 75) percentile: (144, 167, 199)
[M::mem_pestat] low and high boundaries for computing mean and std.dev: (34, 309)
[M::mem_pestat] mean and std.dev: (173.53, 41.13)
[M::mem_pestat] low and high boundaries for proper pairs: (1, 364)
[M::mem_pestat] skip orientation RF as there are not enough pairs
[M::mem_pestat] skip orientation RR as there are not enough pairs
[M::mem_pestat] skip orientation FF
[M::mem_process_seqs] Processed 396040 reads in 48.464 CPU sec, 54.249 real sec
[M::process] read 396040 sequences (40000040 bp)...
[M::mem_pestat] # candidate unique pairs for (FF, FR, RF, RR): (20, 168452, 0, 2)
[M::mem_pestat] analyzing insert size distribution for orientation FF...
[M::mem_pestat] (25, 50, 75) percentile: (68, 75, 110)
[M::mem_pestat] low and high boundaries for computing mean and std.dev: (1, 194)
[M::mem_pestat] mean and std.dev: (80.11, 35.23)
[M::mem_pestat] low and high boundaries for proper pairs: (1, 236)
[M::mem_pestat] analyzing insert size distribution for orientation FR...
[M::mem_pestat] (25, 50, 75) percentile: (144, 168, 200)
[M::mem_pestat] low and high boundaries for computing mean and std.dev: (32, 312)
[M::mem_pestat] mean and std.dev: (174.51, 41.86)
[M::mem_pestat] low and high boundaries for proper pairs: (1, 368)
[M::mem_pestat] skip orientation RF as there are not enough pairs
[M::mem_pestat] skip orientation RR as there are not enough pairs
[M::mem_pestat] skip orientation FF
[M::mem_process_seqs] Processed 396040 reads in 48.277 CPU sec, 54.208 real sec
[M::process] read 396040 sequences (40000040 bp)...
[M::mem_pestat] # candidate unique pairs for (FF, FR, RF, RR): (18, 168994, 2, 2)
[M::mem_pestat] analyzing insert size distribution for orientation FF...
[M::mem_pestat] (25, 50, 75) percentile: (30, 59, 78)
[M::mem_pestat] low and high boundaries for computing mean and std.dev: (1, 174)
[M::mem_pestat] mean and std.dev: (60.78, 31.12)
[M::mem_pestat] low and high boundaries for proper pairs: (1, 222)
[M::mem_pestat] analyzing insert size distribution for orientation FR...
[M::mem_pestat] (25, 50, 75) percentile: (144, 168, 200)
[M::mem_pestat] low and high boundaries for computing mean and std.dev: (32, 312)
[M::mem_pestat] mean and std.dev: (174.45, 41.74)
[M::mem_pestat] low and high boundaries for proper pairs: (1, 368)
[M::mem_pestat] skip orientation RF as there are not enough pairs
[M::mem_pestat] skip orientation RR as there are not enough pairs
[M::mem_pestat] skip orientation FF
[M::mem_process_seqs] Processed 396040 reads in 47.073 CPU sec, 52.774 real sec
[M::process] read 396040 sequences (40000040 bp)...
[M::mem_pestat] # candidate unique pairs for (FF, FR, RF, RR): (25, 168964, 1, 1)
[M::mem_pestat] analyzing insert size distribution for orientation FF...
[M::mem_pestat] (25, 50, 75) percentile: (65, 83, 89)
[M::mem_pestat] low and high boundaries for computing mean and std.dev: (17, 137)
[M::mem_pestat] mean and std.dev: (76.38, 27.16)
[M::mem_pestat] low and high boundaries for proper pairs: (1, 185)
[M::mem_pestat] analyzing insert size distribution for orientation FR...
[M::mem_pestat] (25, 50, 75) percentile: (144, 167, 199)
[M::mem_pestat] low and high boundaries for computing mean and std.dev: (34, 309)
[M::mem_pestat] mean and std.dev: (174.02, 41.58)
[M::mem_pestat] low and high boundaries for proper pairs: (1, 364)
[M::mem_pestat] skip orientation RF as there are not enough pairs
[M::mem_pestat] skip orientation RR as there are not enough pairs
[M::mem_pestat] skip orientation FF
[M::mem_process_seqs] Processed 396040 reads in 48.406 CPU sec, 54.112 real sec
[M::process] read 396040 sequences (40000040 bp)...
[M::mem_pestat] # candidate unique pairs for (FF, FR, RF, RR): (21, 169059, 3, 1)
[M::mem_pestat] analyzing insert size distribution for orientation FF...
[M::mem_pestat] (25, 50, 75) percentile: (71, 100, 122)
[M::mem_pestat] low and high boundaries for computing mean and std.dev: (1, 224)
[M::mem_pestat] mean and std.dev: (99.33, 37.42)
[M::mem_pestat] low and high boundaries for proper pairs: (1, 275)
[M::mem_pestat] analyzing insert size distribution for orientation FR...
[M::mem_pestat] (25, 50, 75) percentile: (144, 167, 199)
[M::mem_pestat] low and high boundaries for computing mean and std.dev: (34, 309)
[M::mem_pestat] mean and std.dev: (173.87, 41.35)
[M::mem_pestat] low and high boundaries for proper pairs: (1, 364)
[M::mem_pestat] skip orientation RF as there are not enough pairs
[M::mem_pestat] skip orientation RR as there are not enough pairs
[M::mem_pestat] skip orientation FF
[M::mem_process_seqs] Processed 396040 reads in 48.084 CPU sec, 53.824 real sec
[M::process] read 396040 sequences (40000040 bp)...
[M::mem_pestat] # candidate unique pairs for (FF, FR, RF, RR): (18, 168970, 2, 0)
[M::mem_pestat] analyzing insert size distribution for orientation FF...
[M::mem_pestat] (25, 50, 75) percentile: (47, 68, 82)
[M::mem_pestat] low and high boundaries for computing mean and std.dev: (1, 152)
[M::mem_pestat] mean and std.dev: (64.47, 19.14)
[M::mem_pestat] low and high boundaries for proper pairs: (1, 187)
[M::mem_pestat] analyzing insert size distribution for orientation FR...
[M::mem_pestat] (25, 50, 75) percentile: (144, 167, 199)
[M::mem_pestat] low and high boundaries for computing mean and std.dev: (34, 309)
[M::mem_pestat] mean and std.dev: (173.85, 41.31)
[M::mem_pestat] low and high boundaries for proper pairs: (1, 364)
[M::mem_pestat] skip orientation RF as there are not enough pairs
[M::mem_pestat] skip orientation RR as there are not enough pairs
[M::mem_pestat] skip orientation FF
[M::mem_process_seqs] Processed 396040 reads in 47.422 CPU sec, 53.183 real sec
[M::process] read 396040 sequences (40000040 bp)...
[M::mem_pestat] # candidate unique pairs for (FF, FR, RF, RR): (21, 168975, 0, 1)
[M::mem_pestat] analyzing insert size distribution for orientation FF...
[M::mem_pestat] (25, 50, 75) percentile: (56, 72, 116)
[M::mem_pestat] low and high boundaries for computing mean and std.dev: (1, 236)
[M::mem_pestat] mean and std.dev: (90.05, 55.65)
[M::mem_pestat] low and high boundaries for proper pairs: (1, 313)
[M::mem_pestat] analyzing insert size distribution for orientation FR...
[M::mem_pestat] (25, 50, 75) percentile: (144, 167, 199)
[M::mem_pestat] low and high boundaries for computing mean and std.dev: (34, 309)
[M::mem_pestat] mean and std.dev: (173.77, 41.35)
[M::mem_pestat] low and high boundaries for proper pairs: (1, 364)
[M::mem_pestat] skip orientation RF as there are not enough pairs
[M::mem_pestat] skip orientation RR as there are not enough pairs
[M::mem_pestat] skip orientation FF
[M::mem_process_seqs] Processed 396040 reads in 47.670 CPU sec, 53.437 real sec
[M::process] read 292846 sequences (29577446 bp)...
[M::mem_pestat] # candidate unique pairs for (FF, FR, RF, RR): (22, 168836, 0, 2)
[M::mem_pestat] analyzing insert size distribution for orientation FF...
[M::mem_pestat] (25, 50, 75) percentile: (67, 94, 108)
[M::mem_pestat] low and high boundaries for computing mean and std.dev: (1, 190)
[M::mem_pestat] mean and std.dev: (86.10, 31.05)
[M::mem_pestat] low and high boundaries for proper pairs: (1, 231)
[M::mem_pestat] analyzing insert size distribution for orientation FR...
[M::mem_pestat] (25, 50, 75) percentile: (144, 167, 198)
[M::mem_pestat] low and high boundaries for computing mean and std.dev: (36, 306)
[M::mem_pestat] mean and std.dev: (173.15, 40.80)
[M::mem_pestat] low and high boundaries for proper pairs: (1, 360)
[M::mem_pestat] skip orientation RF as there are not enough pairs
[M::mem_pestat] skip orientation RR as there are not enough pairs
[M::mem_pestat] skip orientation FF
[M::mem_process_seqs] Processed 396040 reads in 47.218 CPU sec, 52.992 real sec
[M::mem_pestat] # candidate unique pairs for (FF, FR, RF, RR): (11, 124999, 4, 1)
[M::mem_pestat] analyzing insert size distribution for orientation FF...
[M::mem_pestat] (25, 50, 75) percentile: (70, 97, 152)
[M::mem_pestat] low and high boundaries for computing mean and std.dev: (1, 316)
[M::mem_pestat] mean and std.dev: (100.36, 47.92)
[M::mem_pestat] low and high boundaries for proper pairs: (1, 398)
[M::mem_pestat] analyzing insert size distribution for orientation FR...
[M::mem_pestat] (25, 50, 75) percentile: (144, 167, 198)
[M::mem_pestat] low and high boundaries for computing mean and std.dev: (36, 306)
[M::mem_pestat] mean and std.dev: (173.13, 40.82)
[M::mem_pestat] low and high boundaries for proper pairs: (1, 360)
[M::mem_pestat] skip orientation RF as there are not enough pairs
[M::mem_pestat] skip orientation RR as there are not enough pairs
[M::mem_pestat] skip orientation FF
[M::mem_process_seqs] Processed 292846 reads in 35.216 CPU sec, 41.035 real sec
[main] Version: 0.7.17-r1188
[main] CMD: /programs/x86_64-linux/bwa/0.7.17/bin/bwa mem -t 4 /data/references/b37/human_g1k_v37_decoy.fasta /scratch/2022_summer_internship/data/project/FCD_unknown_C-N_1.fastq.gz /scratch/2022_summer_internship/data/project/FCD_unknown_C-N_2.fastq.gz
[main] Real time: 1744.509 sec; CPU: 1560.855 sec
INFO	2022-07-19 12:26:36	SortSam	

********** NOTE: Picard's command line syntax is changing.
**********
********** For more information, please see:
********** https://github.com/broadinstitute/picard/wiki/Command-Line-Syntax-Transition-For-Users-(Pre-Transition)
**********
********** The command line looks like this in the new syntax:
**********
**********    SortSam -SO coordinate -INPUT Targeted_C_Normal.bam -OUTPUT Targeted_C_Normal.sorted.bam -VALIDATION_STRINGENCY LENIENT -CREATE_INDEX true
**********


12:26:37.114 INFO  NativeLibraryLoader - Loading libgkl_compression.so from jar:file:/opt/biogrids/x86_64-linux/picard/2.26.10/bin/picard.jar!/com/intel/gkl/native/libgkl_compression.so
[Tue Jul 19 12:26:37 KST 2022] SortSam INPUT=Targeted_C_Normal.bam OUTPUT=Targeted_C_Normal.sorted.bam SORT_ORDER=coordinate VALIDATION_STRINGENCY=LENIENT CREATE_INDEX=true    VERBOSITY=INFO QUIET=false COMPRESSION_LEVEL=5 MAX_RECORDS_IN_RAM=500000 CREATE_MD5_FILE=false GA4GH_CLIENT_SECRETS=client_secrets.json USE_JDK_DEFLATER=false USE_JDK_INFLATER=false
[Tue Jul 19 12:26:37 KST 2022] Executing as mjcho@compgen on Linux 3.10.0-1160.el7.x86_64 amd64; OpenJDK 64-Bit Server VM 12.0.2+3; Deflater: Intel; Inflater: Intel; Provider GCS is not available; Picard version: 2.26.10
INFO	2022-07-19 12:26:37	SortSam	Seen many non-increasing record positions. Printing Read-names as well.
INFO	2022-07-19 12:27:26	SortSam	Read    10,000,000 records.  Elapsed time: 00:00:49s.  Time for last 10,000,000:   49s.  Last read position: 13:21,565,229.  Last read name: MG00HS12:668:HJJY2BCXX:2:2206:10538:19977
INFO	2022-07-19 12:27:37	SortSam	Finished reading inputs, merging and writing to output now.
INFO	2022-07-19 12:29:01	SortSam	Wrote    10,000,000 records from a sorting collection.  Elapsed time: 00:02:24s.  Time for last 10,000,000:   83s.  Last read position: 18:56,067,076
[Tue Jul 19 12:29:19 KST 2022] picard.sam.SortSam done. Elapsed time: 2.71 minutes.
Runtime.totalMemory()=849420288
INFO	2022-07-19 12:29:20	AddOrReplaceReadGroups	

********** NOTE: Picard's command line syntax is changing.
**********
********** For more information, please see:
********** https://github.com/broadinstitute/picard/wiki/Command-Line-Syntax-Transition-For-Users-(Pre-Transition)
**********
********** The command line looks like this in the new syntax:
**********
**********    AddOrReplaceReadGroups -INPUT Targeted_C_Normal.sorted.bam -OUTPUT Targeted_C_Normal.sorted.RGadded.bam -SORT_ORDER coordinate -RGLB Targeted_C_Normal -RGPL Illumina -RGPU Illumina -RGSM Targeted_C_Normal -CREATE_INDEX true -VALIDATION_STRINGENCY LENIENT
**********


12:29:21.211 INFO  NativeLibraryLoader - Loading libgkl_compression.so from jar:file:/opt/biogrids/x86_64-linux/picard/2.26.10/bin/picard.jar!/com/intel/gkl/native/libgkl_compression.so
[Tue Jul 19 12:29:21 KST 2022] AddOrReplaceReadGroups INPUT=Targeted_C_Normal.sorted.bam OUTPUT=Targeted_C_Normal.sorted.RGadded.bam SORT_ORDER=coordinate RGLB=Targeted_C_Normal RGPL=Illumina RGPU=Illumina RGSM=Targeted_C_Normal VALIDATION_STRINGENCY=LENIENT CREATE_INDEX=true    RGID=1 VERBOSITY=INFO QUIET=false COMPRESSION_LEVEL=5 MAX_RECORDS_IN_RAM=500000 CREATE_MD5_FILE=false GA4GH_CLIENT_SECRETS=client_secrets.json USE_JDK_DEFLATER=false USE_JDK_INFLATER=false
[Tue Jul 19 12:29:21 KST 2022] Executing as mjcho@compgen on Linux 3.10.0-1160.el7.x86_64 amd64; OpenJDK 64-Bit Server VM 12.0.2+3; Deflater: Intel; Inflater: Intel; Provider GCS is not available; Picard version: 2.26.10
INFO	2022-07-19 12:29:21	AddOrReplaceReadGroups	Created read-group ID=1 PL=Illumina LB=Targeted_C_Normal SM=Targeted_C_Normal

INFO	2022-07-19 12:29:33	AddOrReplaceReadGroups	Processed     1,000,000 records.  Elapsed time: 00:00:12s.  Time for last 1,000,000:   12s.  Last read position: 1:244,006,475
INFO	2022-07-19 12:29:43	AddOrReplaceReadGroups	Processed     2,000,000 records.  Elapsed time: 00:00:22s.  Time for last 1,000,000:    9s.  Last read position: 2:183,976,983
INFO	2022-07-19 12:29:54	AddOrReplaceReadGroups	Processed     3,000,000 records.  Elapsed time: 00:00:33s.  Time for last 1,000,000:   11s.  Last read position: 5:115,729,778
INFO	2022-07-19 12:30:05	AddOrReplaceReadGroups	Processed     4,000,000 records.  Elapsed time: 00:00:44s.  Time for last 1,000,000:   10s.  Last read position: 7:140,507,686
INFO	2022-07-19 12:30:16	AddOrReplaceReadGroups	Processed     5,000,000 records.  Elapsed time: 00:00:54s.  Time for last 1,000,000:   10s.  Last read position: 9:135,767,742
INFO	2022-07-19 12:30:26	AddOrReplaceReadGroups	Processed     6,000,000 records.  Elapsed time: 00:01:05s.  Time for last 1,000,000:   10s.  Last read position: 11:122,100,912
INFO	2022-07-19 12:30:36	AddOrReplaceReadGroups	Processed     7,000,000 records.  Elapsed time: 00:01:15s.  Time for last 1,000,000:   10s.  Last read position: 14:102,495,977
INFO	2022-07-19 12:30:45	AddOrReplaceReadGroups	Processed     8,000,000 records.  Elapsed time: 00:01:24s.  Time for last 1,000,000:    8s.  Last read position: 15:41,832,089
INFO	2022-07-19 12:30:55	AddOrReplaceReadGroups	Processed     9,000,000 records.  Elapsed time: 00:01:34s.  Time for last 1,000,000:    9s.  Last read position: 16:86,330,188
INFO	2022-07-19 12:31:05	AddOrReplaceReadGroups	Processed    10,000,000 records.  Elapsed time: 00:01:43s.  Time for last 1,000,000:    9s.  Last read position: 18:56,067,076
INFO	2022-07-19 12:31:15	AddOrReplaceReadGroups	Processed    11,000,000 records.  Elapsed time: 00:01:53s.  Time for last 1,000,000:   10s.  Last read position: 22:32,217,557
INFO	2022-07-19 12:31:25	AddOrReplaceReadGroups	Processed    12,000,000 records.  Elapsed time: 00:02:04s.  Time for last 1,000,000:   10s.  Last read position: */*
[Tue Jul 19 12:31:27 KST 2022] picard.sam.AddOrReplaceReadGroups done. Elapsed time: 2.11 minutes.
Runtime.totalMemory()=275709952
INFO	2022-07-19 12:31:28	MarkDuplicates	

********** NOTE: Picard's command line syntax is changing.
**********
********** For more information, please see:
********** https://github.com/broadinstitute/picard/wiki/Command-Line-Syntax-Transition-For-Users-(Pre-Transition)
**********
********** The command line looks like this in the new syntax:
**********
**********    MarkDuplicates -INPUT Targeted_C_Normal.sorted.RGadded.bam -OUTPUT Targeted_C_Normal.sorted.RGadded.marked.bam -METRICS_FILE metrics -CREATE_INDEX true -VALIDATION_STRINGENCY LENIENT
**********


12:31:28.649 INFO  NativeLibraryLoader - Loading libgkl_compression.so from jar:file:/opt/biogrids/x86_64-linux/picard/2.26.10/bin/picard.jar!/com/intel/gkl/native/libgkl_compression.so
[Tue Jul 19 12:31:28 KST 2022] MarkDuplicates INPUT=[Targeted_C_Normal.sorted.RGadded.bam] OUTPUT=Targeted_C_Normal.sorted.RGadded.marked.bam METRICS_FILE=metrics VALIDATION_STRINGENCY=LENIENT CREATE_INDEX=true    MAX_SEQUENCES_FOR_DISK_READ_ENDS_MAP=50000 MAX_FILE_HANDLES_FOR_READ_ENDS_MAP=8000 SORTING_COLLECTION_SIZE_RATIO=0.25 TAG_DUPLICATE_SET_MEMBERS=false REMOVE_SEQUENCING_DUPLICATES=false TAGGING_POLICY=DontTag CLEAR_DT=true DUPLEX_UMI=false ADD_PG_TAG_TO_READS=true REMOVE_DUPLICATES=false ASSUME_SORTED=false DUPLICATE_SCORING_STRATEGY=SUM_OF_BASE_QUALITIES PROGRAM_RECORD_ID=MarkDuplicates PROGRAM_GROUP_NAME=MarkDuplicates READ_NAME_REGEX=<optimized capture of last three ':' separated fields as numeric values> OPTICAL_DUPLICATE_PIXEL_DISTANCE=100 MAX_OPTICAL_DUPLICATE_SET_SIZE=300000 VERBOSITY=INFO QUIET=false COMPRESSION_LEVEL=5 MAX_RECORDS_IN_RAM=500000 CREATE_MD5_FILE=false GA4GH_CLIENT_SECRETS=client_secrets.json USE_JDK_DEFLATER=false USE_JDK_INFLATER=false
[Tue Jul 19 12:31:28 KST 2022] Executing as mjcho@compgen on Linux 3.10.0-1160.el7.x86_64 amd64; OpenJDK 64-Bit Server VM 12.0.2+3; Deflater: Intel; Inflater: Intel; Provider GCS is not available; Picard version: 2.26.10
INFO	2022-07-19 12:31:28	MarkDuplicates	Start of doWork freeMemory: 267095296; totalMemory: 275841024; maxMemory: 8303607808
INFO	2022-07-19 12:31:28	MarkDuplicates	Reading input file and constructing read end information.
INFO	2022-07-19 12:31:28	MarkDuplicates	Will retain up to 30085535 data points before spilling to disk.
INFO	2022-07-19 12:31:33	MarkDuplicates	Read     1,000,000 records.  Elapsed time: 00:00:04s.  Time for last 1,000,000:    4s.  Last read position: 1:244,006,475
INFO	2022-07-19 12:31:33	MarkDuplicates	Tracking 5016 as yet unmatched pairs. 528 records in RAM.
INFO	2022-07-19 12:31:36	MarkDuplicates	Read     2,000,000 records.  Elapsed time: 00:00:07s.  Time for last 1,000,000:    2s.  Last read position: 2:183,976,983
INFO	2022-07-19 12:31:36	MarkDuplicates	Tracking 8088 as yet unmatched pairs. 149 records in RAM.
INFO	2022-07-19 12:31:39	MarkDuplicates	Read     3,000,000 records.  Elapsed time: 00:00:10s.  Time for last 1,000,000:    2s.  Last read position: 5:115,729,778
INFO	2022-07-19 12:31:39	MarkDuplicates	Tracking 12561 as yet unmatched pairs. 364 records in RAM.
INFO	2022-07-19 12:31:42	MarkDuplicates	Read     4,000,000 records.  Elapsed time: 00:00:13s.  Time for last 1,000,000:    2s.  Last read position: 7:140,507,686
INFO	2022-07-19 12:31:42	MarkDuplicates	Tracking 14878 as yet unmatched pairs. 517 records in RAM.
INFO	2022-07-19 12:31:44	MarkDuplicates	Read     5,000,000 records.  Elapsed time: 00:00:15s.  Time for last 1,000,000:    2s.  Last read position: 9:135,767,742
INFO	2022-07-19 12:31:44	MarkDuplicates	Tracking 16055 as yet unmatched pairs. 1276 records in RAM.
INFO	2022-07-19 12:31:47	MarkDuplicates	Read     6,000,000 records.  Elapsed time: 00:00:18s.  Time for last 1,000,000:    2s.  Last read position: 11:122,100,912
INFO	2022-07-19 12:31:47	MarkDuplicates	Tracking 14820 as yet unmatched pairs. 119 records in RAM.
INFO	2022-07-19 12:31:50	MarkDuplicates	Read     7,000,000 records.  Elapsed time: 00:00:21s.  Time for last 1,000,000:    3s.  Last read position: 14:102,495,977
INFO	2022-07-19 12:31:50	MarkDuplicates	Tracking 14318 as yet unmatched pairs. 919 records in RAM.
INFO	2022-07-19 12:31:52	MarkDuplicates	Read     8,000,000 records.  Elapsed time: 00:00:23s.  Time for last 1,000,000:    2s.  Last read position: 15:41,832,089
INFO	2022-07-19 12:31:52	MarkDuplicates	Tracking 12842 as yet unmatched pairs. 1363 records in RAM.
INFO	2022-07-19 12:31:54	MarkDuplicates	Read     9,000,000 records.  Elapsed time: 00:00:26s.  Time for last 1,000,000:    2s.  Last read position: 16:86,330,188
INFO	2022-07-19 12:31:54	MarkDuplicates	Tracking 11040 as yet unmatched pairs. 104 records in RAM.
INFO	2022-07-19 12:31:57	MarkDuplicates	Read    10,000,000 records.  Elapsed time: 00:00:28s.  Time for last 1,000,000:    2s.  Last read position: 18:56,067,076
INFO	2022-07-19 12:31:57	MarkDuplicates	Tracking 9604 as yet unmatched pairs. 1106 records in RAM.
INFO	2022-07-19 12:31:59	MarkDuplicates	Read    11,000,000 records.  Elapsed time: 00:00:31s.  Time for last 1,000,000:    2s.  Last read position: 22:32,217,557
INFO	2022-07-19 12:31:59	MarkDuplicates	Tracking 5941 as yet unmatched pairs. 1312 records in RAM.
INFO	2022-07-19 12:32:02	MarkDuplicates	Read 11944821 records. 0 pairs never matched.
INFO	2022-07-19 12:32:03	MarkDuplicates	After buildSortedReadEndLists freeMemory: 2165433824; totalMemory: 3728728064; maxMemory: 8303607808
INFO	2022-07-19 12:32:03	MarkDuplicates	Will retain up to 259487744 duplicate indices before spilling to disk.
INFO	2022-07-19 12:32:04	MarkDuplicates	Traversing read pair information and detecting duplicates.
INFO	2022-07-19 12:32:07	MarkDuplicates	Traversing fragment information and detecting duplicates.
INFO	2022-07-19 12:32:08	MarkDuplicates	Sorting list of duplicate records.
INFO	2022-07-19 12:32:09	MarkDuplicates	After generateDuplicateIndexes freeMemory: 4619932352; totalMemory: 6738784256; maxMemory: 8303607808
INFO	2022-07-19 12:32:09	MarkDuplicates	Marking 2100081 records as duplicates.
INFO	2022-07-19 12:32:09	MarkDuplicates	Found 888 optical duplicate clusters.
INFO	2022-07-19 12:32:09	MarkDuplicates	Reads are assumed to be ordered by: coordinate
INFO	2022-07-19 12:33:54	MarkDuplicates	Written    10,000,000 records.  Elapsed time: 00:01:45s.  Time for last 10,000,000:  105s.  Last read position: 18:56,067,076
INFO	2022-07-19 12:34:17	MarkDuplicates	Writing complete. Closing input iterator.
INFO	2022-07-19 12:34:17	MarkDuplicates	Duplicate Index cleanup.
INFO	2022-07-19 12:34:17	MarkDuplicates	Getting Memory Stats.
INFO	2022-07-19 12:34:18	MarkDuplicates	Before output close freeMemory: 6694369136; totalMemory: 6738784256; maxMemory: 8303607808
INFO	2022-07-19 12:34:18	MarkDuplicates	Closed outputs. Getting more Memory Stats.
INFO	2022-07-19 12:34:18	MarkDuplicates	After output close freeMemory: 6051675184; totalMemory: 6092525568; maxMemory: 8303607808
[Tue Jul 19 12:34:18 KST 2022] picard.sam.markduplicates.MarkDuplicates done. Elapsed time: 2.82 minutes.
Runtime.totalMemory()=6092525568
INFO  12:34:20,458 HelpFormatter - --------------------------------------------------------------------------------- 
INFO  12:34:20,459 HelpFormatter - The Genome Analysis Toolkit (GATK) v3.4-46-gbc02625, Compiled 2015/07/09 17:38:12 
INFO  12:34:20,459 HelpFormatter - Copyright (c) 2010 The Broad Institute 
INFO  12:34:20,460 HelpFormatter - For support and documentation go to http://www.broadinstitute.org/gatk 
INFO  12:34:20,462 HelpFormatter - Program Args: -T RealignerTargetCreator -R /data/references/b37/human_g1k_v37_decoy.fasta -o Targeted_C_Normal.sorted.RGadded.marked.bam.list -I Targeted_C_Normal.sorted.RGadded.marked.bam -dt NONE -nt 8 
INFO  12:34:20,464 HelpFormatter - Executing as mjcho@compgen on Linux 3.10.0-1160.el7.x86_64 amd64; Java HotSpot(TM) 64-Bit Server VM 1.8.0_144-b01. 
INFO  12:34:20,473 HelpFormatter - Date/Time: 2022/07/19 12:34:20 
INFO  12:34:20,474 HelpFormatter - --------------------------------------------------------------------------------- 
INFO  12:34:20,474 HelpFormatter - --------------------------------------------------------------------------------- 
INFO  12:34:21,082 GenomeAnalysisEngine - Strictness is SILENT 
INFO  12:34:21,172 GenomeAnalysisEngine - Downsampling Settings: No downsampling 
INFO  12:34:21,189 SAMDataSource$SAMReaders - Initializing SAMRecords in serial 
INFO  12:34:21,222 SAMDataSource$SAMReaders - Done initializing BAM readers: total time 0.03 
INFO  12:34:21,235 MicroScheduler - Running the GATK in parallel mode with 8 total threads, 1 CPU thread(s) for each of 8 data thread(s), of 1 processors available on this machine 
WARN  12:34:21,235 MicroScheduler - Number of requested GATK threads 8 is more than the number of available processors on this machine 1 
INFO  12:34:21,297 GenomeAnalysisEngine - Preparing for traversal over 1 BAM files 
INFO  12:34:21,583 GenomeAnalysisEngine - Done preparing for traversal 
INFO  12:34:21,583 ProgressMeter - [INITIALIZATION COMPLETE; STARTING PROCESSING] 
INFO  12:34:21,583 ProgressMeter -                 | processed |    time |    per 1M |           |   total | remaining 
INFO  12:34:21,583 ProgressMeter -        Location |     sites | elapsed |     sites | completed | runtime |   runtime 
INFO  12:34:21,634 SAMDataSource$SAMReaders - Initializing SAMRecords in serial 
INFO  12:34:21,639 SAMDataSource$SAMReaders - Done initializing BAM readers: total time 0.00 
INFO  12:34:21,673 SAMDataSource$SAMReaders - Initializing SAMRecords in serial 
INFO  12:34:21,677 SAMDataSource$SAMReaders - Done initializing BAM readers: total time 0.00 
INFO  12:34:21,709 SAMDataSource$SAMReaders - Initializing SAMRecords in serial 
INFO  12:34:21,712 SAMDataSource$SAMReaders - Done initializing BAM readers: total time 0.00 
INFO  12:34:21,718 SAMDataSource$SAMReaders - Initializing SAMRecords in serial 
INFO  12:34:21,721 SAMDataSource$SAMReaders - Done initializing BAM readers: total time 0.00 
INFO  12:34:21,722 SAMDataSource$SAMReaders - Initializing SAMRecords in serial 
INFO  12:34:21,725 SAMDataSource$SAMReaders - Done initializing BAM readers: total time 0.00 
INFO  12:34:21,731 SAMDataSource$SAMReaders - Initializing SAMRecords in serial 
INFO  12:34:21,734 SAMDataSource$SAMReaders - Done initializing BAM readers: total time 0.00 
INFO  12:34:21,752 SAMDataSource$SAMReaders - Initializing SAMRecords in serial 
INFO  12:34:21,755 SAMDataSource$SAMReaders - Done initializing BAM readers: total time 0.00 
INFO  12:34:51,596 ProgressMeter -      1:61728629   6.1718528E7    30.0 s       0.0 s        2.0%    25.4 m      24.9 m 
INFO  12:35:21,596 ProgressMeter -     1:200982445   2.00966144E8    60.0 s       0.0 s        6.4%    15.6 m      14.6 m 
INFO  12:35:51,597 ProgressMeter -      2:59817901   3.09019453E8    90.0 s       0.0 s        9.9%    15.2 m      13.7 m 
INFO  12:36:31,598 ProgressMeter -     2:222166957   4.71352125E8     2.2 m       0.0 s       15.0%    14.4 m      12.3 m 
INFO  12:37:01,598 ProgressMeter -     3:111190425   6.03631818E8     2.7 m       0.0 s       19.2%    13.9 m      11.2 m 
INFO  12:37:31,599 ProgressMeter -      4:48267181   7.38641384E8     3.2 m       0.0 s       23.5%    13.4 m      10.3 m 
INFO  12:38:11,599 ProgressMeter -      5:59080905   9.37692748E8     3.8 m       0.0 s       30.0%    12.8 m       9.0 m 
INFO  12:38:41,600 ProgressMeter -      6:11173305   1.073699464E9     4.3 m       0.0 s       34.2%    12.7 m       8.3 m 
INFO  12:39:21,601 ProgressMeter -      7:21708717   1.255349443E9     5.0 m       0.0 s       40.0%    12.5 m       7.5 m 
INFO  12:39:51,601 ProgressMeter -     7:151846829   1.385471171E9     5.5 m       0.0 s       44.2%    12.5 m       7.0 m 
INFO  12:40:21,602 ProgressMeter -     8:130742337   1.523474474E9     6.0 m       0.0 s       48.6%    12.4 m       6.4 m 
INFO  12:41:01,603 ProgressMeter -     10:13463481   1.693808023E9     6.7 m       0.0 s       54.0%    12.3 m       5.7 m 
INFO  12:41:31,603 ProgressMeter -      11:9665177   1.825558066E9     7.2 m       0.0 s       58.2%    12.3 m       5.2 m 
INFO  12:42:01,634 ProgressMeter -      12:5898157   1.956779878E9     7.7 m       0.0 s       62.4%    12.3 m       4.6 m 
INFO  12:42:31,635 ProgressMeter -     13:23429037   2.089173597E9     8.2 m       0.0 s       67.2%    12.2 m       4.0 m 
INFO  12:43:11,636 ProgressMeter -     14:94535981   2.294291635E9     8.8 m       0.0 s       73.1%    12.1 m       3.2 m 
INFO  12:43:41,636 ProgressMeter -     15:93569125   2.400740055E9     9.3 m       0.0 s       76.5%    12.2 m       2.9 m 
INFO  12:44:11,637 ProgressMeter -     17:18464685   2.518538328E9     9.8 m       0.0 s       80.3%    12.2 m       2.4 m 
INFO  12:44:51,638 ProgressMeter -     19:17291321   2.676729442E9    10.5 m       0.0 s       85.3%    12.3 m     108.0 s 
INFO  12:45:21,638 ProgressMeter -     21:33012877   2.805109865E9    11.0 m       0.0 s       89.7%    12.3 m      75.0 s 
INFO  12:45:51,649 ProgressMeter -      X:70041517   2.947961926E9    11.5 m       0.0 s       94.1%    12.2 m      43.0 s 
INFO  12:46:21,649 ProgressMeter - hs37d5:18202541   3.101009906E9    12.0 m       0.0 s       99.4%    12.1 m       3.0 s 
INFO  12:46:33,088 ProgressMeter -            done   3.137454505E9    12.2 m       0.0 s      100.0%    12.2 m       0.0 s 
INFO  12:46:33,089 ProgressMeter - Total runtime 731.51 secs, 12.19 min, 0.20 hours 
INFO  12:46:33,091 MicroScheduler - 2569786 reads were filtered out during the traversal out of approximately 12008808 total reads (21.40%) 
INFO  12:46:33,092 MicroScheduler -   -> 0 reads (0.00% of total) failing BadCigarFilter 
INFO  12:46:33,092 MicroScheduler -   -> 52331 reads (0.44% of total) failing BadMateFilter 
INFO  12:46:33,097 MicroScheduler -   -> 2085747 reads (17.37% of total) failing DuplicateReadFilter 
INFO  12:46:33,097 MicroScheduler -   -> 0 reads (0.00% of total) failing FailsVendorQualityCheckFilter 
INFO  12:46:33,102 MicroScheduler -   -> 0 reads (0.00% of total) failing MalformedReadFilter 
INFO  12:46:33,103 MicroScheduler -   -> 0 reads (0.00% of total) failing MappingQualityUnavailableFilter 
INFO  12:46:33,103 MicroScheduler -   -> 431708 reads (3.59% of total) failing MappingQualityZeroFilter 
INFO  12:46:33,103 MicroScheduler -   -> 0 reads (0.00% of total) failing NotPrimaryAlignmentFilter 
INFO  12:46:33,103 MicroScheduler -   -> 0 reads (0.00% of total) failing Platform454Filter 
INFO  12:46:33,103 MicroScheduler -   -> 0 reads (0.00% of total) failing UnmappedReadFilter 
INFO  12:46:34,533 GATKRunReport - Uploaded run statistics report to AWS S3 
INFO  12:46:36,840 HelpFormatter - --------------------------------------------------------------------------------- 
INFO  12:46:36,842 HelpFormatter - The Genome Analysis Toolkit (GATK) v3.4-46-gbc02625, Compiled 2015/07/09 17:38:12 
INFO  12:46:36,842 HelpFormatter - Copyright (c) 2010 The Broad Institute 
INFO  12:46:36,842 HelpFormatter - For support and documentation go to http://www.broadinstitute.org/gatk 
INFO  12:46:36,844 HelpFormatter - Program Args: -I Targeted_C_Normal.sorted.RGadded.marked.bam -R /data/references/b37/human_g1k_v37_decoy.fasta -T IndelRealigner -targetIntervals Targeted_C_Normal.sorted.RGadded.marked.bam.list -o Targeted_C_Normal.sorted.RGadded.marked.realigned.bam --maxReadsForRealignment 300000 
INFO  12:46:36,846 HelpFormatter - Executing as mjcho@compgen on Linux 3.10.0-1160.el7.x86_64 amd64; Java HotSpot(TM) 64-Bit Server VM 1.8.0_144-b01. 
INFO  12:46:36,846 HelpFormatter - Date/Time: 2022/07/19 12:46:36 
INFO  12:46:36,846 HelpFormatter - --------------------------------------------------------------------------------- 
INFO  12:46:36,846 HelpFormatter - --------------------------------------------------------------------------------- 
INFO  12:46:37,646 GenomeAnalysisEngine - Strictness is SILENT 
INFO  12:46:37,706 GenomeAnalysisEngine - Downsampling Settings: No downsampling 
INFO  12:46:37,724 SAMDataSource$SAMReaders - Initializing SAMRecords in serial 
INFO  12:46:37,762 SAMDataSource$SAMReaders - Done initializing BAM readers: total time 0.04 
INFO  12:46:37,842 GenomeAnalysisEngine - Preparing for traversal over 1 BAM files 
INFO  12:46:37,845 GenomeAnalysisEngine - Done preparing for traversal 
INFO  12:46:37,845 ProgressMeter - [INITIALIZATION COMPLETE; STARTING PROCESSING] 
INFO  12:46:37,845 ProgressMeter -                 | processed |    time |    per 1M |           |   total | remaining 
INFO  12:46:37,845 ProgressMeter -        Location |     reads | elapsed |     reads | completed | runtime |   runtime 
INFO  12:46:37,990 ReadShardBalancer$1 - Loading BAM index data 
INFO  12:46:37,991 ReadShardBalancer$1 - Done loading BAM index data 
INFO  12:47:07,884 ProgressMeter -     1:243675577    900082.0    30.0 s      33.0 s        7.8%     6.4 m       5.9 m 
INFO  12:47:37,885 ProgressMeter -     2:166847401   1772513.0    60.0 s      33.0 s       13.3%     7.5 m       6.5 m 
INFO  12:48:17,886 ProgressMeter -      6:51854549   3429598.0   100.0 s      29.0 s       35.5%     4.7 m       3.0 m 
INFO  12:48:47,886 ProgressMeter -     9:101056317   4611976.0     2.2 m      28.0 s       52.3%     4.1 m     118.0 s 
INFO  12:49:18,331 ProgressMeter -     10:89623660   5468088.0     2.7 m      29.0 s       56.4%     4.7 m       2.1 m 
INFO  12:49:48,332 ProgressMeter -     14:75081186   6568676.0     3.2 m      28.0 s       72.5%     4.4 m      72.0 s 
INFO  12:50:28,417 ProgressMeter -     15:34130125   7766036.0     3.8 m      29.0 s       74.6%     5.1 m      78.0 s 
INFO  12:50:58,760 ProgressMeter -      16:2137934   8784966.0     4.3 m      29.0 s       76.9%     5.6 m      78.0 s 
INFO  12:51:38,760 ProgressMeter -      19:6534143   1.0065609E7     5.0 m      29.0 s       85.0%     5.9 m      53.0 s 
INFO  12:52:08,761 ProgressMeter -     22:32293561   1.1093741E7     5.5 m      29.0 s       91.2%     6.0 m      31.0 s 
INFO  12:52:33,857 ProgressMeter -            done   1.2185945E7     5.9 m      29.0 s      100.0%     5.9 m       0.0 s 
INFO  12:52:33,858 ProgressMeter - Total runtime 356.01 secs, 5.93 min, 0.10 hours 
INFO  12:52:33,860 MicroScheduler - 0 reads were filtered out during the traversal out of approximately 12185945 total reads (0.00%) 
INFO  12:52:33,860 MicroScheduler -   -> 0 reads (0.00% of total) failing BadCigarFilter 
INFO  12:52:33,860 MicroScheduler -   -> 0 reads (0.00% of total) failing MalformedReadFilter 
INFO  12:52:35,472 GATKRunReport - Uploaded run statistics report to AWS S3 
INFO	2022-07-19 12:52:36	FixMateInformation	

********** NOTE: Picard's command line syntax is changing.
**********
********** For more information, please see:
********** https://github.com/broadinstitute/picard/wiki/Command-Line-Syntax-Transition-For-Users-(Pre-Transition)
**********
********** The command line looks like this in the new syntax:
**********
**********    FixMateInformation -INPUT Targeted_C_Normal.sorted.RGadded.marked.realigned.bam -OUTPUT Targeted_C_Normal.sorted.RGadded.marked.realigned.fixed.bam -SO coordinate -VALIDATION_STRINGENCY LENIENT -CREATE_INDEX true
**********


12:52:36.787 INFO  NativeLibraryLoader - Loading libgkl_compression.so from jar:file:/opt/biogrids/x86_64-linux/picard/2.26.10/bin/picard.jar!/com/intel/gkl/native/libgkl_compression.so
[Tue Jul 19 12:52:36 KST 2022] FixMateInformation INPUT=[Targeted_C_Normal.sorted.RGadded.marked.realigned.bam] OUTPUT=Targeted_C_Normal.sorted.RGadded.marked.realigned.fixed.bam SORT_ORDER=coordinate VALIDATION_STRINGENCY=LENIENT CREATE_INDEX=true    ASSUME_SORTED=false ADD_MATE_CIGAR=true IGNORE_MISSING_MATES=true VERBOSITY=INFO QUIET=false COMPRESSION_LEVEL=5 MAX_RECORDS_IN_RAM=500000 CREATE_MD5_FILE=false GA4GH_CLIENT_SECRETS=client_secrets.json USE_JDK_DEFLATER=false USE_JDK_INFLATER=false
[Tue Jul 19 12:52:36 KST 2022] Executing as mjcho@compgen on Linux 3.10.0-1160.el7.x86_64 amd64; OpenJDK 64-Bit Server VM 12.0.2+3; Deflater: Intel; Inflater: Intel; Provider GCS is not available; Picard version: 2.26.10
INFO	2022-07-19 12:52:36	FixMateInformation	Sorting input into queryname order.
INFO	2022-07-19 12:53:50	FixMateInformation	Sorting by queryname complete.
INFO	2022-07-19 12:53:50	FixMateInformation	Output will be sorted by coordinate
INFO	2022-07-19 12:53:50	FixMateInformation	Traversing query name sorted records and fixing up mate pair information.
INFO	2022-07-19 12:53:50	FixMateInformation	Seen many non-increasing record positions. Printing Read-names as well.
INFO	2022-07-19 12:53:56	FixMateInformation	Processed     1,000,000 records.  Elapsed time: 00:00:05s.  Time for last 1,000,000:    5s.  Last read position: 9:101,151,256.  Last read name: MG00HS12:668:HJJY2BCXX:2:1106:7296:47705
INFO	2022-07-19 12:54:02	FixMateInformation	Processed     2,000,000 records.  Elapsed time: 00:00:11s.  Time for last 1,000,000:    6s.  Last read position: 6:36,813,303.  Last read name: MG00HS12:668:HJJY2BCXX:2:1112:13781:50137
INFO	2022-07-19 12:54:09	FixMateInformation	Processed     3,000,000 records.  Elapsed time: 00:00:18s.  Time for last 1,000,000:    6s.  Last read position: 7:148,506,225.  Last read name: MG00HS12:668:HJJY2BCXX:2:1201:11783:3846
INFO	2022-07-19 12:54:15	FixMateInformation	Processed     4,000,000 records.  Elapsed time: 00:00:24s.  Time for last 1,000,000:    6s.  Last read position: 22:17,056,895.  Last read name: MG00HS12:668:HJJY2BCXX:2:1206:5358:86626
INFO	2022-07-19 12:54:21	FixMateInformation	Processed     5,000,000 records.  Elapsed time: 00:00:31s.  Time for last 1,000,000:    6s.  Last read position: 14:102,504,927.  Last read name: MG00HS12:668:HJJY2BCXX:2:1211:8132:64004
INFO	2022-07-19 12:54:28	FixMateInformation	Processed     6,000,000 records.  Elapsed time: 00:00:37s.  Time for last 1,000,000:    6s.  Last read position: 15:33,859,019.  Last read name: MG00HS12:668:HJJY2BCXX:2:1216:2473:58691
INFO	2022-07-19 12:54:34	FixMateInformation	Processed     7,000,000 records.  Elapsed time: 00:00:43s.  Time for last 1,000,000:    6s.  Last read position: 1:243,664,502.  Last read name: MG00HS12:668:HJJY2BCXX:2:2106:17346:98133
INFO	2022-07-19 12:54:40	FixMateInformation	Processed     8,000,000 records.  Elapsed time: 00:00:49s.  Time for last 1,000,000:    6s.  Last read position: 15:93,448,027.  Last read name: MG00HS12:668:HJJY2BCXX:2:2111:4683:23861
INFO	2022-07-19 12:54:47	FixMateInformation	Processed     9,000,000 records.  Elapsed time: 00:00:56s.  Time for last 1,000,000:    6s.  Last read position: 22:32,270,331.  Last read name: MG00HS12:668:HJJY2BCXX:2:2116:20095:60983
INFO	2022-07-19 12:54:53	FixMateInformation	Processed    10,000,000 records.  Elapsed time: 00:01:02s.  Time for last 1,000,000:    6s.  Last read position: 5:161,275,240.  Last read name: MG00HS12:668:HJJY2BCXX:2:2206:13475:53151
INFO	2022-07-19 12:54:59	FixMateInformation	Processed    11,000,000 records.  Elapsed time: 00:01:09s.  Time for last 1,000,000:    6s.  Last read position: 14:105,621,499.  Last read name: MG00HS12:668:HJJY2BCXX:2:2211:17680:17318
INFO	2022-07-19 12:55:06	FixMateInformation	Processed    12,000,000 records.  Elapsed time: 00:01:15s.  Time for last 1,000,000:    6s.  Last read position: 14:93,521,743.  Last read name: MG00HS12:668:HJJY2BCXX:2:2216:13300:51730
INFO	2022-07-19 12:55:08	FixMateInformation	Finished processing reads; re-sorting output file.
[Tue Jul 19 12:56:51 KST 2022] picard.sam.FixMateInformation done. Elapsed time: 4.25 minutes.
Runtime.totalMemory()=1496207360
INFO  12:56:53,754 HelpFormatter - --------------------------------------------------------------------------------- 
INFO  12:56:53,755 HelpFormatter - The Genome Analysis Toolkit (GATK) v3.4-46-gbc02625, Compiled 2015/07/09 17:38:12 
INFO  12:56:53,756 HelpFormatter - Copyright (c) 2010 The Broad Institute 
INFO  12:56:53,756 HelpFormatter - For support and documentation go to http://www.broadinstitute.org/gatk 
INFO  12:56:53,758 HelpFormatter - Program Args: -T BaseRecalibrator -R /data/references/b37/human_g1k_v37_decoy.fasta -I Targeted_C_Normal.sorted.RGadded.marked.realigned.fixed.bam --knownSites /data/references/b37/dbsnp_147_b37_common_all_20160601.vcf -o Targeted_C_Normal.sorted.RGadded.marked.realigned.fixed.bam.recal_data.grp 
INFO  12:56:53,760 HelpFormatter - Executing as mjcho@compgen on Linux 3.10.0-1160.el7.x86_64 amd64; Java HotSpot(TM) 64-Bit Server VM 1.8.0_144-b01. 
INFO  12:56:53,760 HelpFormatter - Date/Time: 2022/07/19 12:56:53 
INFO  12:56:53,760 HelpFormatter - --------------------------------------------------------------------------------- 
INFO  12:56:53,761 HelpFormatter - --------------------------------------------------------------------------------- 
INFO  12:56:54,401 GenomeAnalysisEngine - Strictness is SILENT 
INFO  12:56:54,495 GenomeAnalysisEngine - Downsampling Settings: No downsampling 
INFO  12:56:54,507 SAMDataSource$SAMReaders - Initializing SAMRecords in serial 
INFO  12:56:54,539 SAMDataSource$SAMReaders - Done initializing BAM readers: total time 0.03 
INFO  12:56:54,782 GenomeAnalysisEngine - Preparing for traversal over 1 BAM files 
INFO  12:56:54,786 GenomeAnalysisEngine - Done preparing for traversal 
INFO  12:56:54,787 ProgressMeter - [INITIALIZATION COMPLETE; STARTING PROCESSING] 
INFO  12:56:54,787 ProgressMeter -                 | processed |    time |    per 1M |           |   total | remaining 
INFO  12:56:54,787 ProgressMeter -        Location |     reads | elapsed |     reads | completed | runtime |   runtime 
INFO  12:56:54,811 BaseRecalibrator - The covariates being used here:  
INFO  12:56:54,811 BaseRecalibrator - 	ReadGroupCovariate 
INFO  12:56:54,811 BaseRecalibrator - 	QualityScoreCovariate 
INFO  12:56:54,812 BaseRecalibrator - 	ContextCovariate 
INFO  12:56:54,812 ContextCovariate - 		Context sizes: base substitution model 2, indel substitution model 3 
INFO  12:56:54,812 BaseRecalibrator - 	CycleCovariate 
INFO  12:56:54,813 ReadShardBalancer$1 - Loading BAM index data 
INFO  12:56:54,817 ReadShardBalancer$1 - Done loading BAM index data 
INFO  12:57:24,806 ProgressMeter -      1:53460993    300008.0    30.0 s     100.0 s        1.7%    29.3 m      28.8 m 
INFO  12:57:54,812 ProgressMeter -       2:7998419    920315.0    60.0 s      65.0 s        8.2%    12.2 m      11.2 m 
INFO  12:58:24,813 ProgressMeter -     2:167005583   1420330.0    90.0 s      63.0 s       13.3%    11.3 m       9.8 m 
INFO  12:58:54,894 ProgressMeter -     3:178928414   1858595.0   120.0 s      64.0 s       21.4%     9.3 m       7.3 m 
INFO  12:59:25,110 ProgressMeter -     4:191029127   2261096.0     2.5 m      66.0 s       28.1%     8.9 m       6.4 m 
INFO  12:59:55,361 ProgressMeter -      6:45898287   2750975.0     3.0 m      65.0 s       35.3%     8.5 m       5.5 m 
INFO  13:00:25,370 ProgressMeter -     7:128482933   3109043.0     3.5 m      67.0 s       43.4%     8.1 m       4.6 m 
INFO  13:00:55,371 ProgressMeter -     8:146279080   3620992.0     4.0 m      66.0 s       49.1%     8.2 m       4.2 m 
INFO  13:01:26,146 ProgressMeter -     9:141071795   4346469.0     4.5 m      62.0 s       53.6%     8.4 m       3.9 m 
INFO  13:01:56,172 ProgressMeter -     11:61548938   4709718.0     5.0 m      63.0 s       59.8%     8.4 m       3.4 m 
INFO  13:02:26,291 ProgressMeter -    12:131854461   5259774.0     5.5 m      63.0 s       66.4%     8.3 m       2.8 m 
INFO  13:02:56,296 ProgressMeter -    14:102510218   5727416.0     6.0 m      63.0 s       73.4%     8.2 m       2.2 m 
INFO  13:03:36,338 ProgressMeter -     15:93570211   6677458.0     6.7 m      60.0 s       76.5%     8.7 m       2.1 m 
INFO  13:04:06,853 ProgressMeter -     17:21307080   7295820.0     7.2 m      59.0 s       80.4%     9.0 m     105.0 s 
INFO  13:04:36,854 ProgressMeter -     18:56882160   7896364.0     7.7 m      58.0 s       84.1%     9.2 m      87.0 s 
INFO  13:05:06,858 ProgressMeter -     20:55572083   8510134.0     8.2 m      57.0 s       88.4%     9.3 m      64.0 s 
INFO  13:05:36,876 ProgressMeter -     X:110409037   9025942.0     8.7 m      57.0 s       95.3%     9.1 m      25.0 s 
INFO  13:05:53,247 BaseRecalibrator - Calculating quantized quality scores... 
INFO  13:05:53,289 BaseRecalibrator - Writing recalibration report... 
INFO  13:05:54,232 BaseRecalibrator - ...done! 
INFO  13:05:54,240 BaseRecalibrator - BaseRecalibrator was able to recalibrate 9437898 reads 
INFO  13:05:54,241 ProgressMeter -            done   9437911.0     9.0 m      57.0 s      100.0%     9.0 m       0.0 s 
INFO  13:05:54,241 ProgressMeter - Total runtime 539.45 secs, 8.99 min, 0.15 hours 
INFO  13:05:54,241 MicroScheduler - 2748034 reads were filtered out during the traversal out of approximately 12185945 total reads (22.55%) 
INFO  13:05:54,241 MicroScheduler -   -> 0 reads (0.00% of total) failing BadCigarFilter 
INFO  13:05:54,242 MicroScheduler -   -> 2077568 reads (17.05% of total) failing DuplicateReadFilter 
INFO  13:05:54,242 MicroScheduler -   -> 0 reads (0.00% of total) failing FailsVendorQualityCheckFilter 
INFO  13:05:54,242 MicroScheduler -   -> 0 reads (0.00% of total) failing MalformedReadFilter 
INFO  13:05:54,242 MicroScheduler -   -> 0 reads (0.00% of total) failing MappingQualityUnavailableFilter 
INFO  13:05:54,242 MicroScheduler -   -> 670466 reads (5.50% of total) failing MappingQualityZeroFilter 
INFO  13:05:54,242 MicroScheduler -   -> 0 reads (0.00% of total) failing NotPrimaryAlignmentFilter 
INFO  13:05:54,242 MicroScheduler -   -> 0 reads (0.00% of total) failing UnmappedReadFilter 
INFO  13:05:55,938 GATKRunReport - Uploaded run statistics report to AWS S3 
INFO  13:05:58,246 HelpFormatter - --------------------------------------------------------------------------------- 
INFO  13:05:58,247 HelpFormatter - The Genome Analysis Toolkit (GATK) v3.4-46-gbc02625, Compiled 2015/07/09 17:38:12 
INFO  13:05:58,247 HelpFormatter - Copyright (c) 2010 The Broad Institute 
INFO  13:05:58,248 HelpFormatter - For support and documentation go to http://www.broadinstitute.org/gatk 
INFO  13:05:58,250 HelpFormatter - Program Args: -T PrintReads -R /data/references/b37/human_g1k_v37_decoy.fasta -I Targeted_C_Normal.sorted.RGadded.marked.realigned.fixed.bam -BQSR Targeted_C_Normal.recal_data.grp -o Targeted_C_Normal.sorted.RGadded.marked.realigend.fixed.recal.bam 
INFO  13:05:58,251 HelpFormatter - Executing as mjcho@compgen on Linux 3.10.0-1160.el7.x86_64 amd64; Java HotSpot(TM) 64-Bit Server VM 1.8.0_144-b01. 
INFO  13:05:58,252 HelpFormatter - Date/Time: 2022/07/19 13:05:58 
INFO  13:05:58,252 HelpFormatter - --------------------------------------------------------------------------------- 
INFO  13:05:58,252 HelpFormatter - --------------------------------------------------------------------------------- 
INFO  13:05:59,094 GenomeAnalysisEngine - Strictness is SILENT 
INFO  13:06:00,586 GATKRunReport - Uploaded run statistics report to AWS S3 
##### ERROR ------------------------------------------------------------------------------------------
##### ERROR A USER ERROR has occurred (version 3.4-46-gbc02625): 
##### ERROR
##### ERROR This means that one or more arguments or inputs in your command are incorrect.
##### ERROR The error message below tells you what is the problem.
##### ERROR
##### ERROR If the problem is an invalid argument, please check the online documentation guide
##### ERROR (or rerun your command with --help) to view allowable command-line arguments for this tool.
##### ERROR
##### ERROR Visit our website and forum for extensive documentation and answers to 
##### ERROR commonly asked questions http://www.broadinstitute.org/gatk
##### ERROR
##### ERROR Please do NOT post this error to the GATK forum unless you have really tried to fix it yourself.
##### ERROR
##### ERROR MESSAGE: Couldn't read file /scratch/2022_summer_internship/mjcho/FCD_project/Targeted_C_Normal.recal_data.grp because it does not exist
##### ERROR ------------------------------------------------------------------------------------------
