INFO	2022-07-22 11:06:26	SortSam	

********** NOTE: Picard's command line syntax is changing.
**********
********** For more information, please see:
********** https://github.com/broadinstitute/picard/wiki/Command-Line-Syntax-Transition-For-Users-(Pre-Transition)
**********
********** The command line looks like this in the new syntax:
**********
**********    SortSam -SO coordinate -INPUT WES_B_Disease.bam -OUTPUT WES_B_Disease.sorted.bam -VALIDATION_STRINGENCY LENIENT -CREATE_INDEX true
**********


11:06:27.521 INFO  NativeLibraryLoader - Loading libgkl_compression.so from jar:file:/opt/biogrids/x86_64-linux/picard/2.26.10/bin/picard.jar!/com/intel/gkl/native/libgkl_compression.so
[Fri Jul 22 11:06:27 KST 2022] SortSam INPUT=WES_B_Disease.bam OUTPUT=WES_B_Disease.sorted.bam SORT_ORDER=coordinate VALIDATION_STRINGENCY=LENIENT CREATE_INDEX=true    VERBOSITY=INFO QUIET=false COMPRESSION_LEVEL=5 MAX_RECORDS_IN_RAM=500000 CREATE_MD5_FILE=false GA4GH_CLIENT_SECRETS=client_secrets.json USE_JDK_DEFLATER=false USE_JDK_INFLATER=false
[Fri Jul 22 11:06:27 KST 2022] Executing as mjcho@compgen on Linux 3.10.0-1160.el7.x86_64 amd64; OpenJDK 64-Bit Server VM 12.0.2+3; Deflater: Intel; Inflater: Intel; Provider GCS is not available; Picard version: 2.26.10
[Fri Jul 22 11:06:27 KST 2022] picard.sam.SortSam done. Elapsed time: 0.00 minutes.
Runtime.totalMemory()=275709952
To get help, see http://broadinstitute.github.io/picard/index.html#GettingHelp
Exception in thread "main" htsjdk.samtools.SAMException: Cannot read non-existent file: file:///scratch/2022_summer_internship/mjcho/FCD_project/preprocessing/WES_B_Disease.bam
	at htsjdk.samtools.util.IOUtil.assertFileIsReadable(IOUtil.java:498)
	at htsjdk.samtools.util.IOUtil.assertFileIsReadable(IOUtil.java:485)
	at picard.sam.SortSam.doWork(SortSam.java:152)
	at picard.cmdline.CommandLineProgram.instanceMain(CommandLineProgram.java:308)
	at picard.cmdline.PicardCommandLine.instanceMain(PicardCommandLine.java:103)
	at picard.cmdline.PicardCommandLine.main(PicardCommandLine.java:113)
INFO	2022-07-22 11:06:28	AddOrReplaceReadGroups	

********** NOTE: Picard's command line syntax is changing.
**********
********** For more information, please see:
********** https://github.com/broadinstitute/picard/wiki/Command-Line-Syntax-Transition-For-Users-(Pre-Transition)
**********
********** The command line looks like this in the new syntax:
**********
**********    AddOrReplaceReadGroups -INPUT WES_B_Disease.sorted.bam -OUTPUT WES_B_Disease.sorted.RGadded.bam -SORT_ORDER coordinate -RGLB WES_B_Disease -RGPL Illumina -RGPU Illumina -RGSM WES_B_Disease -CREATE_INDEX true -VALIDATION_STRINGENCY LENIENT
**********


11:06:28.997 INFO  NativeLibraryLoader - Loading libgkl_compression.so from jar:file:/opt/biogrids/x86_64-linux/picard/2.26.10/bin/picard.jar!/com/intel/gkl/native/libgkl_compression.so
[Fri Jul 22 11:06:29 KST 2022] AddOrReplaceReadGroups INPUT=WES_B_Disease.sorted.bam OUTPUT=WES_B_Disease.sorted.RGadded.bam SORT_ORDER=coordinate RGLB=WES_B_Disease RGPL=Illumina RGPU=Illumina RGSM=WES_B_Disease VALIDATION_STRINGENCY=LENIENT CREATE_INDEX=true    RGID=1 VERBOSITY=INFO QUIET=false COMPRESSION_LEVEL=5 MAX_RECORDS_IN_RAM=500000 CREATE_MD5_FILE=false GA4GH_CLIENT_SECRETS=client_secrets.json USE_JDK_DEFLATER=false USE_JDK_INFLATER=false
[Fri Jul 22 11:06:29 KST 2022] Executing as mjcho@compgen on Linux 3.10.0-1160.el7.x86_64 amd64; OpenJDK 64-Bit Server VM 12.0.2+3; Deflater: Intel; Inflater: Intel; Provider GCS is not available; Picard version: 2.26.10
[Fri Jul 22 11:06:29 KST 2022] picard.sam.AddOrReplaceReadGroups done. Elapsed time: 0.00 minutes.
Runtime.totalMemory()=275709952
To get help, see http://broadinstitute.github.io/picard/index.html#GettingHelp
Exception in thread "main" htsjdk.samtools.SAMException: Cannot read non-existent file: file:///scratch/2022_summer_internship/mjcho/FCD_project/preprocessing/WES_B_Disease.sorted.bam
	at htsjdk.samtools.util.IOUtil.assertFileIsReadable(IOUtil.java:498)
	at htsjdk.samtools.util.IOUtil.assertFileIsReadable(IOUtil.java:485)
	at htsjdk.samtools.util.IOUtil.assertInputIsValid(IOUtil.java:461)
	at picard.sam.AddOrReplaceReadGroups.doWork(AddOrReplaceReadGroups.java:147)
	at picard.cmdline.CommandLineProgram.instanceMain(CommandLineProgram.java:308)
	at picard.cmdline.PicardCommandLine.instanceMain(PicardCommandLine.java:103)
	at picard.cmdline.PicardCommandLine.main(PicardCommandLine.java:113)
INFO	2022-07-22 11:06:29	MarkDuplicates	

********** NOTE: Picard's command line syntax is changing.
**********
********** For more information, please see:
********** https://github.com/broadinstitute/picard/wiki/Command-Line-Syntax-Transition-For-Users-(Pre-Transition)
**********
********** The command line looks like this in the new syntax:
**********
**********    MarkDuplicates -INPUT WES_B_Disease.sorted.RGadded.bam -OUTPUT WES_B_Disease.sorted.RGadded.marked.bam -METRICS_FILE metrics -CREATE_INDEX true -VALIDATION_STRINGENCY LENIENT
**********


11:06:30.311 INFO  NativeLibraryLoader - Loading libgkl_compression.so from jar:file:/opt/biogrids/x86_64-linux/picard/2.26.10/bin/picard.jar!/com/intel/gkl/native/libgkl_compression.so
[Fri Jul 22 11:06:30 KST 2022] MarkDuplicates INPUT=[WES_B_Disease.sorted.RGadded.bam] OUTPUT=WES_B_Disease.sorted.RGadded.marked.bam METRICS_FILE=metrics VALIDATION_STRINGENCY=LENIENT CREATE_INDEX=true    MAX_SEQUENCES_FOR_DISK_READ_ENDS_MAP=50000 MAX_FILE_HANDLES_FOR_READ_ENDS_MAP=8000 SORTING_COLLECTION_SIZE_RATIO=0.25 TAG_DUPLICATE_SET_MEMBERS=false REMOVE_SEQUENCING_DUPLICATES=false TAGGING_POLICY=DontTag CLEAR_DT=true DUPLEX_UMI=false ADD_PG_TAG_TO_READS=true REMOVE_DUPLICATES=false ASSUME_SORTED=false DUPLICATE_SCORING_STRATEGY=SUM_OF_BASE_QUALITIES PROGRAM_RECORD_ID=MarkDuplicates PROGRAM_GROUP_NAME=MarkDuplicates READ_NAME_REGEX=<optimized capture of last three ':' separated fields as numeric values> OPTICAL_DUPLICATE_PIXEL_DISTANCE=100 MAX_OPTICAL_DUPLICATE_SET_SIZE=300000 VERBOSITY=INFO QUIET=false COMPRESSION_LEVEL=5 MAX_RECORDS_IN_RAM=500000 CREATE_MD5_FILE=false GA4GH_CLIENT_SECRETS=client_secrets.json USE_JDK_DEFLATER=false USE_JDK_INFLATER=false
[Fri Jul 22 11:06:30 KST 2022] Executing as mjcho@compgen on Linux 3.10.0-1160.el7.x86_64 amd64; OpenJDK 64-Bit Server VM 12.0.2+3; Deflater: Intel; Inflater: Intel; Provider GCS is not available; Picard version: 2.26.10
[Fri Jul 22 11:06:30 KST 2022] picard.sam.markduplicates.MarkDuplicates done. Elapsed time: 0.00 minutes.
Runtime.totalMemory()=275709952
To get help, see http://broadinstitute.github.io/picard/index.html#GettingHelp
Exception in thread "main" htsjdk.samtools.SAMException: Cannot read non-existent file: file:///scratch/2022_summer_internship/mjcho/FCD_project/preprocessing/WES_B_Disease.sorted.RGadded.bam
	at htsjdk.samtools.util.IOUtil.assertFileIsReadable(IOUtil.java:498)
	at htsjdk.samtools.util.IOUtil.assertFileIsReadable(IOUtil.java:485)
	at htsjdk.samtools.util.IOUtil.assertInputIsValid(IOUtil.java:461)
	at htsjdk.samtools.util.IOUtil.assertInputsAreValid(IOUtil.java:537)
	at picard.sam.markduplicates.MarkDuplicates.doWork(MarkDuplicates.java:250)
	at picard.cmdline.CommandLineProgram.instanceMain(CommandLineProgram.java:308)
	at picard.cmdline.PicardCommandLine.instanceMain(PicardCommandLine.java:103)
	at picard.cmdline.PicardCommandLine.main(PicardCommandLine.java:113)
INFO  11:06:32,673 HelpFormatter - --------------------------------------------------------------------------------- 
INFO  11:06:32,675 HelpFormatter - The Genome Analysis Toolkit (GATK) v3.4-46-gbc02625, Compiled 2015/07/09 17:38:12 
INFO  11:06:32,682 HelpFormatter - Copyright (c) 2010 The Broad Institute 
INFO  11:06:32,682 HelpFormatter - For support and documentation go to http://www.broadinstitute.org/gatk 
INFO  11:06:32,684 HelpFormatter - Program Args: -T RealignerTargetCreator -R /data/references/b37/human_g1k_v37_decoy.fasta -o WES_B_Disease.sorted.RGadded.marked.bam.list -I WES_B_Disease.sorted.RGadded.marked.bam -dt NONE -nt 8 
INFO  11:06:32,686 HelpFormatter - Executing as mjcho@compgen on Linux 3.10.0-1160.el7.x86_64 amd64; Java HotSpot(TM) 64-Bit Server VM 1.8.0_144-b01. 
INFO  11:06:32,686 HelpFormatter - Date/Time: 2022/07/22 11:06:32 
INFO  11:06:32,686 HelpFormatter - --------------------------------------------------------------------------------- 
INFO  11:06:32,687 HelpFormatter - --------------------------------------------------------------------------------- 
INFO  11:06:33,347 GenomeAnalysisEngine - Strictness is SILENT 
INFO  11:06:33,450 GenomeAnalysisEngine - Downsampling Settings: No downsampling 
INFO  11:06:33,462 SAMDataSource$SAMReaders - Initializing SAMRecords in serial 
INFO  11:06:34,855 GATKRunReport - Uploaded run statistics report to AWS S3 
##### ERROR ------------------------------------------------------------------------------------------
##### ERROR A USER ERROR has occurred (version 3.4-46-gbc02625): 
##### ERROR
##### ERROR This means that one or more arguments or inputs in your command are incorrect.
##### ERROR The error message below tells you what is the problem.
##### ERROR
##### ERROR If the problem is an invalid argument, please check the online documentation guide
##### ERROR (or rerun your command with --help) to view allowable command-line arguments for this tool.
##### ERROR
##### ERROR Visit our website and forum for extensive documentation and answers to 
##### ERROR commonly asked questions http://www.broadinstitute.org/gatk
##### ERROR
##### ERROR Please do NOT post this error to the GATK forum unless you have really tried to fix it yourself.
##### ERROR
##### ERROR MESSAGE: Couldn't read file /scratch/2022_summer_internship/mjcho/FCD_project/preprocessing/WES_B_Disease.sorted.RGadded.marked.bam because java.io.FileNotFoundException: WES_B_Disease.sorted.RGadded.marked.bam (No such file or directory)
##### ERROR ------------------------------------------------------------------------------------------
INFO  11:06:37,176 HelpFormatter - --------------------------------------------------------------------------------- 
INFO  11:06:37,177 HelpFormatter - The Genome Analysis Toolkit (GATK) v3.4-46-gbc02625, Compiled 2015/07/09 17:38:12 
INFO  11:06:37,177 HelpFormatter - Copyright (c) 2010 The Broad Institute 
INFO  11:06:37,177 HelpFormatter - For support and documentation go to http://www.broadinstitute.org/gatk 
INFO  11:06:37,179 HelpFormatter - Program Args: -I WES_B_Disease.sorted.RGadded.marked.bam -R /data/references/b37/human_g1k_v37_decoy.fasta -T IndelRealigner -targetIntervals WES_B_Disease.sorted.RGadded.marked.bam.list -o WES_B_Disease.sorted.RGadded.marked.realigned.bam --maxReadsForRealignment 300000 
INFO  11:06:37,181 HelpFormatter - Executing as mjcho@compgen on Linux 3.10.0-1160.el7.x86_64 amd64; Java HotSpot(TM) 64-Bit Server VM 1.8.0_144-b01. 
INFO  11:06:37,181 HelpFormatter - Date/Time: 2022/07/22 11:06:37 
INFO  11:06:37,181 HelpFormatter - --------------------------------------------------------------------------------- 
INFO  11:06:37,181 HelpFormatter - --------------------------------------------------------------------------------- 
INFO  11:06:37,992 GenomeAnalysisEngine - Strictness is SILENT 
INFO  11:06:38,044 GenomeAnalysisEngine - Downsampling Settings: No downsampling 
INFO  11:06:38,056 SAMDataSource$SAMReaders - Initializing SAMRecords in serial 
INFO  11:06:39,556 GATKRunReport - Uploaded run statistics report to AWS S3 
##### ERROR ------------------------------------------------------------------------------------------
##### ERROR A USER ERROR has occurred (version 3.4-46-gbc02625): 
##### ERROR
##### ERROR This means that one or more arguments or inputs in your command are incorrect.
##### ERROR The error message below tells you what is the problem.
##### ERROR
##### ERROR If the problem is an invalid argument, please check the online documentation guide
##### ERROR (or rerun your command with --help) to view allowable command-line arguments for this tool.
##### ERROR
##### ERROR Visit our website and forum for extensive documentation and answers to 
##### ERROR commonly asked questions http://www.broadinstitute.org/gatk
##### ERROR
##### ERROR Please do NOT post this error to the GATK forum unless you have really tried to fix it yourself.
##### ERROR
##### ERROR MESSAGE: Couldn't read file /scratch/2022_summer_internship/mjcho/FCD_project/preprocessing/WES_B_Disease.sorted.RGadded.marked.bam because java.io.FileNotFoundException: WES_B_Disease.sorted.RGadded.marked.bam (No such file or directory)
##### ERROR ------------------------------------------------------------------------------------------
INFO	2022-07-22 11:06:40	FixMateInformation	

********** NOTE: Picard's command line syntax is changing.
**********
********** For more information, please see:
********** https://github.com/broadinstitute/picard/wiki/Command-Line-Syntax-Transition-For-Users-(Pre-Transition)
**********
********** The command line looks like this in the new syntax:
**********
**********    FixMateInformation -INPUT WES_B_Disease.sorted.RGadded.marked.realigned.bam -OUTPUT WES_B_Disease.sorted.RGadded.marked.realigned.fixed.bam -SO coordinate -VALIDATION_STRINGENCY LENIENT -CREATE_INDEX true
**********


11:06:40.833 INFO  NativeLibraryLoader - Loading libgkl_compression.so from jar:file:/opt/biogrids/x86_64-linux/picard/2.26.10/bin/picard.jar!/com/intel/gkl/native/libgkl_compression.so
[Fri Jul 22 11:06:40 KST 2022] FixMateInformation INPUT=[WES_B_Disease.sorted.RGadded.marked.realigned.bam] OUTPUT=WES_B_Disease.sorted.RGadded.marked.realigned.fixed.bam SORT_ORDER=coordinate VALIDATION_STRINGENCY=LENIENT CREATE_INDEX=true    ASSUME_SORTED=false ADD_MATE_CIGAR=true IGNORE_MISSING_MATES=true VERBOSITY=INFO QUIET=false COMPRESSION_LEVEL=5 MAX_RECORDS_IN_RAM=500000 CREATE_MD5_FILE=false GA4GH_CLIENT_SECRETS=client_secrets.json USE_JDK_DEFLATER=false USE_JDK_INFLATER=false
[Fri Jul 22 11:06:40 KST 2022] Executing as mjcho@compgen on Linux 3.10.0-1160.el7.x86_64 amd64; OpenJDK 64-Bit Server VM 12.0.2+3; Deflater: Intel; Inflater: Intel; Provider GCS is not available; Picard version: 2.26.10
[Fri Jul 22 11:06:40 KST 2022] picard.sam.FixMateInformation done. Elapsed time: 0.00 minutes.
Runtime.totalMemory()=275709952
To get help, see http://broadinstitute.github.io/picard/index.html#GettingHelp
Exception in thread "main" htsjdk.samtools.SAMException: Cannot read non-existent file: file:///scratch/2022_summer_internship/mjcho/FCD_project/preprocessing/WES_B_Disease.sorted.RGadded.marked.realigned.bam
	at htsjdk.samtools.util.IOUtil.assertFileIsReadable(IOUtil.java:498)
	at htsjdk.samtools.util.IOUtil.assertFileIsReadable(IOUtil.java:485)
	at picard.sam.FixMateInformation.doWork(FixMateInformation.java:136)
	at picard.cmdline.CommandLineProgram.instanceMain(CommandLineProgram.java:308)
	at picard.cmdline.PicardCommandLine.instanceMain(PicardCommandLine.java:103)
	at picard.cmdline.PicardCommandLine.main(PicardCommandLine.java:113)
INFO  11:06:42,959 HelpFormatter - --------------------------------------------------------------------------------- 
INFO  11:06:42,960 HelpFormatter - The Genome Analysis Toolkit (GATK) v3.4-46-gbc02625, Compiled 2015/07/09 17:38:12 
INFO  11:06:42,971 HelpFormatter - Copyright (c) 2010 The Broad Institute 
INFO  11:06:42,971 HelpFormatter - For support and documentation go to http://www.broadinstitute.org/gatk 
INFO  11:06:42,973 HelpFormatter - Program Args: -T BaseRecalibrator -R /data/references/b37/human_g1k_v37_decoy.fasta -I WES_B_Disease.sorted.RGadded.marked.realigned.fixed.bam --knownSites /data/references/b37/dbsnp_147_b37_common_all_20160601.vcf -o WES_B_Disease.recal_data.grp 
INFO  11:06:42,975 HelpFormatter - Executing as mjcho@compgen on Linux 3.10.0-1160.el7.x86_64 amd64; Java HotSpot(TM) 64-Bit Server VM 1.8.0_144-b01. 
INFO  11:06:42,975 HelpFormatter - Date/Time: 2022/07/22 11:06:42 
INFO  11:06:42,976 HelpFormatter - --------------------------------------------------------------------------------- 
INFO  11:06:42,976 HelpFormatter - --------------------------------------------------------------------------------- 
INFO  11:06:43,687 GenomeAnalysisEngine - Strictness is SILENT 
INFO  11:06:43,775 GenomeAnalysisEngine - Downsampling Settings: No downsampling 
INFO  11:06:43,780 SAMDataSource$SAMReaders - Initializing SAMRecords in serial 
INFO  11:06:45,188 GATKRunReport - Uploaded run statistics report to AWS S3 
##### ERROR ------------------------------------------------------------------------------------------
##### ERROR A USER ERROR has occurred (version 3.4-46-gbc02625): 
##### ERROR
##### ERROR This means that one or more arguments or inputs in your command are incorrect.
##### ERROR The error message below tells you what is the problem.
##### ERROR
##### ERROR If the problem is an invalid argument, please check the online documentation guide
##### ERROR (or rerun your command with --help) to view allowable command-line arguments for this tool.
##### ERROR
##### ERROR Visit our website and forum for extensive documentation and answers to 
##### ERROR commonly asked questions http://www.broadinstitute.org/gatk
##### ERROR
##### ERROR Please do NOT post this error to the GATK forum unless you have really tried to fix it yourself.
##### ERROR
##### ERROR MESSAGE: Couldn't read file /scratch/2022_summer_internship/mjcho/FCD_project/preprocessing/WES_B_Disease.sorted.RGadded.marked.realigned.fixed.bam because java.io.FileNotFoundException: WES_B_Disease.sorted.RGadded.marked.realigned.fixed.bam (No such file or directory)
##### ERROR ------------------------------------------------------------------------------------------
INFO  11:06:47,344 HelpFormatter - --------------------------------------------------------------------------------- 
INFO  11:06:47,345 HelpFormatter - The Genome Analysis Toolkit (GATK) v3.4-46-gbc02625, Compiled 2015/07/09 17:38:12 
INFO  11:06:47,345 HelpFormatter - Copyright (c) 2010 The Broad Institute 
INFO  11:06:47,345 HelpFormatter - For support and documentation go to http://www.broadinstitute.org/gatk 
INFO  11:06:47,347 HelpFormatter - Program Args: -T PrintReads -R /data/references/b37/human_g1k_v37_decoy.fasta -I WES_B_Disease.sorted.RGadded.marked.realigned.fixed.bam -BQSR WES_B_Disease.recal_data.grp -o WES_B_Disease.sorted.RGadded.marked.realigend.fixed.recal.bam 
INFO  11:06:47,353 HelpFormatter - Executing as mjcho@compgen on Linux 3.10.0-1160.el7.x86_64 amd64; Java HotSpot(TM) 64-Bit Server VM 1.8.0_144-b01. 
INFO  11:06:47,354 HelpFormatter - Date/Time: 2022/07/22 11:06:47 
INFO  11:06:47,354 HelpFormatter - --------------------------------------------------------------------------------- 
INFO  11:06:47,354 HelpFormatter - --------------------------------------------------------------------------------- 
INFO  11:06:48,164 GenomeAnalysisEngine - Strictness is SILENT 
INFO  11:06:49,743 GATKRunReport - Uploaded run statistics report to AWS S3 
##### ERROR ------------------------------------------------------------------------------------------
##### ERROR A USER ERROR has occurred (version 3.4-46-gbc02625): 
##### ERROR
##### ERROR This means that one or more arguments or inputs in your command are incorrect.
##### ERROR The error message below tells you what is the problem.
##### ERROR
##### ERROR If the problem is an invalid argument, please check the online documentation guide
##### ERROR (or rerun your command with --help) to view allowable command-line arguments for this tool.
##### ERROR
##### ERROR Visit our website and forum for extensive documentation and answers to 
##### ERROR commonly asked questions http://www.broadinstitute.org/gatk
##### ERROR
##### ERROR Please do NOT post this error to the GATK forum unless you have really tried to fix it yourself.
##### ERROR
##### ERROR MESSAGE: Couldn't read file /scratch/2022_summer_internship/mjcho/FCD_project/preprocessing/WES_B_Disease.recal_data.grp because it does not exist
##### ERROR ------------------------------------------------------------------------------------------
